#
# There is insufficient memory for the Java Runtime Environment to continue.
# Native memory allocation (mmap) failed to map 67108864 bytes for Failed to commit area from 0x000000008dc00000 to 0x0000000091c00000 of length 67108864.
# Possible reasons:
#   The system is out of physical RAM or swap space
#   The process is running with CompressedOops enabled, and the Java Heap may be blocking the growth of the native heap
# Possible solutions:
#   Reduce memory load on the system
#   Increase physical memory or swap space
#   Check if swap backing store is full
#   Decrease Java heap size (-Xmx/-Xms)
#   Decrease number of Java threads
#   Decrease Java thread stack sizes (-Xss)
#   Set larger code cache with -XX:ReservedCodeCacheSize=
#   JVM is running with Unscaled Compressed Oops mode in which the Java heap is
#     placed in the first 4GB address space. The Java Heap base address is the
#     maximum limit for the native heap growth. Please use -XX:HeapBaseMinAddress
#     to set the Java Heap base and to place the Java Heap above 4GB virtual address.
# This output file may be truncated or incomplete.
#
#  Out of Memory Error (./src/hotspot/os/windows/os_windows.cpp:3303), pid=1732, tid=18784
#
# JRE version: OpenJDK Runtime Environment (11.0.8+10) (build 11.0.8+10-b944.6842174)
# Java VM: OpenJDK 64-Bit Server VM (11.0.8+10-b944.6842174, mixed mode, tiered, compressed oops, g1 gc, windows-amd64)
# No core dump will be written. Minidumps are not enabled by default on client versions of Windows
#

---------------  S U M M A R Y ------------

Command Line: --add-opens=java.base/java.util=ALL-UNNAMED --add-opens=java.base/java.lang=ALL-UNNAMED --add-opens=java.base/java.lang.invoke=ALL-UNNAMED --add-opens=java.prefs/java.util.prefs=ALL-UNNAMED -Xmx2048m -Dfile.encoding=UTF-8 -Duser.country=ID -Duser.language=en -Duser.variant org.gradle.launcher.daemon.bootstrap.GradleDaemon 6.7.1

Host: 11th Gen Intel(R) Core(TM) i5-1135G7 @ 2.40GHz, 8 cores, 7G,  Windows 10 , 64 bit Build 19041 (10.0.19041.1566)
Time: Tue Mar 22 14:43:02 2022 SE Asia Standard Time elapsed time: 8 seconds (0d 0h 0m 8s)

---------------  T H R E A D  ---------------

Current thread (0x0000013f3218e000):  VMThread "VM Thread" [stack: 0x000000301ce00000,0x000000301cf00000] [id=18784]

Stack: [0x000000301ce00000,0x000000301cf00000]
[error occurred during error reporting (printing stack bounds), id 0xc0000005, EXCEPTION_ACCESS_VIOLATION (0xc0000005) at pc=0x0000013f1b820f67]

Native frames: (J=compiled Java code, j=interpreted, Vv=VM code, C=native code)
V  [jvm.dll+0x5de50a]
V  [jvm.dll+0x7122f5]
V  [jvm.dll+0x71384d]
V  [jvm.dll+0x713e65]
V  [jvm.dll+0x713e1b]
V  [jvm.dll+0x5dd958]
V  [jvm.dll+0x5de0f8]
C  [ntdll.dll+0xa20cf]
C  [ntdll.dll+0x51454]
C  [ntdll.dll+0xa0bfe]
C  0x0000013f1b820f67

VM_Operation (0x000000301ddff060): G1CollectForAllocation, mode: safepoint, requested by thread 0x0000013f34a4f800


---------------  P R O C E S S  ---------------

Threads class SMR info:
_java_thread_list=0x0000013f3a5faaf0, length=168, elements={
0x0000013f17e9e800, 0x0000013f32190000, 0x0000013f3219b800, 0x0000013f32b12800,
0x0000013f321aa800, 0x0000013f321ae800, 0x0000013f321b4800, 0x0000013f321b8800,
0x0000013f32c86800, 0x0000013f32c99800, 0x0000013f3303d000, 0x0000013f344d3000,
0x0000013f34a4f800, 0x0000013f34fe5800, 0x0000013f34b9d000, 0x0000013f34073000,
0x0000013f3586e000, 0x0000013f35431000, 0x0000013f34896800, 0x0000013f34271800,
0x0000013f34351800, 0x0000013f3505f800, 0x0000013f351a0000, 0x0000013f351a1000,
0x0000013f3519d800, 0x0000013f3519e800, 0x0000013f3519f800, 0x0000013f351a2000,
0x0000013f351a2800, 0x0000013f3519d000, 0x0000013f351a3800, 0x0000013f366e5000,
0x0000013f366e8000, 0x0000013f366e5800, 0x0000013f366e6800, 0x0000013f366e2800,
0x0000013f366ec000, 0x0000013f366ed000, 0x0000013f366ee000, 0x0000013f366ee800,
0x0000013f366eb800, 0x0000013f366e9000, 0x0000013f366ef800, 0x0000013f366ea800,
0x0000013f366ea000, 0x0000013f366f0800, 0x0000013f366f1000, 0x0000013f365bc000,
0x0000013f365bd000, 0x0000013f365ba800, 0x0000013f365b7000, 0x0000013f365bb000,
0x0000013f365bd800, 0x0000013f365b8000, 0x0000013f365b9800, 0x0000013f365be800,
0x0000013f365b8800, 0x0000013f365c2800, 0x0000013f365c3800, 0x0000013f365c1000,
0x0000013f365bf000, 0x0000013f365c6000, 0x0000013f365c0000, 0x0000013f365c1800,
0x0000013f365c4000, 0x0000013f365c5000, 0x0000013f385fe800, 0x0000013f385fd000,
0x0000013f385fc800, 0x0000013f385fe000, 0x0000013f385ff800, 0x0000013f38600800,
0x0000013f38601000, 0x0000013f385fb800, 0x0000013f38607800, 0x0000013f38607000,
0x0000013f38602000, 0x0000013f38604800, 0x0000013f38603000, 0x0000013f38608800,
0x0000013f38609800, 0x0000013f38606000, 0x0000013f38603800, 0x0000013f3860a000,
0x0000013f38605000, 0x0000013f38ac9000, 0x0000013f38ac8000, 0x0000013f38acc000,
0x0000013f38ace000, 0x0000013f38ace800, 0x0000013f38acf800, 0x0000013f38aca800,
0x0000013f38aca000, 0x0000013f38acd000, 0x0000013f38ad0800, 0x0000013f38ad1000,
0x0000013f38acb800, 0x0000013f38ad3000, 0x0000013f38ad3800, 0x0000013f38ad2000,
0x0000013f38ad5000, 0x0000013f38ad7000, 0x0000013f38ad4800, 0x0000013f38ad6000,
0x0000013f38b46800, 0x0000013f38b45000, 0x0000013f38b49000, 0x0000013f38b46000,
0x0000013f38b48000, 0x0000013f38b43800, 0x0000013f38b4a000, 0x0000013f38b44000,
0x0000013f38b4b800, 0x0000013f38b4a800, 0x0000013f38b4c800, 0x0000013f38b4d000,
0x0000013f38b47800, 0x0000013f38b4e000, 0x0000013f38b4e800, 0x0000013f38b4f800,
0x0000013f38b50800, 0x0000013f38b51000, 0x0000013f38b52000, 0x0000013f385df000,
0x0000013f385e5800, 0x0000013f385e0000, 0x0000013f385e4000, 0x0000013f385e5000,
0x0000013f385e6800, 0x0000013f385e1000, 0x0000013f385e3800, 0x0000013f385e7800,
0x0000013f385e1800, 0x0000013f385e8000, 0x0000013f385e2800, 0x0000013f385ea000,
0x0000013f385ea800, 0x0000013f385ec000, 0x0000013f385eb800, 0x0000013f385e9000,
0x0000013f385ed000, 0x0000013f385ee000, 0x0000013f383f6800, 0x0000013f383f7800,
0x0000013f383f8000, 0x0000013f383f5000, 0x0000013f383f6000, 0x0000013f383f9000,
0x0000013f383fa000, 0x0000013f383f4000, 0x0000013f383fb800, 0x0000013f383fe000,
0x0000013f38400800, 0x0000013f383ff800, 0x0000013f383fe800, 0x0000013f383fa800,
0x0000013f38401000, 0x0000013f38402000, 0x0000013f38403000, 0x0000013f383fd000,
0x0000013f3a581000, 0x0000013f3a586000, 0x0000013f3a586800, 0x0000013f3a584000,
0x0000013f3a587800, 0x0000013f3a581800, 0x0000013f3a582800, 0x0000013f3a589000
}

Java Threads: ( => current thread )
  0x0000013f17e9e800 JavaThread "main" [_thread_blocked, id=10424, stack(0x000000301c800000,0x000000301c900000)]
  0x0000013f32190000 JavaThread "Reference Handler" daemon [_thread_blocked, id=4756, stack(0x000000301cf00000,0x000000301d000000)]
  0x0000013f3219b800 JavaThread "Finalizer" daemon [_thread_blocked, id=16588, stack(0x000000301d000000,0x000000301d100000)]
  0x0000013f32b12800 JavaThread "Signal Dispatcher" daemon [_thread_blocked, id=17028, stack(0x000000301d100000,0x000000301d200000)]
  0x0000013f321aa800 JavaThread "Attach Listener" daemon [_thread_blocked, id=18064, stack(0x000000301d200000,0x000000301d300000)]
  0x0000013f321ae800 JavaThread "C2 CompilerThread0" daemon [_thread_blocked, id=2384, stack(0x000000301d300000,0x000000301d400000)]
  0x0000013f321b4800 JavaThread "C1 CompilerThread0" daemon [_thread_blocked, id=16236, stack(0x000000301d400000,0x000000301d500000)]
  0x0000013f321b8800 JavaThread "Sweeper thread" daemon [_thread_blocked, id=15992, stack(0x000000301d500000,0x000000301d600000)]
  0x0000013f32c86800 JavaThread "Common-Cleaner" daemon [_thread_blocked, id=5256, stack(0x000000301d600000,0x000000301d700000)]
  0x0000013f32c99800 JavaThread "Service Thread" daemon [_thread_blocked, id=19292, stack(0x000000301d700000,0x000000301d800000)]
  0x0000013f3303d000 JavaThread "C2 CompilerThread1" daemon [_thread_in_native, id=8436, stack(0x000000301d900000,0x000000301da00000)]
  0x0000013f344d3000 JavaThread "C2 CompilerThread2" daemon [_thread_blocked, id=8708, stack(0x000000301dc00000,0x000000301dd00000)]
  0x0000013f34a4f800 JavaThread "Daemon health stats" [_thread_blocked, id=11008, stack(0x000000301dd00000,0x000000301de00000)]
  0x0000013f34fe5800 JavaThread "Incoming local TCP Connector on port 63914" [_thread_in_native, id=16692, stack(0x000000301e000000,0x000000301e100000)]
  0x0000013f34b9d000 JavaThread "Daemon periodic checks" [_thread_blocked, id=10388, stack(0x000000301e100000,0x000000301e200000)]
  0x0000013f34073000 JavaThread "Daemon" [_thread_blocked, id=4812, stack(0x000000301e200000,0x000000301e300000)]
  0x0000013f3586e000 JavaThread "Handler for socket connection from /127.0.0.1:63914 to /127.0.0.1:63915" [_thread_in_native, id=18376, stack(0x000000301e300000,0x000000301e400000)]
  0x0000013f35431000 JavaThread "Cancel handler" [_thread_blocked, id=15512, stack(0x000000301e400000,0x000000301e500000)]
  0x0000013f34896800 JavaThread "Daemon worker" [_thread_blocked, id=18900, stack(0x000000301e500000,0x000000301e600000)]
  0x0000013f34271800 JavaThread "Asynchronous log dispatcher for DefaultDaemonConnection: socket connection from /127.0.0.1:63914 to /127.0.0.1:63915" [_thread_blocked, id=10780, stack(0x000000301e600000,0x000000301e700000)]
  0x0000013f34351800 JavaThread "Stdin handler" [_thread_blocked, id=11840, stack(0x000000301e700000,0x000000301e800000)]
  0x0000013f3505f800 JavaThread "Thread-8" [_thread_blocked, id=14004, stack(0x000000301e800000,0x000000301e900000)]
  0x0000013f351a0000 JavaThread "Cache worker for file hash cache (C:\Users\EdyPo\.gradle\caches\6.7.1\fileHashes)" [_thread_blocked, id=10664, stack(0x000000301ee00000,0x000000301ef00000)]
  0x0000013f351a1000 JavaThread "File lock request listener" [_thread_in_native, id=18968, stack(0x000000301ef00000,0x000000301f000000)]
  0x0000013f3519d800 JavaThread "Cache worker for journal cache (C:\Users\EdyPo\.gradle\caches\journal-1)" [_thread_blocked, id=8116, stack(0x000000301f100000,0x000000301f200000)]
  0x0000013f3519e800 JavaThread "Cache worker for file hash cache (V:\Tugas\X\android\RestaurantReview\.gradle\6.7.1\fileHashes)" [_thread_blocked, id=13412, stack(0x000000301f200000,0x000000301f300000)]
  0x0000013f3519f800 JavaThread "Cache worker for checksums cache (V:\Tugas\X\android\RestaurantReview\.gradle\checksums)" [_thread_blocked, id=19044, stack(0x000000301f300000,0x000000301f400000)]
  0x0000013f351a2000 JavaThread "Cache worker for cache directory md-supplier (C:\Users\EdyPo\.gradle\caches\6.7.1\md-supplier)" [_thread_blocked, id=19128, stack(0x000000301f400000,0x000000301f500000)]
  0x0000013f351a2800 JavaThread "Cache worker for cache directory md-rule (C:\Users\EdyPo\.gradle\caches\6.7.1\md-rule)" [_thread_blocked, id=9944, stack(0x000000301f500000,0x000000301f600000)]
  0x0000013f3519d000 JavaThread "Cache worker for execution history cache (C:\Users\EdyPo\.gradle\caches\6.7.1\executionHistory)" [_thread_blocked, id=9528, stack(0x000000301f600000,0x000000301f700000)]
  0x0000013f351a3800 JavaThread "jar transforms" [_thread_blocked, id=18920, stack(0x000000301f700000,0x000000301f800000)]
  0x0000013f366e5000 JavaThread "Cache worker for file content cache (C:\Users\EdyPo\.gradle\caches\6.7.1\fileContent)" [_thread_blocked, id=11168, stack(0x000000301f800000,0x000000301f900000)]
  0x0000013f366e8000 JavaThread "Cache worker for Build Output Cleanup Cache (V:\Tugas\X\android\RestaurantReview\.gradle\buildOutputCleanup)" [_thread_blocked, id=13988, stack(0x000000301f900000,0x000000301fa00000)]
  0x0000013f366e5800 JavaThread "Build operations" [_thread_blocked, id=19444, stack(0x000000301fa00000,0x000000301fb00000)]
  0x0000013f366e6800 JavaThread "Build operations Thread 2" [_thread_blocked, id=19080, stack(0x000000301fb00000,0x000000301fc00000)]
  0x0000013f366e2800 JavaThread "Build operations Thread 3" [_thread_blocked, id=3568, stack(0x000000301fc00000,0x000000301fd00000)]
  0x0000013f366ec000 JavaThread "Build operations Thread 4" [_thread_blocked, id=18724, stack(0x000000301fd00000,0x000000301fe00000)]
  0x0000013f366ed000 JavaThread "Build operations Thread 5" [_thread_blocked, id=18572, stack(0x000000301fe00000,0x000000301ff00000)]
  0x0000013f366ee000 JavaThread "Build operations Thread 6" [_thread_blocked, id=18440, stack(0x000000301ff00000,0x0000003020000000)]
  0x0000013f366ee800 JavaThread "Build operations Thread 7" [_thread_blocked, id=15224, stack(0x0000003020000000,0x0000003020100000)]
  0x0000013f366eb800 JavaThread "Build operations Thread 8" [_thread_blocked, id=18696, stack(0x0000003020100000,0x0000003020200000)]
  0x0000013f366e9000 JavaThread "jar transforms Thread 2" [_thread_blocked, id=8604, stack(0x0000003020200000,0x0000003020300000)]
  0x0000013f366ef800 JavaThread "jar transforms Thread 3" [_thread_blocked, id=18492, stack(0x0000003020300000,0x0000003020400000)]
  0x0000013f366ea800 JavaThread "jar transforms Thread 4" [_thread_blocked, id=16496, stack(0x0000003020400000,0x0000003020500000)]
  0x0000013f366ea000 JavaThread "jar transforms Thread 5" [_thread_blocked, id=14624, stack(0x0000003020500000,0x0000003020600000)]
  0x0000013f366f0800 JavaThread "jar transforms Thread 6" [_thread_blocked, id=2476, stack(0x0000003020600000,0x0000003020700000)]
  0x0000013f366f1000 JavaThread "jar transforms Thread 7" [_thread_blocked, id=19400, stack(0x0000003020700000,0x0000003020800000)]
  0x0000013f365bc000 JavaThread "jar transforms Thread 8" [_thread_blocked, id=18684, stack(0x0000003020800000,0x0000003020900000)]
  0x0000013f365bd000 JavaThread "jar transforms Thread 9" [_thread_blocked, id=12840, stack(0x0000003020900000,0x0000003020a00000)]
  0x0000013f365ba800 JavaThread "jar transforms Thread 10" [_thread_blocked, id=6172, stack(0x0000003020a00000,0x0000003020b00000)]
  0x0000013f365b7000 JavaThread "jar transforms Thread 11" [_thread_blocked, id=19256, stack(0x0000003020b00000,0x0000003020c00000)]
  0x0000013f365bb000 JavaThread "jar transforms Thread 12" [_thread_blocked, id=19204, stack(0x0000003020c00000,0x0000003020d00000)]
  0x0000013f365bd800 JavaThread "jar transforms Thread 13" [_thread_blocked, id=19384, stack(0x0000003020d00000,0x0000003020e00000)]
  0x0000013f365b8000 JavaThread "jar transforms Thread 14" [_thread_blocked, id=18632, stack(0x0000003020e00000,0x0000003020f00000)]
  0x0000013f365b9800 JavaThread "jar transforms Thread 15" [_thread_blocked, id=3744, stack(0x0000003020f00000,0x0000003021000000)]
  0x0000013f365be800 JavaThread "jar transforms Thread 16" [_thread_blocked, id=19120, stack(0x0000003021000000,0x0000003021100000)]
  0x0000013f365b8800 JavaThread "jar transforms Thread 17" [_thread_blocked, id=344, stack(0x0000003021100000,0x0000003021200000)]
  0x0000013f365c2800 JavaThread "jar transforms Thread 18" [_thread_blocked, id=13224, stack(0x0000003021200000,0x0000003021300000)]
  0x0000013f365c3800 JavaThread "jar transforms Thread 19" [_thread_blocked, id=4084, stack(0x0000003021300000,0x0000003021400000)]
  0x0000013f365c1000 JavaThread "jar transforms Thread 20" [_thread_blocked, id=6416, stack(0x0000003021400000,0x0000003021500000)]
  0x0000013f365bf000 JavaThread "jar transforms Thread 21" [_thread_blocked, id=16136, stack(0x0000003021500000,0x0000003021600000)]
  0x0000013f365c6000 JavaThread "jar transforms Thread 22" [_thread_blocked, id=13724, stack(0x0000003021600000,0x0000003021700000)]
  0x0000013f365c0000 JavaThread "jar transforms Thread 23" [_thread_blocked, id=3316, stack(0x0000003021700000,0x0000003021800000)]
  0x0000013f365c1800 JavaThread "jar transforms Thread 24" [_thread_blocked, id=3824, stack(0x0000003021800000,0x0000003021900000)]
  0x0000013f365c4000 JavaThread "jar transforms Thread 25" [_thread_blocked, id=19328, stack(0x0000003021900000,0x0000003021a00000)]
  0x0000013f365c5000 JavaThread "jar transforms Thread 26" [_thread_blocked, id=11340, stack(0x0000003021a00000,0x0000003021b00000)]
  0x0000013f385fe800 JavaThread "jar transforms Thread 27" [_thread_blocked, id=3572, stack(0x0000003021b00000,0x0000003021c00000)]
  0x0000013f385fd000 JavaThread "jar transforms Thread 28" [_thread_blocked, id=10704, stack(0x0000003021c00000,0x0000003021d00000)]
  0x0000013f385fc800 JavaThread "jar transforms Thread 29" [_thread_blocked, id=5236, stack(0x0000003021d00000,0x0000003021e00000)]
  0x0000013f385fe000 JavaThread "jar transforms Thread 30" [_thread_blocked, id=19368, stack(0x0000003021e00000,0x0000003021f00000)]
  0x0000013f385ff800 JavaThread "jar transforms Thread 31" [_thread_blocked, id=18484, stack(0x0000003021f00000,0x0000003022000000)]
  0x0000013f38600800 JavaThread "jar transforms Thread 32" [_thread_blocked, id=18620, stack(0x0000003022000000,0x0000003022100000)]
  0x0000013f38601000 JavaThread "jar transforms Thread 33" [_thread_blocked, id=19336, stack(0x0000003022100000,0x0000003022200000)]
  0x0000013f385fb800 JavaThread "jar transforms Thread 34" [_thread_blocked, id=19064, stack(0x0000003022200000,0x0000003022300000)]
  0x0000013f38607800 JavaThread "jar transforms Thread 35" [_thread_blocked, id=19412, stack(0x0000003022300000,0x0000003022400000)]
  0x0000013f38607000 JavaThread "jar transforms Thread 36" [_thread_blocked, id=5240, stack(0x0000003022400000,0x0000003022500000)]
  0x0000013f38602000 JavaThread "jar transforms Thread 37" [_thread_blocked, id=1164, stack(0x0000003022500000,0x0000003022600000)]
  0x0000013f38604800 JavaThread "jar transforms Thread 38" [_thread_blocked, id=4232, stack(0x0000003022600000,0x0000003022700000)]
  0x0000013f38603000 JavaThread "jar transforms Thread 39" [_thread_blocked, id=18668, stack(0x0000003022700000,0x0000003022800000)]
  0x0000013f38608800 JavaThread "jar transforms Thread 40" [_thread_blocked, id=3368, stack(0x0000003022800000,0x0000003022900000)]
  0x0000013f38609800 JavaThread "jar transforms Thread 41" [_thread_blocked, id=18212, stack(0x0000003022900000,0x0000003022a00000)]
  0x0000013f38606000 JavaThread "jar transforms Thread 42" [_thread_blocked, id=19092, stack(0x0000003022a00000,0x0000003022b00000)]
  0x0000013f38603800 JavaThread "jar transforms Thread 43" [_thread_blocked, id=7324, stack(0x0000003022b00000,0x0000003022c00000)]
  0x0000013f3860a000 JavaThread "jar transforms Thread 44" [_thread_blocked, id=19040, stack(0x0000003022c00000,0x0000003022d00000)]
  0x0000013f38605000 JavaThread "jar transforms Thread 45" [_thread_blocked, id=13996, stack(0x0000003022d00000,0x0000003022e00000)]
  0x0000013f38ac9000 JavaThread "jar transforms Thread 46" [_thread_blocked, id=10660, stack(0x0000003022e00000,0x0000003022f00000)]
  0x0000013f38ac8000 JavaThread "jar transforms Thread 47" [_thread_blocked, id=17356, stack(0x0000003022f00000,0x0000003023000000)]
  0x0000013f38acc000 JavaThread "jar transforms Thread 48" [_thread_blocked, id=5104, stack(0x0000003023000000,0x0000003023100000)]
  0x0000013f38ace000 JavaThread "jar transforms Thread 49" [_thread_blocked, id=15516, stack(0x0000003023100000,0x0000003023200000)]
  0x0000013f38ace800 JavaThread "jar transforms Thread 50" [_thread_blocked, id=18080, stack(0x0000003023200000,0x0000003023300000)]
  0x0000013f38acf800 JavaThread "jar transforms Thread 51" [_thread_blocked, id=19244, stack(0x0000003023300000,0x0000003023400000)]
  0x0000013f38aca800 JavaThread "jar transforms Thread 52" [_thread_blocked, id=19396, stack(0x0000003023400000,0x0000003023500000)]
  0x0000013f38aca000 JavaThread "jar transforms Thread 53" [_thread_blocked, id=11068, stack(0x0000003023500000,0x0000003023600000)]
  0x0000013f38acd000 JavaThread "jar transforms Thread 54" [_thread_blocked, id=7232, stack(0x0000003023600000,0x0000003023700000)]
  0x0000013f38ad0800 JavaThread "jar transforms Thread 55" [_thread_blocked, id=19048, stack(0x0000003023700000,0x0000003023800000)]
  0x0000013f38ad1000 JavaThread "jar transforms Thread 56" [_thread_blocked, id=2900, stack(0x0000003023800000,0x0000003023900000)]
  0x0000013f38acb800 JavaThread "jar transforms Thread 57" [_thread_blocked, id=4236, stack(0x0000003023900000,0x0000003023a00000)]
  0x0000013f38ad3000 JavaThread "jar transforms Thread 58" [_thread_blocked, id=3024, stack(0x0000003023a00000,0x0000003023b00000)]
  0x0000013f38ad3800 JavaThread "jar transforms Thread 59" [_thread_blocked, id=1988, stack(0x0000003023b00000,0x0000003023c00000)]
  0x0000013f38ad2000 JavaThread "jar transforms Thread 60" [_thread_blocked, id=12932, stack(0x0000003023c00000,0x0000003023d00000)]
  0x0000013f38ad5000 JavaThread "jar transforms Thread 61" [_thread_blocked, id=3332, stack(0x0000003023d00000,0x0000003023e00000)]
  0x0000013f38ad7000 JavaThread "jar transforms Thread 62" [_thread_blocked, id=12696, stack(0x0000003023e00000,0x0000003023f00000)]
  0x0000013f38ad4800 JavaThread "jar transforms Thread 63" [_thread_blocked, id=6816, stack(0x0000003023f00000,0x0000003024000000)]
  0x0000013f38ad6000 JavaThread "jar transforms Thread 64" [_thread_blocked, id=456, stack(0x0000003024000000,0x0000003024100000)]
  0x0000013f38b46800 JavaThread "jar transforms Thread 65" [_thread_blocked, id=7092, stack(0x0000003024100000,0x0000003024200000)]
  0x0000013f38b45000 JavaThread "jar transforms Thread 66" [_thread_blocked, id=15016, stack(0x0000003024200000,0x0000003024300000)]
  0x0000013f38b49000 JavaThread "jar transforms Thread 67" [_thread_blocked, id=18260, stack(0x0000003024300000,0x0000003024400000)]
  0x0000013f38b46000 JavaThread "jar transforms Thread 68" [_thread_blocked, id=19340, stack(0x0000003024400000,0x0000003024500000)]
  0x0000013f38b48000 JavaThread "jar transforms Thread 69" [_thread_blocked, id=13428, stack(0x0000003024500000,0x0000003024600000)]
  0x0000013f38b43800 JavaThread "jar transforms Thread 70" [_thread_blocked, id=2232, stack(0x0000003024600000,0x0000003024700000)]
  0x0000013f38b4a000 JavaThread "jar transforms Thread 71" [_thread_blocked, id=6516, stack(0x0000003024700000,0x0000003024800000)]
  0x0000013f38b44000 JavaThread "jar transforms Thread 72" [_thread_blocked, id=18564, stack(0x0000003024800000,0x0000003024900000)]
  0x0000013f38b4b800 JavaThread "jar transforms Thread 73" [_thread_blocked, id=6756, stack(0x0000003024900000,0x0000003024a00000)]
  0x0000013f38b4a800 JavaThread "jar transforms Thread 74" [_thread_blocked, id=11236, stack(0x0000003024a00000,0x0000003024b00000)]
  0x0000013f38b4c800 JavaThread "jar transforms Thread 75" [_thread_blocked, id=16608, stack(0x0000003024b00000,0x0000003024c00000)]
  0x0000013f38b4d000 JavaThread "jar transforms Thread 76" [_thread_blocked, id=15804, stack(0x0000003024c00000,0x0000003024d00000)]
  0x0000013f38b47800 JavaThread "jar transforms Thread 77" [_thread_blocked, id=1396, stack(0x0000003024d00000,0x0000003024e00000)]
  0x0000013f38b4e000 JavaThread "jar transforms Thread 78" [_thread_blocked, id=6644, stack(0x0000003024e00000,0x0000003024f00000)]
  0x0000013f38b4e800 JavaThread "jar transforms Thread 79" [_thread_blocked, id=6156, stack(0x0000003024f00000,0x0000003025000000)]
  0x0000013f38b4f800 JavaThread "jar transforms Thread 80" [_thread_blocked, id=17904, stack(0x0000003025000000,0x0000003025100000)]
  0x0000013f38b50800 JavaThread "jar transforms Thread 81" [_thread_blocked, id=492, stack(0x0000003025100000,0x0000003025200000)]
  0x0000013f38b51000 JavaThread "jar transforms Thread 82" [_thread_blocked, id=9412, stack(0x0000003025200000,0x0000003025300000)]
  0x0000013f38b52000 JavaThread "jar transforms Thread 83" [_thread_blocked, id=1172, stack(0x0000003025300000,0x0000003025400000)]
  0x0000013f385df000 JavaThread "jar transforms Thread 84" [_thread_blocked, id=6084, stack(0x0000003025400000,0x0000003025500000)]
  0x0000013f385e5800 JavaThread "jar transforms Thread 85" [_thread_blocked, id=7748, stack(0x0000003025500000,0x0000003025600000)]
  0x0000013f385e0000 JavaThread "jar transforms Thread 86" [_thread_blocked, id=1944, stack(0x0000003025600000,0x0000003025700000)]
  0x0000013f385e4000 JavaThread "jar transforms Thread 87" [_thread_blocked, id=7012, stack(0x0000003025700000,0x0000003025800000)]
  0x0000013f385e5000 JavaThread "jar transforms Thread 88" [_thread_blocked, id=14312, stack(0x0000003025800000,0x0000003025900000)]
  0x0000013f385e6800 JavaThread "jar transforms Thread 89" [_thread_blocked, id=15228, stack(0x0000003025900000,0x0000003025a00000)]
  0x0000013f385e1000 JavaThread "jar transforms Thread 90" [_thread_blocked, id=7188, stack(0x0000003025a00000,0x0000003025b00000)]
  0x0000013f385e3800 JavaThread "jar transforms Thread 91" [_thread_blocked, id=16024, stack(0x0000003025b00000,0x0000003025c00000)]
  0x0000013f385e7800 JavaThread "jar transforms Thread 92" [_thread_blocked, id=6376, stack(0x0000003025c00000,0x0000003025d00000)]
  0x0000013f385e1800 JavaThread "jar transforms Thread 93" [_thread_blocked, id=9424, stack(0x0000003025d00000,0x0000003025e00000)]
  0x0000013f385e8000 JavaThread "jar transforms Thread 94" [_thread_blocked, id=448, stack(0x0000003025e00000,0x0000003025f00000)]
  0x0000013f385e2800 JavaThread "jar transforms Thread 95" [_thread_blocked, id=18472, stack(0x0000003025f00000,0x0000003026000000)]
  0x0000013f385ea000 JavaThread "jar transforms Thread 96" [_thread_blocked, id=18872, stack(0x0000003026000000,0x0000003026100000)]
  0x0000013f385ea800 JavaThread "jar transforms Thread 97" [_thread_blocked, id=18460, stack(0x0000003026100000,0x0000003026200000)]
  0x0000013f385ec000 JavaThread "jar transforms Thread 98" [_thread_blocked, id=16652, stack(0x0000003026200000,0x0000003026300000)]
  0x0000013f385eb800 JavaThread "jar transforms Thread 99" [_thread_blocked, id=6044, stack(0x0000003026300000,0x0000003026400000)]
  0x0000013f385e9000 JavaThread "jar transforms Thread 100" [_thread_blocked, id=18864, stack(0x0000003026400000,0x0000003026500000)]
  0x0000013f385ed000 JavaThread "jar transforms Thread 101" [_thread_blocked, id=17220, stack(0x0000003026500000,0x0000003026600000)]
  0x0000013f385ee000 JavaThread "jar transforms Thread 102" [_thread_blocked, id=11012, stack(0x0000003026600000,0x0000003026700000)]
  0x0000013f383f6800 JavaThread "jar transforms Thread 103" [_thread_blocked, id=32, stack(0x0000003026700000,0x0000003026800000)]
  0x0000013f383f7800 JavaThread "jar transforms Thread 104" [_thread_blocked, id=19280, stack(0x0000003026800000,0x0000003026900000)]
  0x0000013f383f8000 JavaThread "jar transforms Thread 105" [_thread_blocked, id=1512, stack(0x0000003026900000,0x0000003026a00000)]
  0x0000013f383f5000 JavaThread "jar transforms Thread 106" [_thread_blocked, id=15716, stack(0x0000003026a00000,0x0000003026b00000)]
  0x0000013f383f6000 JavaThread "jar transforms Thread 107" [_thread_blocked, id=18976, stack(0x0000003026b00000,0x0000003026c00000)]
  0x0000013f383f9000 JavaThread "jar transforms Thread 108" [_thread_blocked, id=9324, stack(0x0000003026c00000,0x0000003026d00000)]
  0x0000013f383fa000 JavaThread "jar transforms Thread 109" [_thread_blocked, id=17540, stack(0x0000003026d00000,0x0000003026e00000)]
  0x0000013f383f4000 JavaThread "jar transforms Thread 110" [_thread_blocked, id=19148, stack(0x0000003026e00000,0x0000003026f00000)]
  0x0000013f383fb800 JavaThread "jar transforms Thread 111" [_thread_blocked, id=11000, stack(0x0000003026f00000,0x0000003027000000)]
  0x0000013f383fe000 JavaThread "jar transforms Thread 112" [_thread_blocked, id=18896, stack(0x0000003027000000,0x0000003027100000)]
  0x0000013f38400800 JavaThread "jar transforms Thread 113" [_thread_blocked, id=6540, stack(0x0000003027100000,0x0000003027200000)]
  0x0000013f383ff800 JavaThread "jar transforms Thread 114" [_thread_blocked, id=17236, stack(0x0000003027200000,0x0000003027300000)]
  0x0000013f383fe800 JavaThread "jar transforms Thread 115" [_thread_blocked, id=4164, stack(0x0000003027300000,0x0000003027400000)]
  0x0000013f383fa800 JavaThread "jar transforms Thread 116" [_thread_blocked, id=18988, stack(0x0000003027400000,0x0000003027500000)]
  0x0000013f38401000 JavaThread "Memory manager" [_thread_blocked, id=15932, stack(0x0000003027500000,0x0000003027600000)]
  0x0000013f38402000 JavaThread "build event listener" [_thread_blocked, id=19252, stack(0x0000003027600000,0x0000003027700000)]
  0x0000013f38403000 JavaThread "build event listener" [_thread_blocked, id=5116, stack(0x0000003027700000,0x0000003027800000)]
  0x0000013f383fd000 JavaThread "Execution worker for ':'" [_thread_blocked, id=3276, stack(0x0000003027800000,0x0000003027900000)]
  0x0000013f3a581000 JavaThread "Execution worker for ':' Thread 2" [_thread_blocked, id=19240, stack(0x0000003027900000,0x0000003027a00000)]
  0x0000013f3a586000 JavaThread "Execution worker for ':' Thread 3" [_thread_blocked, id=18808, stack(0x0000003027a00000,0x0000003027b00000)]
  0x0000013f3a586800 JavaThread "Execution worker for ':' Thread 4" [_thread_blocked, id=19224, stack(0x0000003027b00000,0x0000003027c00000)]
  0x0000013f3a584000 JavaThread "Execution worker for ':' Thread 5" [_thread_blocked, id=9388, stack(0x0000003027c00000,0x0000003027d00000)]
  0x0000013f3a587800 JavaThread "Execution worker for ':' Thread 6" [_thread_blocked, id=17816, stack(0x0000003027d00000,0x0000003027e00000)]
  0x0000013f3a581800 JavaThread "Execution worker for ':' Thread 7" [_thread_blocked, id=8372, stack(0x0000003027e00000,0x0000003027f00000)]
  0x0000013f3a582800 JavaThread "Cache worker for execution history cache (V:\Tugas\X\android\RestaurantReview\.gradle\6.7.1\executionHistory)" [_thread_blocked, id=10716, stack(0x0000003027f00000,0x0000003028000000)]
  0x0000013f3a589000 JavaThread "WorkerExecutor Queue" [_thread_blocked, id=16460, stack(0x0000003028000000,0x0000003028100000)]

Other Threads:
=>0x0000013f3218e000 VMThread "VM Thread" [stack: 0x000000301ce00000,0x000000301cf00000] [id=18784]
  0x0000013f32cb2800 WatcherThread [stack: 0x000000301d800000,0x000000301d900000] [id=3592]
  0x0000013f17eb1000 GCTaskThread "GC Thread#0" [stack: 0x000000301c900000,0x000000301ca00000] [id=18332]
  0x0000013f334eb000 GCTaskThread "GC Thread#1" [stack: 0x000000301da00000,0x000000301db00000] [id=11308]
  0x0000013f33a18000 GCTaskThread "GC Thread#2" [stack: 0x000000301db00000,0x000000301dc00000] [id=15496]
  0x0000013f34272800 GCTaskThread "GC Thread#3" [stack: 0x000000301e900000,0x000000301ea00000] [id=7968]
  0x0000013f35060000 GCTaskThread "GC Thread#4" [stack: 0x000000301ea00000,0x000000301eb00000] [id=5680]
  0x0000013f34352800 GCTaskThread "GC Thread#5" [stack: 0x000000301eb00000,0x000000301ec00000] [id=13656]
  0x0000013f360e2800 GCTaskThread "GC Thread#6" [stack: 0x000000301ec00000,0x000000301ed00000] [id=10368]
  0x0000013f34f9c000 GCTaskThread "GC Thread#7" [stack: 0x000000301ed00000,0x000000301ee00000] [id=15588]
  0x0000013f17ee2000 ConcurrentGCThread "G1 Main Marker" [stack: 0x000000301ca00000,0x000000301cb00000] [id=4504]
  0x0000013f17ee4800 ConcurrentGCThread "G1 Conc#0" [stack: 0x000000301cb00000,0x000000301cc00000] [id=18624]
  0x0000013f34b6e800 ConcurrentGCThread "G1 Conc#1" [stack: 0x000000301f000000,0x000000301f100000] [id=3300]
  0x0000013f31fe0800 ConcurrentGCThread "G1 Refine#0" [stack: 0x000000301cc00000,0x000000301cd00000] [id=592]
  0x0000013f3ad58800 ConcurrentGCThread "G1 Refine#1" [stack: 0x0000003028100000,0x0000003028200000] [id=17944]
  0x0000013f3eb52000 ConcurrentGCThread "G1 Refine#2" [stack: 0x0000003028200000,0x0000003028300000] [id=18824]
  0x0000013f3dee4000 ConcurrentGCThread "G1 Refine#3" [stack: 0x0000003028300000,0x0000003028400000] [id=2252]
  0x0000013f31fe1000 ConcurrentGCThread "G1 Young RemSet Sampling" [stack: 0x000000301cd00000,0x000000301ce00000] [id=11268]

Threads with active compile tasks:
C2 CompilerThread0   8975 10619       4       com.android.tools.r8.v.b.q::previous (19 bytes)
C1 CompilerThread0   8975 10586       2       java.lang.Integer::compareTo (12 bytes)
C2 CompilerThread1   8975 9950 %     4       com.android.tools.r8.C.a.a.f::a @ 2426 (6058 bytes)
C2 CompilerThread2   8975 10624       4       com.android.tools.r8.w.a.a.a.f.X::get (106 bytes)

VM state:at safepoint (normal execution)

VM Mutex/Monitor currently owned by a thread:  ([mutex/lock_event])
[0x0000013f17e9acf0] Threads_lock - owner thread: 0x0000013f3218e000
[0x0000013f17e9b0e0] Heap_lock - owner thread: 0x0000013f34a4f800

Heap address: 0x0000000080000000, size: 2048 MB, Compressed Oops mode: 32-bit
Narrow klass base: 0x0000000000000000, Narrow klass shift: 3
Compressed class space size: 1073741824 Address: 0x0000000100000000

Heap:
 garbage-first heap   total 290816K, used 154792K [0x0000000080000000, 0x0000000100000000)
  region size 1024K, 2 young (2048K), 2 survivors (2048K)
 Metaspace       used 91569K, capacity 93757K, committed 94208K, reserved 1130496K
  class space    used 12033K, capacity 12871K, committed 13056K, reserved 1048576K
Heap Regions: E=young(eden), S=young(survivor), O=old, HS=humongous(starts), HC=humongous(continues), CS=collection set, F=free, A=archive, TAMS=top-at-mark-start (previous, next)
|   0|0x0000000080000000, 0x0000000080100000, 0x0000000080100000|100%| O|  |TAMS 0x0000000080100000, 0x0000000080000000| Untracked 
|   1|0x0000000080100000, 0x0000000080200000, 0x0000000080200000|100%| O|  |TAMS 0x0000000080200000, 0x0000000080100000| Untracked 
|   2|0x0000000080200000, 0x0000000080300000, 0x0000000080300000|100%| O|  |TAMS 0x0000000080300000, 0x0000000080200000| Untracked 
|   3|0x0000000080300000, 0x0000000080400000, 0x0000000080400000|100%|HS|  |TAMS 0x0000000080400000, 0x0000000080300000| Complete 
|   4|0x0000000080400000, 0x0000000080500000, 0x0000000080500000|100%|HC|  |TAMS 0x0000000080500000, 0x0000000080400000| Complete 
|   5|0x0000000080500000, 0x0000000080600000, 0x0000000080600000|100%|HC|  |TAMS 0x0000000080600000, 0x0000000080500000| Complete 
|   6|0x0000000080600000, 0x0000000080700000, 0x0000000080700000|100%| O|  |TAMS 0x0000000080700000, 0x0000000080600000| Untracked 
|   7|0x0000000080700000, 0x0000000080800000, 0x0000000080800000|100%| O|  |TAMS 0x0000000080800000, 0x0000000080700000| Untracked 
|   8|0x0000000080800000, 0x0000000080900000, 0x0000000080900000|100%| O|  |TAMS 0x0000000080900000, 0x0000000080800000| Untracked 
|   9|0x0000000080900000, 0x0000000080a00000, 0x0000000080a00000|100%| O|  |TAMS 0x0000000080a00000, 0x0000000080900000| Untracked 
|  10|0x0000000080a00000, 0x0000000080b00000, 0x0000000080b00000|100%| O|  |TAMS 0x0000000080b00000, 0x0000000080a00000| Complete 
|  11|0x0000000080b00000, 0x0000000080c00000, 0x0000000080c00000|100%| O|  |TAMS 0x0000000080c00000, 0x0000000080b00000| Untracked 
|  12|0x0000000080c00000, 0x0000000080d00000, 0x0000000080d00000|100%| O|  |TAMS 0x0000000080d00000, 0x0000000080c00000| Untracked 
|  13|0x0000000080d00000, 0x0000000080e00000, 0x0000000080e00000|100%| O|  |TAMS 0x0000000080e00000, 0x0000000080d00000| Untracked 
|  14|0x0000000080e00000, 0x0000000080f00000, 0x0000000080f00000|100%| O|  |TAMS 0x0000000080f00000, 0x0000000080e00000| Untracked 
|  15|0x0000000080f00000, 0x0000000081000000, 0x0000000081000000|100%| O|  |TAMS 0x0000000081000000, 0x0000000080f00000| Untracked 
|  16|0x0000000081000000, 0x0000000081100000, 0x0000000081100000|100%| O|  |TAMS 0x0000000081100000, 0x0000000081000000| Untracked 
|  17|0x0000000081100000, 0x0000000081200000, 0x0000000081200000|100%| O|  |TAMS 0x0000000081200000, 0x0000000081100000| Untracked 
|  18|0x0000000081200000, 0x0000000081300000, 0x0000000081300000|100%| O|  |TAMS 0x0000000081300000, 0x0000000081200000| Untracked 
|  19|0x0000000081300000, 0x0000000081400000, 0x0000000081400000|100%|HS|  |TAMS 0x0000000081400000, 0x0000000081300000| Complete 
|  20|0x0000000081400000, 0x0000000081500000, 0x0000000081500000|100%| O|  |TAMS 0x0000000081500000, 0x0000000081400000| Untracked 
|  21|0x0000000081500000, 0x0000000081600000, 0x0000000081600000|100%| O|  |TAMS 0x0000000081600000, 0x0000000081500000| Untracked 
|  22|0x0000000081600000, 0x0000000081700000, 0x0000000081700000|100%|HS|  |TAMS 0x0000000081700000, 0x0000000081600000| Complete 
|  23|0x0000000081700000, 0x0000000081800000, 0x0000000081800000|100%|HC|  |TAMS 0x0000000081800000, 0x0000000081700000| Complete 
|  24|0x0000000081800000, 0x0000000081900000, 0x0000000081900000|100%|HC|  |TAMS 0x0000000081900000, 0x0000000081800000| Complete 
|  25|0x0000000081900000, 0x0000000081a00000, 0x0000000081a00000|100%|HS|  |TAMS 0x0000000081a00000, 0x0000000081900000| Complete 
|  26|0x0000000081a00000, 0x0000000081b00000, 0x0000000081b00000|100%|HC|  |TAMS 0x0000000081b00000, 0x0000000081a00000| Complete 
|  27|0x0000000081b00000, 0x0000000081c00000, 0x0000000081c00000|100%| O|  |TAMS 0x0000000081c00000, 0x0000000081b00000| Untracked 
|  28|0x0000000081c00000, 0x0000000081d00000, 0x0000000081d00000|100%| O|  |TAMS 0x0000000081d00000, 0x0000000081c00000| Untracked 
|  29|0x0000000081d00000, 0x0000000081e00000, 0x0000000081e00000|100%| O|  |TAMS 0x0000000081e00000, 0x0000000081d00000| Untracked 
|  30|0x0000000081e00000, 0x0000000081f00000, 0x0000000081f00000|100%| O|  |TAMS 0x0000000081f00000, 0x0000000081e00000| Untracked 
|  31|0x0000000081f00000, 0x0000000082000000, 0x0000000082000000|100%| O|  |TAMS 0x0000000082000000, 0x0000000081f00000| Complete 
|  32|0x0000000082000000, 0x0000000082100000, 0x0000000082100000|100%| O|  |TAMS 0x0000000082100000, 0x0000000082000000| Untracked 
|  33|0x0000000082100000, 0x0000000082200000, 0x0000000082200000|100%| O|  |TAMS 0x0000000082200000, 0x0000000082100000| Untracked 
|  34|0x0000000082200000, 0x0000000082300000, 0x0000000082300000|100%| O|  |TAMS 0x0000000082300000, 0x0000000082200000| Untracked 
|  35|0x0000000082300000, 0x0000000082400000, 0x0000000082400000|100%| O|  |TAMS 0x0000000082400000, 0x0000000082300000| Untracked 
|  36|0x0000000082400000, 0x0000000082500000, 0x0000000082500000|100%| O|  |TAMS 0x0000000082500000, 0x0000000082400000| Untracked 
|  37|0x0000000082500000, 0x0000000082600000, 0x0000000082600000|100%| O|  |TAMS 0x0000000082600000, 0x0000000082500000| Complete 
|  38|0x0000000082600000, 0x0000000082700000, 0x0000000082700000|100%| O|  |TAMS 0x0000000082700000, 0x0000000082600000| Untracked 
|  39|0x0000000082700000, 0x0000000082800000, 0x0000000082800000|100%| O|  |TAMS 0x0000000082800000, 0x0000000082700000| Untracked 
|  40|0x0000000082800000, 0x0000000082900000, 0x0000000082900000|100%| O|  |TAMS 0x0000000082900000, 0x0000000082800000| Untracked 
|  41|0x0000000082900000, 0x0000000082a00000, 0x0000000082a00000|100%| O|  |TAMS 0x0000000082a00000, 0x0000000082900000| Untracked 
|  42|0x0000000082a00000, 0x0000000082b00000, 0x0000000082b00000|100%| O|  |TAMS 0x0000000082b00000, 0x0000000082a00000| Complete 
|  43|0x0000000082b00000, 0x0000000082c00000, 0x0000000082c00000|100%| O|  |TAMS 0x0000000082c00000, 0x0000000082b00000| Complete 
|  44|0x0000000082c00000, 0x0000000082d00000, 0x0000000082d00000|100%| O|  |TAMS 0x0000000082d00000, 0x0000000082c00000| Untracked 
|  45|0x0000000082d00000, 0x0000000082e00000, 0x0000000082e00000|100%| O|  |TAMS 0x0000000082e00000, 0x0000000082d00000| Untracked 
|  46|0x0000000082e00000, 0x0000000082f00000, 0x0000000082f00000|100%| O|  |TAMS 0x0000000082f00000, 0x0000000082e00000| Untracked 
|  47|0x0000000082f00000, 0x0000000083000000, 0x0000000083000000|100%| O|  |TAMS 0x0000000083000000, 0x0000000082f00000| Untracked 
|  48|0x0000000083000000, 0x0000000083100000, 0x0000000083100000|100%| O|  |TAMS 0x0000000083100000, 0x0000000083000000| Untracked 
|  49|0x0000000083100000, 0x0000000083200000, 0x0000000083200000|100%| O|  |TAMS 0x0000000083200000, 0x0000000083100000| Untracked 
|  50|0x0000000083200000, 0x0000000083300000, 0x0000000083300000|100%| O|  |TAMS 0x0000000083300000, 0x0000000083200000| Untracked 
|  51|0x0000000083300000, 0x0000000083400000, 0x0000000083400000|100%| O|  |TAMS 0x0000000083400000, 0x0000000083300000| Complete 
|  52|0x0000000083400000, 0x0000000083500000, 0x0000000083500000|100%| O|  |TAMS 0x0000000083500000, 0x0000000083400000| Untracked 
|  53|0x0000000083500000, 0x0000000083600000, 0x0000000083600000|100%| O|  |TAMS 0x0000000083600000, 0x0000000083500000| Untracked 
|  54|0x0000000083600000, 0x0000000083700000, 0x0000000083700000|100%| O|  |TAMS 0x0000000083700000, 0x0000000083600000| Untracked 
|  55|0x0000000083700000, 0x0000000083800000, 0x0000000083800000|100%| O|  |TAMS 0x0000000083800000, 0x0000000083700000| Untracked 
|  56|0x0000000083800000, 0x0000000083900000, 0x0000000083900000|100%| O|  |TAMS 0x0000000083900000, 0x0000000083800000| Untracked 
|  57|0x0000000083900000, 0x0000000083a00000, 0x0000000083a00000|100%| O|  |TAMS 0x0000000083a00000, 0x0000000083900000| Untracked 
|  58|0x0000000083a00000, 0x0000000083b00000, 0x0000000083b00000|100%| O|  |TAMS 0x0000000083b00000, 0x0000000083a00000| Untracked 
|  59|0x0000000083b00000, 0x0000000083c00000, 0x0000000083c00000|100%| O|  |TAMS 0x0000000083c00000, 0x0000000083b00000| Untracked 
|  60|0x0000000083c00000, 0x0000000083d00000, 0x0000000083d00000|100%| O|  |TAMS 0x0000000083d00000, 0x0000000083c00000| Complete 
|  61|0x0000000083d00000, 0x0000000083e00000, 0x0000000083e00000|100%| O|  |TAMS 0x0000000083e00000, 0x0000000083d00000| Untracked 
|  62|0x0000000083e00000, 0x0000000083f00000, 0x0000000083f00000|100%|HS|  |TAMS 0x0000000083f00000, 0x0000000083e00000| Complete 
|  63|0x0000000083f00000, 0x0000000084000000, 0x0000000084000000|100%| O|  |TAMS 0x0000000084000000, 0x0000000083f00000| Untracked 
|  64|0x0000000084000000, 0x0000000084100000, 0x0000000084100000|100%| O|  |TAMS 0x0000000084100000, 0x0000000084000000| Complete 
|  65|0x0000000084100000, 0x0000000084200000, 0x0000000084200000|100%| O|  |TAMS 0x0000000084200000, 0x0000000084100000| Complete 
|  66|0x0000000084200000, 0x0000000084300000, 0x0000000084300000|100%| O|  |TAMS 0x0000000084300000, 0x0000000084200000| Complete 
|  67|0x0000000084300000, 0x0000000084400000, 0x0000000084400000|100%| O|  |TAMS 0x0000000084400000, 0x0000000084300000| Complete 
|  68|0x0000000084400000, 0x0000000084500000, 0x0000000084500000|100%| O|  |TAMS 0x0000000084500000, 0x0000000084400000| Complete 
|  69|0x0000000084500000, 0x0000000084600000, 0x0000000084600000|100%| O|  |TAMS 0x0000000084600000, 0x0000000084500000| Untracked 
|  70|0x0000000084600000, 0x0000000084700000, 0x0000000084700000|100%| O|  |TAMS 0x0000000084700000, 0x0000000084600000| Untracked 
|  71|0x0000000084700000, 0x0000000084800000, 0x0000000084800000|100%| O|  |TAMS 0x0000000084800000, 0x0000000084700000| Untracked 
|  72|0x0000000084800000, 0x0000000084900000, 0x0000000084900000|100%| O|  |TAMS 0x0000000084900000, 0x0000000084800000| Untracked 
|  73|0x0000000084900000, 0x0000000084a00000, 0x0000000084a00000|100%| O|  |TAMS 0x0000000084a00000, 0x0000000084900000| Untracked 
|  74|0x0000000084a00000, 0x0000000084b00000, 0x0000000084b00000|100%| O|  |TAMS 0x0000000084b00000, 0x0000000084a00000| Untracked 
|  75|0x0000000084b00000, 0x0000000084c00000, 0x0000000084c00000|100%| O|  |TAMS 0x0000000084c00000, 0x0000000084b00000| Untracked 
|  76|0x0000000084c00000, 0x0000000084d00000, 0x0000000084d00000|100%| O|  |TAMS 0x0000000084d00000, 0x0000000084c00000| Untracked 
|  77|0x0000000084d00000, 0x0000000084e00000, 0x0000000084e00000|100%| O|  |TAMS 0x0000000084e00000, 0x0000000084d00000| Untracked 
|  78|0x0000000084e00000, 0x0000000084f00000, 0x0000000084f00000|100%| O|  |TAMS 0x0000000084f00000, 0x0000000084e00000| Complete 
|  79|0x0000000084f00000, 0x0000000085000000, 0x0000000085000000|100%| O|  |TAMS 0x0000000085000000, 0x0000000084f00000| Complete 
|  80|0x0000000085000000, 0x0000000085100000, 0x0000000085100000|100%| O|  |TAMS 0x0000000085100000, 0x0000000085000000| Untracked 
|  81|0x0000000085100000, 0x0000000085200000, 0x0000000085200000|100%| O|  |TAMS 0x0000000085200000, 0x0000000085100000| Untracked 
|  82|0x0000000085200000, 0x0000000085300000, 0x0000000085300000|100%| O|  |TAMS 0x0000000085300000, 0x0000000085200000| Complete 
|  83|0x0000000085300000, 0x0000000085400000, 0x0000000085400000|100%| O|  |TAMS 0x0000000085400000, 0x0000000085300000| Complete 
|  84|0x0000000085400000, 0x0000000085500000, 0x0000000085500000|100%| O|  |TAMS 0x0000000085500000, 0x0000000085400000| Complete 
|  85|0x0000000085500000, 0x0000000085600000, 0x0000000085600000|100%| O|  |TAMS 0x0000000085600000, 0x0000000085500000| Complete 
|  86|0x0000000085600000, 0x0000000085700000, 0x0000000085700000|100%| O|  |TAMS 0x0000000085700000, 0x0000000085600000| Complete 
|  87|0x0000000085700000, 0x0000000085800000, 0x0000000085800000|100%| O|  |TAMS 0x0000000085800000, 0x0000000085700000| Complete 
|  88|0x0000000085800000, 0x0000000085900000, 0x0000000085900000|100%| O|  |TAMS 0x0000000085900000, 0x0000000085800000| Complete 
|  89|0x0000000085900000, 0x0000000085a00000, 0x0000000085a00000|100%| O|  |TAMS 0x0000000085a00000, 0x0000000085900000| Untracked 
|  90|0x0000000085a00000, 0x0000000085b00000, 0x0000000085b00000|100%| O|  |TAMS 0x0000000085b00000, 0x0000000085a00000| Untracked 
|  91|0x0000000085b00000, 0x0000000085c00000, 0x0000000085c00000|100%| O|  |TAMS 0x0000000085c00000, 0x0000000085b00000| Untracked 
|  92|0x0000000085c00000, 0x0000000085d00000, 0x0000000085d00000|100%| O|  |TAMS 0x0000000085d00000, 0x0000000085c00000| Untracked 
|  93|0x0000000085d00000, 0x0000000085e00000, 0x0000000085e00000|100%| O|  |TAMS 0x0000000085e00000, 0x0000000085d00000| Untracked 
|  94|0x0000000085e00000, 0x0000000085f00000, 0x0000000085f00000|100%| O|  |TAMS 0x0000000085f00000, 0x0000000085e00000| Complete 
|  95|0x0000000085f00000, 0x0000000086000000, 0x0000000086000000|100%| O|  |TAMS 0x0000000086000000, 0x0000000085f00000| Complete 
|  96|0x0000000086000000, 0x0000000086100000, 0x0000000086100000|100%| O|  |TAMS 0x0000000086100000, 0x0000000086000000| Complete 
|  97|0x0000000086100000, 0x0000000086200000, 0x0000000086200000|100%| O|  |TAMS 0x0000000086200000, 0x0000000086100000| Complete 
|  98|0x0000000086200000, 0x0000000086300000, 0x0000000086300000|100%| O|  |TAMS 0x0000000086300000, 0x0000000086200000| Untracked 
|  99|0x0000000086300000, 0x0000000086400000, 0x0000000086400000|100%| O|  |TAMS 0x0000000086400000, 0x0000000086300000| Untracked 
| 100|0x0000000086400000, 0x0000000086500000, 0x0000000086500000|100%| O|  |TAMS 0x0000000086500000, 0x0000000086400000| Complete 
| 101|0x0000000086500000, 0x0000000086600000, 0x0000000086600000|100%| O|  |TAMS 0x0000000086600000, 0x0000000086500000| Complete 
| 102|0x0000000086600000, 0x0000000086700000, 0x0000000086700000|100%| O|  |TAMS 0x0000000086700000, 0x0000000086600000| Complete 
| 103|0x0000000086700000, 0x0000000086800000, 0x0000000086800000|100%| O|  |TAMS 0x0000000086800000, 0x0000000086700000| Untracked 
| 104|0x0000000086800000, 0x0000000086900000, 0x0000000086900000|100%| O|  |TAMS 0x0000000086900000, 0x0000000086800000| Untracked 
| 105|0x0000000086900000, 0x0000000086a00000, 0x0000000086a00000|100%| O|  |TAMS 0x0000000086a00000, 0x0000000086900000| Untracked 
| 106|0x0000000086a00000, 0x0000000086b00000, 0x0000000086b00000|100%| O|  |TAMS 0x0000000086b00000, 0x0000000086a00000| Untracked 
| 107|0x0000000086b00000, 0x0000000086c00000, 0x0000000086c00000|100%| O|  |TAMS 0x0000000086c00000, 0x0000000086b00000| Untracked 
| 108|0x0000000086c00000, 0x0000000086d00000, 0x0000000086d00000|100%| O|  |TAMS 0x0000000086d00000, 0x0000000086c00000| Untracked 
| 109|0x0000000086d00000, 0x0000000086e00000, 0x0000000086e00000|100%| O|  |TAMS 0x0000000086e00000, 0x0000000086d00000| Untracked 
| 110|0x0000000086e00000, 0x0000000086f00000, 0x0000000086f00000|100%| O|  |TAMS 0x0000000086f00000, 0x0000000086e00000| Untracked 
| 111|0x0000000086f00000, 0x0000000087000000, 0x0000000087000000|100%| O|  |TAMS 0x0000000087000000, 0x0000000086f00000| Complete 
| 112|0x0000000087000000, 0x0000000087100000, 0x0000000087100000|100%| O|  |TAMS 0x0000000087100000, 0x0000000087000000| Complete 
| 113|0x0000000087100000, 0x0000000087200000, 0x0000000087200000|100%| O|  |TAMS 0x0000000087200000, 0x0000000087100000| Untracked 
| 114|0x0000000087200000, 0x0000000087300000, 0x0000000087300000|100%| O|  |TAMS 0x0000000087300000, 0x0000000087200000| Untracked 
| 115|0x0000000087300000, 0x0000000087400000, 0x0000000087400000|100%| O|  |TAMS 0x0000000087400000, 0x0000000087300000| Untracked 
| 116|0x0000000087400000, 0x0000000087500000, 0x0000000087500000|100%| O|  |TAMS 0x0000000087500000, 0x0000000087400000| Untracked 
| 117|0x0000000087500000, 0x0000000087600000, 0x0000000087600000|100%| O|  |TAMS 0x0000000087600000, 0x0000000087500000| Untracked 
| 118|0x0000000087600000, 0x0000000087700000, 0x0000000087700000|100%| O|  |TAMS 0x0000000087700000, 0x0000000087600000| Untracked 
| 119|0x0000000087700000, 0x0000000087800000, 0x0000000087800000|100%| O|  |TAMS 0x0000000087800000, 0x0000000087700000| Complete 
| 120|0x0000000087800000, 0x0000000087900000, 0x0000000087900000|100%| O|  |TAMS 0x0000000087900000, 0x0000000087800000| Complete 
| 121|0x0000000087900000, 0x0000000087a00000, 0x0000000087a00000|100%| O|  |TAMS 0x0000000087a00000, 0x0000000087900000| Complete 
| 122|0x0000000087a00000, 0x0000000087b00000, 0x0000000087b00000|100%| O|  |TAMS 0x0000000087b00000, 0x0000000087a00000| Complete 
| 123|0x0000000087b00000, 0x0000000087c00000, 0x0000000087c00000|100%| O|  |TAMS 0x0000000087c00000, 0x0000000087b00000| Untracked 
| 124|0x0000000087c00000, 0x0000000087d00000, 0x0000000087d00000|100%| O|  |TAMS 0x0000000087d00000, 0x0000000087c00000| Untracked 
| 125|0x0000000087d00000, 0x0000000087e00000, 0x0000000087e00000|100%| O|  |TAMS 0x0000000087e00000, 0x0000000087d00000| Untracked 
| 126|0x0000000087e00000, 0x0000000087f00000, 0x0000000087f00000|100%| O|  |TAMS 0x0000000087f00000, 0x0000000087e00000| Untracked 
| 127|0x0000000087f00000, 0x0000000088000000, 0x0000000088000000|100%| O|  |TAMS 0x0000000088000000, 0x0000000087f00000| Untracked 
| 128|0x0000000088000000, 0x0000000088100000, 0x0000000088100000|100%| O|  |TAMS 0x0000000088100000, 0x0000000088000000| Complete 
| 129|0x0000000088100000, 0x0000000088200000, 0x0000000088200000|100%| O|  |TAMS 0x000000008816f800, 0x0000000088100000| Complete 
| 130|0x0000000088200000, 0x0000000088300000, 0x0000000088300000|100%| O|  |TAMS 0x0000000088200000, 0x0000000088200000| Untracked 
| 131|0x0000000088300000, 0x0000000088400000, 0x0000000088400000|100%| O|  |TAMS 0x0000000088300000, 0x0000000088300000| Untracked 
| 132|0x0000000088400000, 0x0000000088500000, 0x0000000088500000|100%| O|  |TAMS 0x0000000088400000, 0x0000000088400000| Untracked 
| 133|0x0000000088500000, 0x0000000088600000, 0x0000000088600000|100%| O|  |TAMS 0x0000000088500000, 0x0000000088500000| Untracked 
| 134|0x0000000088600000, 0x0000000088700000, 0x0000000088700000|100%| O|  |TAMS 0x0000000088600000, 0x0000000088600000| Untracked 
| 135|0x0000000088700000, 0x0000000088800000, 0x0000000088800000|100%| O|  |TAMS 0x0000000088700000, 0x0000000088700000| Untracked 
| 136|0x0000000088800000, 0x0000000088900000, 0x0000000088900000|100%| O|  |TAMS 0x0000000088800000, 0x0000000088800000| Untracked 
| 137|0x0000000088900000, 0x0000000088a00000, 0x0000000088a00000|100%| O|  |TAMS 0x0000000088900000, 0x0000000088900000| Untracked 
| 138|0x0000000088a00000, 0x0000000088b00000, 0x0000000088b00000|100%| O|  |TAMS 0x0000000088a00000, 0x0000000088a00000| Untracked 
| 139|0x0000000088b00000, 0x0000000088c00000, 0x0000000088c00000|100%| O|  |TAMS 0x0000000088b00000, 0x0000000088b00000| Untracked 
| 140|0x0000000088c00000, 0x0000000088d00000, 0x0000000088d00000|100%| O|  |TAMS 0x0000000088c00000, 0x0000000088c00000| Untracked 
| 141|0x0000000088d00000, 0x0000000088e00000, 0x0000000088e00000|100%| O|  |TAMS 0x0000000088d00000, 0x0000000088d00000| Untracked 
| 142|0x0000000088e00000, 0x0000000088f00000, 0x0000000088f00000|100%| O|  |TAMS 0x0000000088e00000, 0x0000000088e00000| Untracked 
| 143|0x0000000088f00000, 0x0000000089000000, 0x0000000089000000|100%| O|  |TAMS 0x0000000088f00000, 0x0000000088f00000| Untracked 
| 144|0x0000000089000000, 0x0000000089100000, 0x0000000089100000|100%| O|  |TAMS 0x0000000089000000, 0x0000000089000000| Untracked 
| 145|0x0000000089100000, 0x0000000089200000, 0x0000000089200000|100%| O|  |TAMS 0x0000000089100000, 0x0000000089100000| Untracked 
| 146|0x0000000089200000, 0x0000000089300000, 0x0000000089300000|100%| O|  |TAMS 0x0000000089200000, 0x0000000089200000| Untracked 
| 147|0x0000000089300000, 0x0000000089400000, 0x0000000089400000|100%| O|  |TAMS 0x0000000089300000, 0x0000000089300000| Untracked 
| 148|0x0000000089400000, 0x0000000089500000, 0x0000000089500000|100%| O|  |TAMS 0x0000000089400000, 0x0000000089400000| Untracked 
| 149|0x0000000089500000, 0x000000008952a200, 0x0000000089600000| 16%| O|  |TAMS 0x0000000089500000, 0x0000000089500000| Untracked 
| 150|0x0000000089600000, 0x0000000089600000, 0x0000000089700000|  0%| F|  |TAMS 0x0000000089600000, 0x0000000089600000| Untracked 
| 151|0x0000000089700000, 0x0000000089700000, 0x0000000089800000|  0%| F|  |TAMS 0x0000000089700000, 0x0000000089700000| Untracked 
| 152|0x0000000089800000, 0x0000000089800000, 0x0000000089900000|  0%| F|  |TAMS 0x0000000089800000, 0x0000000089800000| Untracked 
| 153|0x0000000089900000, 0x0000000089900000, 0x0000000089a00000|  0%| F|  |TAMS 0x0000000089900000, 0x0000000089900000| Untracked 
| 154|0x0000000089a00000, 0x0000000089a00000, 0x0000000089b00000|  0%| F|  |TAMS 0x0000000089a00000, 0x0000000089a00000| Untracked 
| 155|0x0000000089b00000, 0x0000000089b00000, 0x0000000089c00000|  0%| F|  |TAMS 0x0000000089b00000, 0x0000000089b00000| Untracked 
| 156|0x0000000089c00000, 0x0000000089c00000, 0x0000000089d00000|  0%| F|  |TAMS 0x0000000089c00000, 0x0000000089c00000| Untracked 
| 157|0x0000000089d00000, 0x0000000089d00000, 0x0000000089e00000|  0%| F|  |TAMS 0x0000000089d00000, 0x0000000089d00000| Untracked 
| 158|0x0000000089e00000, 0x0000000089e00000, 0x0000000089f00000|  0%| F|  |TAMS 0x0000000089e00000, 0x0000000089e00000| Untracked 
| 159|0x0000000089f00000, 0x0000000089f00000, 0x000000008a000000|  0%| F|  |TAMS 0x0000000089f00000, 0x0000000089f00000| Untracked 
| 160|0x000000008a000000, 0x000000008a000000, 0x000000008a100000|  0%| F|  |TAMS 0x000000008a000000, 0x000000008a000000| Untracked 
| 161|0x000000008a100000, 0x000000008a100000, 0x000000008a200000|  0%| F|  |TAMS 0x000000008a100000, 0x000000008a100000| Untracked 
| 162|0x000000008a200000, 0x000000008a200000, 0x000000008a300000|  0%| F|  |TAMS 0x000000008a200000, 0x000000008a200000| Untracked 
| 163|0x000000008a300000, 0x000000008a300000, 0x000000008a400000|  0%| F|  |TAMS 0x000000008a300000, 0x000000008a300000| Untracked 
| 164|0x000000008a400000, 0x000000008a400000, 0x000000008a500000|  0%| F|  |TAMS 0x000000008a400000, 0x000000008a400000| Untracked 
| 165|0x000000008a500000, 0x000000008a500000, 0x000000008a600000|  0%| F|  |TAMS 0x000000008a500000, 0x000000008a500000| Untracked 
| 166|0x000000008a600000, 0x000000008a600000, 0x000000008a700000|  0%| F|  |TAMS 0x000000008a600000, 0x000000008a600000| Untracked 
| 167|0x000000008a700000, 0x000000008a700000, 0x000000008a800000|  0%| F|  |TAMS 0x000000008a700000, 0x000000008a700000| Untracked 
| 168|0x000000008a800000, 0x000000008a800000, 0x000000008a900000|  0%| F|  |TAMS 0x000000008a800000, 0x000000008a800000| Untracked 
| 169|0x000000008a900000, 0x000000008a900000, 0x000000008aa00000|  0%| F|  |TAMS 0x000000008a900000, 0x000000008a900000| Untracked 
| 170|0x000000008aa00000, 0x000000008aa00000, 0x000000008ab00000|  0%| F|  |TAMS 0x000000008aa00000, 0x000000008aa00000| Untracked 
| 171|0x000000008ab00000, 0x000000008ab00000, 0x000000008ac00000|  0%| F|  |TAMS 0x000000008ab00000, 0x000000008ab00000| Untracked 
| 172|0x000000008ac00000, 0x000000008ac00000, 0x000000008ad00000|  0%| F|  |TAMS 0x000000008ac00000, 0x000000008ac00000| Untracked 
| 173|0x000000008ad00000, 0x000000008ad00000, 0x000000008ae00000|  0%| F|  |TAMS 0x000000008ad00000, 0x000000008ad00000| Untracked 
| 174|0x000000008ae00000, 0x000000008ae00000, 0x000000008af00000|  0%| F|  |TAMS 0x000000008ae00000, 0x000000008ae00000| Untracked 
| 175|0x000000008af00000, 0x000000008af00000, 0x000000008b000000|  0%| F|  |TAMS 0x000000008af00000, 0x000000008af00000| Untracked 
| 176|0x000000008b000000, 0x000000008b000000, 0x000000008b100000|  0%| F|  |TAMS 0x000000008b000000, 0x000000008b000000| Untracked 
| 177|0x000000008b100000, 0x000000008b100000, 0x000000008b200000|  0%| F|  |TAMS 0x000000008b100000, 0x000000008b100000| Untracked 
| 178|0x000000008b200000, 0x000000008b200000, 0x000000008b300000|  0%| F|  |TAMS 0x000000008b200000, 0x000000008b200000| Untracked 
| 179|0x000000008b300000, 0x000000008b300000, 0x000000008b400000|  0%| F|  |TAMS 0x000000008b300000, 0x000000008b300000| Untracked 
| 180|0x000000008b400000, 0x000000008b400000, 0x000000008b500000|  0%| F|  |TAMS 0x000000008b400000, 0x000000008b400000| Untracked 
| 181|0x000000008b500000, 0x000000008b500000, 0x000000008b600000|  0%| F|  |TAMS 0x000000008b500000, 0x000000008b500000| Untracked 
| 182|0x000000008b600000, 0x000000008b600000, 0x000000008b700000|  0%| F|  |TAMS 0x000000008b600000, 0x000000008b600000| Untracked 
| 183|0x000000008b700000, 0x000000008b700000, 0x000000008b800000|  0%| F|  |TAMS 0x000000008b700000, 0x000000008b700000| Untracked 
| 184|0x000000008b800000, 0x000000008b800000, 0x000000008b900000|  0%| F|  |TAMS 0x000000008b800000, 0x000000008b800000| Untracked 
| 185|0x000000008b900000, 0x000000008b900000, 0x000000008ba00000|  0%| F|  |TAMS 0x000000008b900000, 0x000000008b900000| Untracked 
| 186|0x000000008ba00000, 0x000000008bb00000, 0x000000008bb00000|100%| S|CS|TAMS 0x000000008ba00000, 0x000000008ba00000| Complete 
| 187|0x000000008bb00000, 0x000000008bc00000, 0x000000008bc00000|100%| S|CS|TAMS 0x000000008bb00000, 0x000000008bb00000| Complete 
| 188|0x000000008bc00000, 0x000000008bc00000, 0x000000008bd00000|  0%| F|  |TAMS 0x000000008bc00000, 0x000000008bc00000| Untracked 
| 189|0x000000008bd00000, 0x000000008bd00000, 0x000000008be00000|  0%| F|  |TAMS 0x000000008bd00000, 0x000000008bd00000| Untracked 
| 190|0x000000008be00000, 0x000000008be00000, 0x000000008bf00000|  0%| F|  |TAMS 0x000000008be00000, 0x000000008be00000| Untracked 
| 191|0x000000008bf00000, 0x000000008bf00000, 0x000000008c000000|  0%| F|  |TAMS 0x000000008bf00000, 0x000000008bf00000| Untracked 
| 192|0x000000008c000000, 0x000000008c000000, 0x000000008c100000|  0%| F|  |TAMS 0x000000008c000000, 0x000000008c000000| Untracked 
| 193|0x000000008c100000, 0x000000008c100000, 0x000000008c200000|  0%| F|  |TAMS 0x000000008c100000, 0x000000008c100000| Untracked 
| 194|0x000000008c200000, 0x000000008c200000, 0x000000008c300000|  0%| F|  |TAMS 0x000000008c200000, 0x000000008c200000| Untracked 
| 195|0x000000008c300000, 0x000000008c300000, 0x000000008c400000|  0%| F|  |TAMS 0x000000008c300000, 0x000000008c300000| Untracked 
| 196|0x000000008c400000, 0x000000008c400000, 0x000000008c500000|  0%| F|  |TAMS 0x000000008c400000, 0x000000008c400000| Untracked 
| 197|0x000000008c500000, 0x000000008c500000, 0x000000008c600000|  0%| F|  |TAMS 0x000000008c500000, 0x000000008c500000| Untracked 
| 198|0x000000008c600000, 0x000000008c600000, 0x000000008c700000|  0%| F|  |TAMS 0x000000008c600000, 0x000000008c600000| Untracked 
| 199|0x000000008c700000, 0x000000008c700000, 0x000000008c800000|  0%| F|  |TAMS 0x000000008c700000, 0x000000008c700000| Untracked 
| 200|0x000000008c800000, 0x000000008c800000, 0x000000008c900000|  0%| F|  |TAMS 0x000000008c800000, 0x000000008c800000| Untracked 
| 201|0x000000008c900000, 0x000000008c900000, 0x000000008ca00000|  0%| F|  |TAMS 0x000000008c900000, 0x000000008c900000| Untracked 
| 202|0x000000008ca00000, 0x000000008ca00000, 0x000000008cb00000|  0%| F|  |TAMS 0x000000008ca00000, 0x000000008ca00000| Untracked 
| 203|0x000000008cb00000, 0x000000008cb00000, 0x000000008cc00000|  0%| F|  |TAMS 0x000000008cb00000, 0x000000008cb00000| Untracked 
| 204|0x000000008cc00000, 0x000000008cc00000, 0x000000008cd00000|  0%| F|  |TAMS 0x000000008cc00000, 0x000000008cc00000| Untracked 
| 205|0x000000008cd00000, 0x000000008cd00000, 0x000000008ce00000|  0%| F|  |TAMS 0x000000008cd00000, 0x000000008cd00000| Untracked 
| 206|0x000000008ce00000, 0x000000008ce00000, 0x000000008cf00000|  0%| F|  |TAMS 0x000000008ce00000, 0x000000008ce00000| Untracked 
| 207|0x000000008cf00000, 0x000000008cf00000, 0x000000008d000000|  0%| F|  |TAMS 0x000000008cf00000, 0x000000008cf00000| Untracked 
| 208|0x000000008d000000, 0x000000008d000000, 0x000000008d100000|  0%| F|  |TAMS 0x000000008d000000, 0x000000008d000000| Untracked 
| 209|0x000000008d100000, 0x000000008d100000, 0x000000008d200000|  0%| F|  |TAMS 0x000000008d100000, 0x000000008d100000| Untracked 
| 210|0x000000008d200000, 0x000000008d200000, 0x000000008d300000|  0%| F|  |TAMS 0x000000008d200000, 0x000000008d200000| Untracked 
| 211|0x000000008d300000, 0x000000008d300000, 0x000000008d400000|  0%| F|  |TAMS 0x000000008d300000, 0x000000008d300000| Untracked 
| 212|0x000000008d400000, 0x000000008d400000, 0x000000008d500000|  0%| F|  |TAMS 0x000000008d400000, 0x000000008d400000| Untracked 
| 213|0x000000008d500000, 0x000000008d500000, 0x000000008d600000|  0%| F|  |TAMS 0x000000008d500000, 0x000000008d500000| Untracked 
| 214|0x000000008d600000, 0x000000008d600000, 0x000000008d700000|  0%| F|  |TAMS 0x000000008d600000, 0x000000008d600000| Untracked 
| 215|0x000000008d700000, 0x000000008d700000, 0x000000008d800000|  0%| F|  |TAMS 0x000000008d700000, 0x000000008d700000| Untracked 
| 216|0x000000008d800000, 0x000000008d800000, 0x000000008d900000|  0%| F|  |TAMS 0x000000008d800000, 0x000000008d800000| Untracked 
| 217|0x000000008d900000, 0x000000008d900000, 0x000000008da00000|  0%| F|  |TAMS 0x000000008d900000, 0x000000008d900000| Untracked 
| 218|0x000000008da00000, 0x000000008da00000, 0x000000008db00000|  0%| F|  |TAMS 0x000000008da00000, 0x000000008da00000| Untracked 
| 219|0x000000008db00000, 0x000000008db00000, 0x000000008dc00000|  0%| F|  |TAMS 0x000000008db00000, 0x000000008db00000| Untracked 

Card table byte_map: [0x0000013f2af50000,0x0000013f2b350000] _byte_map_base: 0x0000013f2ab50000

Marking Bits (Prev, Next): (CMBitMap*) 0x0000013f17ed9048, (CMBitMap*) 0x0000013f17ed9080
 Prev Bits: [0x0000013f2b750000, 0x0000013f2d750000)
 Next Bits: [0x0000013f2d750000, 0x0000013f2f750000)

Polling page: 0x0000013f15e60000

Metaspace:

Usage:
  Non-class:     78.99 MB capacity,    77.67 MB ( 98%) used,     1.07 MB (  1%) free+waste,   251.63 KB ( <1%) overhead. 
      Class:     12.57 MB capacity,    11.75 MB ( 93%) used,   720.18 KB (  6%) free+waste,   116.94 KB ( <1%) overhead. 
       Both:     91.56 MB capacity,    89.42 MB ( 98%) used,     1.78 MB (  2%) free+waste,   368.56 KB ( <1%) overhead. 

Virtual space:
  Non-class space:       80.00 MB reserved,      79.25 MB (>99%) committed 
      Class space:        1.00 GB reserved,      12.75 MB (  1%) committed 
             Both:        1.08 GB reserved,      92.00 MB (  8%) committed 

Chunk freelists:
   Non-Class:  202.00 KB
       Class:  89.00 KB
        Both:  291.00 KB

MaxMetaspaceSize: 17179869184.00 GB
CompressedClassSpaceSize: 1.00 GB

CodeHeap 'non-profiled nmethods': size=120000Kb used=6449Kb max_used=6449Kb free=113550Kb
 bounds [0x0000013f232f0000, 0x0000013f23940000, 0x0000013f2a820000]
CodeHeap 'profiled nmethods': size=120000Kb used=21770Kb max_used=21770Kb free=98229Kb
 bounds [0x0000013f1bdc0000, 0x0000013f1d310000, 0x0000013f232f0000]
CodeHeap 'non-nmethods': size=5760Kb used=2281Kb max_used=2353Kb free=3479Kb
 bounds [0x0000013f1b820000, 0x0000013f1ba90000, 0x0000013f1bdc0000]
 total_blobs=11137 nmethods=10270 adapters=778
 compilation: enabled
              stopped_count=0, restarted_count=0
 full_count=0

Compilation events (20 events):
Event: 8.947 Thread 0x0000013f344d3000 nmethod 10606 0x0000013f2393a210 code [0x0000013f2393a3a0, 0x0000013f2393a418]
Event: 8.947 Thread 0x0000013f344d3000 10608       4       com.android.tools.r8.w.a.a.a.f.X$f::hasNext (13 bytes)
Event: 8.947 Thread 0x0000013f344d3000 nmethod 10608 0x0000013f2393a490 code [0x0000013f2393a620, 0x0000013f2393a698]
Event: 8.947 Thread 0x0000013f344d3000 10577       4       com.android.tools.r8.v.b.o::v (29 bytes)
Event: 8.947 Thread 0x0000013f344d3000 nmethod 10577 0x0000013f2393a710 code [0x0000013f2393a8a0, 0x0000013f2393a8f8]
Event: 8.947 Thread 0x0000013f344d3000 10530       4       java.util.IdentityHashMap::maskNull (12 bytes)
Event: 8.947 Thread 0x0000013f344d3000 nmethod 10530 0x0000013f2393a990 code [0x0000013f2393ab20, 0x0000013f2393ab78]
Event: 8.947 Thread 0x0000013f344d3000 10303       4       com.android.tools.r8.graph.V0::<init> (5 bytes)
Event: 8.948 Thread 0x0000013f344d3000 nmethod 10303 0x0000013f2393ac10 code [0x0000013f2393ada0, 0x0000013f2393ae18]
Event: 8.948 Thread 0x0000013f344d3000 10302       4       com.android.tools.r8.graph.n0::o (2 bytes)
Event: 8.948 Thread 0x0000013f344d3000 nmethod 10302 0x0000013f2393ae90 code [0x0000013f2393b020, 0x0000013f2393b078]
Event: 8.948 Thread 0x0000013f344d3000 10615       4       com.android.tools.r8.graph.j::u (8 bytes)
Event: 8.948 Thread 0x0000013f344d3000 nmethod 10615 0x0000013f2393b110 code [0x0000013f2393b2a0, 0x0000013f2393b338]
Event: 8.948 Thread 0x0000013f344d3000 10617       4       com.android.tools.r8.w.a.a.a.h.Z0::a (109 bytes)
Event: 8.949 Thread 0x0000013f321ae800 nmethod 10582 0x0000013f2393b410 code [0x0000013f2393b5a0, 0x0000013f2393b838]
Event: 8.949 Thread 0x0000013f321ae800 10618       4       com.android.tools.r8.ir.regalloc.b::m (46 bytes)
Event: 8.950 Thread 0x0000013f321ae800 nmethod 10618 0x0000013f2393b990 code [0x0000013f2393bb40, 0x0000013f2393bc78]
Event: 8.950 Thread 0x0000013f321ae800 10619       4       com.android.tools.r8.v.b.q::previous (19 bytes)
Event: 8.951 Thread 0x0000013f344d3000 nmethod 10617 0x0000013f2393be10 code [0x0000013f2393bfc0, 0x0000013f2393c248]
Event: 8.951 Thread 0x0000013f344d3000 10624       4       com.android.tools.r8.w.a.a.a.f.X::get (106 bytes)

GC Heap History (20 events):
Event: 7.236 GC heap after
{Heap after GC invocations=17 (full 0):
 garbage-first heap   total 187392K, used 67037K [0x0000000080000000, 0x0000000100000000)
  region size 1024K, 10 young (10240K), 10 survivors (10240K)
 Metaspace       used 79063K, capacity 81085K, committed 81152K, reserved 1120256K
  class space    used 10287K, capacity 10998K, committed 11008K, reserved 1048576K
}
Event: 7.785 GC heap before
{Heap before GC invocations=17 (full 0):
 garbage-first heap   total 187392K, used 141789K [0x0000000080000000, 0x0000000100000000)
  region size 1024K, 84 young (86016K), 10 survivors (10240K)
 Metaspace       used 83108K, capacity 85126K, committed 85376K, reserved 1122304K
  class space    used 10792K, capacity 11545K, committed 11648K, reserved 1048576K
}
Event: 7.793 GC heap after
{Heap after GC invocations=18 (full 0):
 garbage-first heap   total 187392K, used 70434K [0x0000000080000000, 0x0000000100000000)
  region size 1024K, 9 young (9216K), 9 survivors (9216K)
 Metaspace       used 83108K, capacity 85126K, committed 85376K, reserved 1122304K
  class space    used 10792K, capacity 11545K, committed 11648K, reserved 1048576K
}
Event: 7.964 GC heap before
{Heap before GC invocations=18 (full 0):
 garbage-first heap   total 187392K, used 146210K [0x0000000080000000, 0x0000000100000000)
  region size 1024K, 83 young (84992K), 9 survivors (9216K)
 Metaspace       used 84272K, capacity 86398K, committed 86528K, reserved 1124352K
  class space    used 10962K, capacity 11730K, committed 11776K, reserved 1048576K
}
Event: 7.971 GC heap after
{Heap after GC invocations=19 (full 0):
 garbage-first heap   total 187392K, used 90903K [0x0000000080000000, 0x0000000100000000)
  region size 1024K, 11 young (11264K), 11 survivors (11264K)
 Metaspace       used 84272K, capacity 86398K, committed 86528K, reserved 1124352K
  class space    used 10962K, capacity 11730K, committed 11776K, reserved 1048576K
}
Event: 8.137 GC heap before
{Heap before GC invocations=19 (full 0):
 garbage-first heap   total 187392K, used 144151K [0x0000000080000000, 0x0000000100000000)
  region size 1024K, 64 young (65536K), 11 survivors (11264K)
 Metaspace       used 86734K, capacity 89051K, committed 89344K, reserved 1126400K
  class space    used 11355K, capacity 12200K, committed 12288K, reserved 1048576K
}
Event: 8.145 GC heap after
{Heap after GC invocations=20 (full 0):
 garbage-first heap   total 187392K, used 98296K [0x0000000080000000, 0x0000000100000000)
  region size 1024K, 8 young (8192K), 8 survivors (8192K)
 Metaspace       used 86734K, capacity 89051K, committed 89344K, reserved 1126400K
  class space    used 11355K, capacity 12200K, committed 12288K, reserved 1048576K
}
Event: 8.258 GC heap before
{Heap before GC invocations=20 (full 0):
 garbage-first heap   total 187392K, used 145400K [0x0000000080000000, 0x0000000100000000)
  region size 1024K, 54 young (55296K), 8 survivors (8192K)
 Metaspace       used 87127K, capacity 89526K, committed 89600K, reserved 1126400K
  class space    used 11396K, capacity 12269K, committed 12288K, reserved 1048576K
}
Event: 8.278 GC heap after
{Heap after GC invocations=21 (full 0):
 garbage-first heap   total 187392K, used 111602K [0x0000000080000000, 0x0000000100000000)
  region size 1024K, 7 young (7168K), 7 survivors (7168K)
 Metaspace       used 87127K, capacity 89526K, committed 89600K, reserved 1126400K
  class space    used 11396K, capacity 12269K, committed 12288K, reserved 1048576K
}
Event: 8.388 GC heap before
{Heap before GC invocations=21 (full 0):
 garbage-first heap   total 187392K, used 148466K [0x0000000080000000, 0x0000000100000000)
  region size 1024K, 43 young (44032K), 7 survivors (7168K)
 Metaspace       used 86977K, capacity 89112K, committed 89984K, reserved 1126400K
  class space    used 11318K, capacity 12087K, committed 12416K, reserved 1048576K
}
Event: 8.401 GC heap after
{Heap after GC invocations=22 (full 0):
 garbage-first heap   total 187392K, used 121431K [0x0000000080000000, 0x0000000100000000)
  region size 1024K, 6 young (6144K), 6 survivors (6144K)
 Metaspace       used 86977K, capacity 89112K, committed 89984K, reserved 1126400K
  class space    used 11318K, capacity 12087K, committed 12416K, reserved 1048576K
}
Event: 8.486 GC heap before
{Heap before GC invocations=23 (full 0):
 garbage-first heap   total 187392K, used 151127K [0x0000000080000000, 0x0000000100000000)
  region size 1024K, 35 young (35840K), 6 survivors (6144K)
 Metaspace       used 87330K, capacity 89505K, committed 90240K, reserved 1126400K
  class space    used 11367K, capacity 12153K, committed 12416K, reserved 1048576K
}
Event: 8.498 GC heap after
{Heap after GC invocations=24 (full 0):
 garbage-first heap   total 225280K, used 129794K [0x0000000080000000, 0x0000000100000000)
  region size 1024K, 5 young (5120K), 5 survivors (5120K)
 Metaspace       used 87330K, capacity 89505K, committed 90240K, reserved 1126400K
  class space    used 11367K, capacity 12153K, committed 12416K, reserved 1048576K
}
Event: 8.546 GC heap before
{Heap before GC invocations=24 (full 0):
 garbage-first heap   total 225280K, used 169730K [0x0000000080000000, 0x0000000100000000)
  region size 1024K, 44 young (45056K), 5 survivors (5120K)
 Metaspace       used 87440K, capacity 89574K, committed 90240K, reserved 1126400K
  class space    used 11370K, capacity 12153K, committed 12416K, reserved 1048576K
}
Event: 8.558 GC heap after
{Heap after GC invocations=25 (full 0):
 garbage-first heap   total 225280K, used 138686K [0x0000000080000000, 0x0000000100000000)
  region size 1024K, 6 young (6144K), 6 survivors (6144K)
 Metaspace       used 87440K, capacity 89574K, committed 90240K, reserved 1126400K
  class space    used 11370K, capacity 12153K, committed 12416K, reserved 1048576K
}
Event: 8.613 GC heap before
{Heap before GC invocations=25 (full 0):
 garbage-first heap   total 225280K, used 174526K [0x0000000080000000, 0x0000000100000000)
  region size 1024K, 42 young (43008K), 6 survivors (6144K)
 Metaspace       used 87534K, capacity 89670K, committed 90496K, reserved 1128448K
  class space    used 11389K, capacity 12185K, committed 12416K, reserved 1048576K
}
Event: 8.623 GC heap after
{Heap after GC invocations=26 (full 0):
 garbage-first heap   total 225280K, used 145777K [0x0000000080000000, 0x0000000100000000)
  region size 1024K, 6 young (6144K), 6 survivors (6144K)
 Metaspace       used 87534K, capacity 89670K, committed 90496K, reserved 1128448K
  class space    used 11389K, capacity 12185K, committed 12416K, reserved 1048576K
}
Event: 8.748 GC heap before
{Heap before GC invocations=26 (full 0):
 garbage-first heap   total 225280K, used 180593K [0x0000000080000000, 0x0000000100000000)
  region size 1024K, 40 young (40960K), 6 survivors (6144K)
 Metaspace       used 88450K, capacity 90509K, committed 91392K, reserved 1128448K
  class space    used 11477K, capacity 12252K, committed 12544K, reserved 1048576K
}
Event: 8.758 GC heap after
{Heap after GC invocations=27 (full 0):
 garbage-first heap   total 225280K, used 152382K [0x0000000080000000, 0x0000000100000000)
  region size 1024K, 5 young (5120K), 5 survivors (5120K)
 Metaspace       used 88450K, capacity 90509K, committed 91392K, reserved 1128448K
  class space    used 11477K, capacity 12252K, committed 12544K, reserved 1048576K
}
Event: 8.951 GC heap before
{Heap before GC invocations=28 (full 0):
 garbage-first heap   total 225280K, used 184126K [0x0000000080000000, 0x0000000100000000)
  region size 1024K, 37 young (37888K), 5 survivors (5120K)
 Metaspace       used 91569K, capacity 93757K, committed 94208K, reserved 1130496K
  class space    used 12033K, capacity 12871K, committed 13056K, reserved 1048576K
}

Deoptimization events (20 events):
Event: 8.822 Thread 0x0000013f366ee000 Uncommon trap: trap_request=0xffffffc6 fr.pc=0x0000013f2389dde0 relative=0x0000000000000840
Event: 8.822 Thread 0x0000013f366ee000 Uncommon trap: reason=bimorphic_or_optimized_type_check action=maybe_recompile pc=0x0000013f2389dde0 method=com.android.tools.r8.s.a.a.a.s$a.hashCode()I @ 26 c2
Event: 8.822 Thread 0x0000013f366ee000 DEOPT PACKING pc=0x0000013f2389dde0 sp=0x000000301fffa110
Event: 8.822 Thread 0x0000013f366ee000 DEOPT UNPACKING pc=0x0000013f1b82822f sp=0x000000301fffa0b8 mode 2
Event: 8.823 Thread 0x0000013f366ee000 Uncommon trap: trap_request=0xffffffc6 fr.pc=0x0000013f2389dde0 relative=0x0000000000000840
Event: 8.823 Thread 0x0000013f366ee000 Uncommon trap: reason=bimorphic_or_optimized_type_check action=maybe_recompile pc=0x0000013f2389dde0 method=com.android.tools.r8.s.a.a.a.s$a.hashCode()I @ 26 c2
Event: 8.823 Thread 0x0000013f366ee000 DEOPT PACKING pc=0x0000013f2389dde0 sp=0x000000301fffa120
Event: 8.823 Thread 0x0000013f366ee000 DEOPT UNPACKING pc=0x0000013f1b82822f sp=0x000000301fffa0c8 mode 2
Event: 8.823 Thread 0x0000013f366ee000 Uncommon trap: trap_request=0xffffffc6 fr.pc=0x0000013f2389dde0 relative=0x0000000000000840
Event: 8.823 Thread 0x0000013f366ee000 Uncommon trap: reason=bimorphic_or_optimized_type_check action=maybe_recompile pc=0x0000013f2389dde0 method=com.android.tools.r8.s.a.a.a.s$a.hashCode()I @ 26 c2
Event: 8.823 Thread 0x0000013f366ee000 DEOPT PACKING pc=0x0000013f2389dde0 sp=0x000000301fffa100
Event: 8.823 Thread 0x0000013f366ee000 DEOPT UNPACKING pc=0x0000013f1b82822f sp=0x000000301fffa0a8 mode 2
Event: 8.823 Thread 0x0000013f366ee000 Uncommon trap: trap_request=0xffffffc6 fr.pc=0x0000013f2389dde0 relative=0x0000000000000840
Event: 8.823 Thread 0x0000013f366ee000 Uncommon trap: reason=bimorphic_or_optimized_type_check action=maybe_recompile pc=0x0000013f2389dde0 method=com.android.tools.r8.s.a.a.a.s$a.hashCode()I @ 26 c2
Event: 8.823 Thread 0x0000013f366ee000 DEOPT PACKING pc=0x0000013f2389dde0 sp=0x000000301fffa0c0
Event: 8.823 Thread 0x0000013f366eb800 Uncommon trap: trap_request=0xffffffc6 fr.pc=0x0000013f2389dde0 relative=0x0000000000000840
Event: 8.823 Thread 0x0000013f366eb800 Uncommon trap: reason=bimorphic_or_optimized_type_check action=maybe_recompile pc=0x0000013f2389dde0 method=com.android.tools.r8.s.a.a.a.s$a.hashCode()I @ 26 c2
Event: 8.823 Thread 0x0000013f366eb800 DEOPT PACKING pc=0x0000013f2389dde0 sp=0x00000030201fa160
Event: 8.823 Thread 0x0000013f366ee000 DEOPT UNPACKING pc=0x0000013f1b82822f sp=0x000000301fffa068 mode 2
Event: 8.823 Thread 0x0000013f366eb800 DEOPT UNPACKING pc=0x0000013f1b82822f sp=0x00000030201fa108 mode 2

Classes redefined (0 events):
No events

Internal exceptions (20 events):
Event: 8.414 Thread 0x0000013f366e6800 Implicit null exception at 0x0000013f238bf12d to 0x0000013f238c0ac8
Event: 8.734 Thread 0x0000013f366e2800 Exception <a 'java/lang/NoSuchMethodError'{0x000000008bbc5228}: 'long java.lang.invoke.DirectMethodHandle$Holder.invokeStatic(java.lang.Object, java.lang.Object)'> (0x000000008bbc5228) thrown at [./src/hotspot/share/interpreter/linkResolver.cpp, line 773]
Event: 8.741 Thread 0x0000013f366e6800 Exception <a 'java/lang/NoSuchMethodError'{0x000000008bbf1718}: 'void java.lang.invoke.DirectMethodHandle$Holder.invokeSpecial(java.lang.Object, java.lang.Object, int, java.lang.Object)'> (0x000000008bbf1718) thrown at [./src/hotspot/share/interpreter/linkResolver.cpp, line 773]
Event: 8.741 Thread 0x0000013f366ed000 Exception <a 'java/lang/NoSuchMethodError'{0x000000008bb73190}: 'void java.lang.invoke.DirectMethodHandle$Holder.invokeSpecial(java.lang.Object, java.lang.Object, int, java.lang.Object)'> (0x000000008bb73190) thrown at [./src/hotspot/share/interpreter/linkResolver.cpp, line 773]
Event: 8.741 Thread 0x0000013f366ee800 Exception <a 'java/lang/NoSuchMethodError'{0x000000008ba37008}: 'void java.lang.invoke.DirectMethodHandle$Holder.invokeSpecial(java.lang.Object, java.lang.Object, int, java.lang.Object)'> (0x000000008ba37008) thrown at [./src/hotspot/share/interpreter/linkResolver.cpp, line 773]
Event: 8.741 Thread 0x0000013f366ec000 Exception <a 'java/lang/NoSuchMethodError'{0x000000008ba094e0}: 'void java.lang.invoke.DirectMethodHandle$Holder.invokeSpecial(java.lang.Object, java.lang.Object, int, java.lang.Object)'> (0x000000008ba094e0) thrown at [./src/hotspot/share/interpreter/linkResolver.cpp, line 773]
Event: 8.767 Thread 0x0000013f366e5800 Exception <a 'java/lang/NoSuchMethodError'{0x000000008dbc0ea8}: 'int java.lang.invoke.DirectMethodHandle$Holder.invokeSpecial(java.lang.Object, java.lang.Object, java.lang.Object, java.lang.Object, java.lang.Object)'> (0x000000008dbc0ea8) thrown at [./src/hotspot/share/interpreter/linkResolver.cpp, line 773]
Event: 8.798 Thread 0x0000013f366ec000 Exception <a 'java/lang/NoSuchMethodError'{0x000000008d740af0}: 'java.lang.Object java.lang.invoke.DirectMethodHandle$Holder.invokeVirtual(java.lang.Object, java.lang.Object, int, java.lang.Object)'> (0x000000008d740af0) thrown at [./src/hotspot/share/interpreter/linkResolver.cpp, line 773]
Event: 8.798 Thread 0x0000013f366ee800 Exception <a 'java/lang/NoSuchMethodError'{0x000000008d8eef80}: 'java.lang.Object java.lang.invoke.DirectMethodHandle$Holder.invokeVirtual(java.lang.Object, java.lang.Object, int, java.lang.Object)'> (0x000000008d8eef80) thrown at [./src/hotspot/share/interpreter/linkResolver.cpp, line 773]
Event: 8.798 Thread 0x0000013f366e6800 Exception <a 'java/lang/NoSuchMethodError'{0x000000008da67738}: 'java.lang.Object java.lang.invoke.DirectMethodHandle$Holder.invokeVirtual(java.lang.Object, java.lang.Object, int, java.lang.Object)'> (0x000000008da67738) thrown at [./src/hotspot/share/interpreter/linkResolver.cpp, line 773]
Event: 8.798 Thread 0x0000013f366ed000 Exception <a 'java/lang/NoSuchMethodError'{0x000000008d706108}: 'java.lang.Object java.lang.invoke.DirectMethodHandle$Holder.invokeVirtual(java.lang.Object, java.lang.Object, int, java.lang.Object)'> (0x000000008d706108) thrown at [./src/hotspot/share/interpreter/linkResolver.cpp, line 773]
Event: 8.798 Thread 0x0000013f366eb800 Exception <a 'java/lang/NoSuchMethodError'{0x000000008d772eb0}: 'java.lang.Object java.lang.invoke.DirectMethodHandle$Holder.invokeVirtual(java.lang.Object, java.lang.Object, int, java.lang.Object)'> (0x000000008d772eb0) thrown at [./src/hotspot/share/interpreter/linkResolver.cpp, line 773]
Event: 8.798 Thread 0x0000013f366ee000 Exception <a 'java/lang/NoSuchMethodError'{0x000000008d7189d8}: 'java.lang.Object java.lang.invoke.DirectMethodHandle$Holder.invokeVirtual(java.lang.Object, java.lang.Object, int, java.lang.Object)'> (0x000000008d7189d8) thrown at [./src/hotspot/share/interpreter/linkResolver.cpp, line 773]
Event: 8.798 Thread 0x0000013f366e2800 Exception <a 'java/lang/NoSuchMethodError'{0x000000008d7302a8}: 'java.lang.Object java.lang.invoke.DirectMethodHandle$Holder.invokeVirtual(java.lang.Object, java.lang.Object, int, java.lang.Object)'> (0x000000008d7302a8) thrown at [./src/hotspot/share/interpreter/linkResolver.cpp, line 773]
Event: 8.798 Thread 0x0000013f366e5800 Exception <a 'java/lang/NoSuchMethodError'{0x000000008d93a710}: 'java.lang.Object java.lang.invoke.DirectMethodHandle$Holder.invokeVirtual(java.lang.Object, java.lang.Object, int, java.lang.Object)'> (0x000000008d93a710) thrown at [./src/hotspot/share/interpreter/linkResolver.cpp, line 773]
Event: 8.809 Thread 0x0000013f366ec000 Exception <a 'java/lang/NoSuchMethodError'{0x000000008d6ad230}: 'void java.lang.invoke.DirectMethodHandle$Holder.invokeVirtual(java.lang.Object, java.lang.Object, int, java.lang.Object)'> (0x000000008d6ad230) thrown at [./src/hotspot/share/interpreter/linkResolver.cpp, line 773]
Event: 8.845 Thread 0x0000013f366ee800 Exception <a 'java/lang/NoSuchMethodError'{0x000000008d1ea1a8}: 'int java.lang.invoke.DirectMethodHandle$Holder.invokeSpecial(java.lang.Object, java.lang.Object, java.lang.Object, int, java.lang.Object)'> (0x000000008d1ea1a8) thrown at [./src/hotspot/share/interpreter/linkResolver.cpp, line 773]
Event: 8.852 Thread 0x0000013f366e5800 Exception <a 'java/lang/NoSuchMethodError'{0x000000008d0dd5e8}: 'java.lang.Object java.lang.invoke.DirectMethodHandle$Holder.newInvokeSpecial(java.lang.Object, int)'> (0x000000008d0dd5e8) thrown at [./src/hotspot/share/interpreter/linkResolver.cpp, line 773]
Event: 8.852 Thread 0x0000013f366ec000 Exception <a 'java/lang/NoSuchMethodError'{0x000000008d356b10}: 'java.lang.Object java.lang.invoke.DirectMethodHandle$Holder.newInvokeSpecial(java.lang.Object, int)'> (0x000000008d356b10) thrown at [./src/hotspot/share/interpreter/linkResolver.cpp, line 773]
Event: 8.896 Thread 0x0000013f366e5800 Exception <a 'java/lang/NoSuchMethodError'{0x000000008c97b488}: 'java.lang.Object java.lang.invoke.DirectMethodHandle$Holder.invokeInterface(java.lang.Object, java.lang.Object, int)'> (0x000000008c97b488) thrown at [./src/hotspot/share/interpreter/linkResolver.cpp, line 773]

Events (20 events):
Event: 8.944 loading class com/android/tools/r8/code/w2 done
Event: 8.945 loading class com/android/tools/r8/code/t2
Event: 8.945 loading class com/android/tools/r8/code/t2 done
Event: 8.945 loading class com/android/tools/r8/code/v2
Event: 8.945 loading class com/android/tools/r8/code/v2 done
Event: 8.945 loading class com/android/tools/r8/code/y2
Event: 8.945 loading class com/android/tools/r8/code/y2 done
Event: 8.945 loading class com/android/tools/r8/code/C2
Event: 8.945 loading class com/android/tools/r8/code/C2 done
Event: 8.946 loading class com/android/tools/r8/code/x2
Event: 8.946 loading class com/android/tools/r8/code/x2 done
Event: 8.946 loading class com/android/tools/r8/code/z2
Event: 8.946 loading class com/android/tools/r8/code/z2 done
Event: 8.946 loading class com/android/tools/r8/code/u2
Event: 8.946 loading class com/android/tools/r8/code/u2 done
Event: 8.946 loading class com/android/tools/r8/code/B2
Event: 8.946 loading class com/android/tools/r8/code/B2 done
Event: 8.946 loading class com/android/tools/r8/code/A2
Event: 8.946 loading class com/android/tools/r8/code/A2 done
Event: 8.951 Executing VM operation: G1CollectForAllocation


Dynamic libraries:
0x00007ff7c8190000 - 0x00007ff7c819a000 	C:\Program Files\Android\Android Studio\jre\bin\java.exe
0x00007fff62a90000 - 0x00007fff62c85000 	C:\Windows\SYSTEM32\ntdll.dll
0x00007fff627e0000 - 0x00007fff6289e000 	C:\Windows\System32\KERNEL32.DLL
0x00007fff60700000 - 0x00007fff609c8000 	C:\Windows\System32\KERNELBASE.dll
0x00007fff60330000 - 0x00007fff60430000 	C:\Windows\System32\ucrtbase.dll
0x00007fff5b680000 - 0x00007fff5b699000 	C:\Program Files\Android\Android Studio\jre\bin\jli.dll
0x00007fff59300000 - 0x00007fff59317000 	C:\Program Files\Android\Android Studio\jre\bin\VCRUNTIME140.dll
0x00007fff60af0000 - 0x00007fff60c90000 	C:\Windows\System32\USER32.dll
0x00007fff606d0000 - 0x00007fff606f2000 	C:\Windows\System32\win32u.dll
0x00007fff61090000 - 0x00007fff610bb000 	C:\Windows\System32\GDI32.dll
0x00007fff4c4d0000 - 0x00007fff4c76a000 	C:\Windows\WinSxS\amd64_microsoft.windows.common-controls_6595b64144ccf1df_6.0.19041.1110_none_60b5254171f9507e\COMCTL32.dll
0x00007fff60220000 - 0x00007fff6032b000 	C:\Windows\System32\gdi32full.dll
0x00007fff61cd0000 - 0x00007fff61d6e000 	C:\Windows\System32\msvcrt.dll
0x00007fff60a50000 - 0x00007fff60aed000 	C:\Windows\System32\msvcp_win.dll
0x00007fff61fc0000 - 0x00007fff61ff0000 	C:\Windows\System32\IMM32.DLL
0x00007fff2db60000 - 0x00007fff2dbfd000 	C:\Program Files\Android\Android Studio\jre\bin\msvcp140.dll
0x00007ffedd6f0000 - 0x00007ffede1ac000 	C:\Program Files\Android\Android Studio\jre\bin\server\jvm.dll
0x00007fff60d70000 - 0x00007fff60e1e000 	C:\Windows\System32\ADVAPI32.dll
0x00007fff62180000 - 0x00007fff6221c000 	C:\Windows\System32\sechost.dll
0x00007fff61d70000 - 0x00007fff61e95000 	C:\Windows\System32\RPCRT4.dll
0x00007fff61b70000 - 0x00007fff61b78000 	C:\Windows\System32\PSAPI.DLL
0x00007fff4c240000 - 0x00007fff4c267000 	C:\Windows\SYSTEM32\WINMM.dll
0x00007fff53d10000 - 0x00007fff53d1a000 	C:\Windows\SYSTEM32\VERSION.dll
0x00007fff57bb0000 - 0x00007fff57bb9000 	C:\Windows\SYSTEM32\WSOCK32.dll
0x00007fff622a0000 - 0x00007fff6230b000 	C:\Windows\System32\WS2_32.dll
0x00007fff5ea50000 - 0x00007fff5ea62000 	C:\Windows\SYSTEM32\kernel.appcore.dll
0x00007fff2eaf0000 - 0x00007fff2eb01000 	C:\Program Files\Android\Android Studio\jre\bin\verify.dll
0x00007fff5de00000 - 0x00007fff5dfe4000 	C:\Windows\SYSTEM32\DBGHELP.DLL
0x00007fff51e90000 - 0x00007fff51ebc000 	C:\Windows\SYSTEM32\dbgcore.DLL
0x00007fff604e0000 - 0x00007fff60562000 	C:\Windows\System32\bcryptPrimitives.dll
0x00007ffee7570000 - 0x00007ffee7599000 	C:\Program Files\Android\Android Studio\jre\bin\java.dll
0x00007fff3aaf0000 - 0x00007fff3aafb000 	C:\Program Files\Android\Android Studio\jre\bin\jimage.dll
0x00007fff15160000 - 0x00007fff15178000 	C:\Program Files\Android\Android Studio\jre\bin\zip.dll
0x00007fff61420000 - 0x00007fff61b64000 	C:\Windows\System32\SHELL32.dll
0x00007fff5e2a0000 - 0x00007fff5ea34000 	C:\Windows\SYSTEM32\windows.storage.dll
0x00007fff610c0000 - 0x00007fff61414000 	C:\Windows\System32\combase.dll
0x00007fff5fc10000 - 0x00007fff5fc3c000 	C:\Windows\SYSTEM32\Wldp.dll
0x00007fff60fe0000 - 0x00007fff6108d000 	C:\Windows\System32\SHCORE.dll
0x00007fff60f80000 - 0x00007fff60fd5000 	C:\Windows\System32\shlwapi.dll
0x00007fff600f0000 - 0x00007fff6010f000 	C:\Windows\SYSTEM32\profapi.dll
0x00007ffee3d90000 - 0x00007ffee3daa000 	C:\Program Files\Android\Android Studio\jre\bin\net.dll
0x00007fff5a210000 - 0x00007fff5a319000 	C:\Windows\SYSTEM32\WINHTTP.dll
0x00007fff5f970000 - 0x00007fff5f9da000 	C:\Windows\system32\mswsock.dll
0x00007ffee3d70000 - 0x00007ffee3d84000 	C:\Program Files\Android\Android Studio\jre\bin\nio.dll
0x00007fff35680000 - 0x00007fff356a7000 	C:\Users\EdyPo\.gradle\native\fdc75f09e3144964f2cf3f50f0aa648679c211496f362492102eb8c894070792\windows-amd64\native-platform.dll
0x00007fff29690000 - 0x00007fff29826000 	C:\Users\EdyPo\.gradle\native\12488b8bf47d2d4c9fbf2f6322a914ad602e24e48041cd04a747c6da556b65c4\windows-amd64\native-platform-file-events.dll
0x00007fff35de0000 - 0x00007fff35dea000 	C:\Program Files\Android\Android Studio\jre\bin\management.dll
0x00007fff35700000 - 0x00007fff3570c000 	C:\Program Files\Android\Android Studio\jre\bin\management_ext.dll
0x00007fff5fb60000 - 0x00007fff5fb78000 	C:\Windows\SYSTEM32\CRYPTSP.dll
0x00007fff5f280000 - 0x00007fff5f2b4000 	C:\Windows\system32\rsaenh.dll
0x00007fff60a20000 - 0x00007fff60a47000 	C:\Windows\System32\bcrypt.dll
0x00007fff60070000 - 0x00007fff6009e000 	C:\Windows\SYSTEM32\USERENV.dll
0x00007fff5fb80000 - 0x00007fff5fb8c000 	C:\Windows\SYSTEM32\CRYPTBASE.dll
0x00007fff5f610000 - 0x00007fff5f64b000 	C:\Windows\SYSTEM32\IPHLPAPI.DLL
0x00007fff60d40000 - 0x00007fff60d48000 	C:\Windows\System32\NSI.dll
0x00007fff55140000 - 0x00007fff55157000 	C:\Windows\SYSTEM32\dhcpcsvc6.DLL
0x00007fff550c0000 - 0x00007fff550dd000 	C:\Windows\SYSTEM32\dhcpcsvc.DLL
0x00007fff5f660000 - 0x00007fff5f72a000 	C:\Windows\SYSTEM32\DNSAPI.dll
0x00007fff5aae0000 - 0x00007fff5aaeb000 	C:\Windows\SYSTEM32\WINNSI.DLL

dbghelp: loaded successfully - version: 4.0.5 - missing functions: none
symbol engine: initialized successfully - sym options: 0x614 - pdb path: .;C:\Program Files\Android\Android Studio\jre\bin;C:\Windows\SYSTEM32;C:\Windows\WinSxS\amd64_microsoft.windows.common-controls_6595b64144ccf1df_6.0.19041.1110_none_60b5254171f9507e;C:\Program Files\Android\Android Studio\jre\bin\server;C:\Users\EdyPo\.gradle\native\fdc75f09e3144964f2cf3f50f0aa648679c211496f362492102eb8c894070792\windows-amd64;C:\Users\EdyPo\.gradle\native\12488b8bf47d2d4c9fbf2f6322a914ad602e24e48041cd04a747c6da556b65c4\windows-amd64

VM Arguments:
jvm_args: --add-opens=java.base/java.util=ALL-UNNAMED --add-opens=java.base/java.lang=ALL-UNNAMED --add-opens=java.base/java.lang.invoke=ALL-UNNAMED --add-opens=java.prefs/java.util.prefs=ALL-UNNAMED -Xmx2048m -Dfile.encoding=UTF-8 -Duser.country=ID -Duser.language=en -Duser.variant 
java_command: org.gradle.launcher.daemon.bootstrap.GradleDaemon 6.7.1
java_class_path (initial): C:\Users\EdyPo\.gradle\wrapper\dists\gradle-6.7.1-bin\bwlcbys1h7rz3272sye1xwiv6\gradle-6.7.1\lib\gradle-launcher-6.7.1.jar
Launcher Type: SUN_STANDARD

[Global flags]
     intx CICompilerCount                          = 4                                         {product} {ergonomic}
     uint ConcGCThreads                            = 2                                         {product} {ergonomic}
     uint G1ConcRefinementThreads                  = 8                                         {product} {ergonomic}
   size_t G1HeapRegionSize                         = 1048576                                   {product} {ergonomic}
    uintx GCDrainStackTargetSize                   = 64                                        {product} {ergonomic}
   size_t InitialHeapSize                          = 132120576                                 {product} {ergonomic}
   size_t MarkStackSize                            = 4194304                                   {product} {ergonomic}
   size_t MaxHeapSize                              = 2147483648                                {product} {command line}
   size_t MaxNewSize                               = 1287651328                                {product} {ergonomic}
   size_t MinHeapDeltaBytes                        = 1048576                                   {product} {ergonomic}
    uintx NonNMethodCodeHeapSize                   = 5836300                                {pd product} {ergonomic}
    uintx NonProfiledCodeHeapSize                  = 122910970                              {pd product} {ergonomic}
    uintx ProfiledCodeHeapSize                     = 122910970                              {pd product} {ergonomic}
    uintx ReservedCodeCacheSize                    = 251658240                              {pd product} {ergonomic}
     bool SegmentedCodeCache                       = true                                      {product} {ergonomic}
     bool UseCompressedClassPointers               = true                                 {lp64_product} {ergonomic}
     bool UseCompressedOops                        = true                                 {lp64_product} {ergonomic}
     bool UseG1GC                                  = true                                      {product} {ergonomic}
     bool UseLargePagesIndividualAllocation        = false                                  {pd product} {ergonomic}

Logging:
Log output configuration:
 #0: stdout all=warning uptime,level,tags
 #1: stderr all=off uptime,level,tags

Environment Variables:
PATH=C:\ProgramData\Oracle\Java\javapath;C:\Windows\system32;C:\Windows;C:\Windows\System32\Wbem;C:\Windows\System32\WindowsPowerShell\v1.0\;C:\Windows\System32\OpenSSH\;V:\Git\cmd;C:\Program Files\nodejs\;C:\Users\EdyPo\AppData\Local\Microsoft\WindowsApps;C:\Users\EdyPo\AppData\Roaming\npm;C:\Users\EdyPo\AppData\Local\Programs\Microsoft VS Code\bin
USERNAME=EdyPo
OS=Windows_NT
PROCESSOR_IDENTIFIER=Intel64 Family 6 Model 140 Stepping 1, GenuineIntel



---------------  S Y S T E M  ---------------

OS: Windows 10 , 64 bit Build 19041 (10.0.19041.1566)
OS uptime: 0 days 1:30 hours

CPU:total 8 (initial active 8) (4 cores per cpu, 2 threads per core) family 6 model 140 stepping 1, cmov, cx8, fxsr, mmx, sse, sse2, sse3, ssse3, sse4.1, sse4.2, popcnt, avx, avx2, aes, clmul, erms, 3dnowpref, lzcnt, ht, tsc, tscinvbit, bmi1, bmi2, adx, evex, sha, fma

Memory: 4k page, system-wide physical 7991M (616M free)
TotalPageFile size 12536M (AvailPageFile size 27M)
current process WorkingSet (physical memory assigned to process): 549M, peak: 553M
current process commit charge ("private bytes"): 633M, peak: 697M

vm_info: OpenJDK 64-Bit Server VM (11.0.8+10-b944.6842174) for windows-amd64 JRE (11.0.8+10-b944.6842174), built on Sep 19 2020 01:11:42 by "builder" with MS VC++ 14.0 (VS2015)

END.
