#
# There is insufficient memory for the Java Runtime Environment to continue.
# Native memory allocation (malloc) failed to allocate 2025136 bytes for Chunk::new
# Possible reasons:
#   The system is out of physical RAM or swap space
#   The process is running with CompressedOops enabled, and the Java Heap may be blocking the growth of the native heap
# Possible solutions:
#   Reduce memory load on the system
#   Increase physical memory or swap space
#   Check if swap backing store is full
#   Decrease Java heap size (-Xmx/-Xms)
#   Decrease number of Java threads
#   Decrease Java thread stack sizes (-Xss)
#   Set larger code cache with -XX:ReservedCodeCacheSize=
#   JVM is running with Unscaled Compressed Oops mode in which the Java heap is
#     placed in the first 4GB address space. The Java Heap base address is the
#     maximum limit for the native heap growth. Please use -XX:HeapBaseMinAddress
#     to set the Java Heap base and to place the Java Heap above 4GB virtual address.
# This output file may be truncated or incomplete.
#
#  Out of Memory Error (./src/hotspot/share/memory/arena.cpp:197), pid=14900, tid=9744
#
# JRE version: OpenJDK Runtime Environment (11.0.8+10) (build 11.0.8+10-b944.6842174)
# Java VM: OpenJDK 64-Bit Server VM (11.0.8+10-b944.6842174, mixed mode, tiered, compressed oops, g1 gc, windows-amd64)
# No core dump will be written. Minidumps are not enabled by default on client versions of Windows
#

---------------  S U M M A R Y ------------

Command Line: --add-opens=java.base/java.util=ALL-UNNAMED --add-opens=java.base/java.lang=ALL-UNNAMED --add-opens=java.base/java.lang.invoke=ALL-UNNAMED --add-opens=java.prefs/java.util.prefs=ALL-UNNAMED -Xmx2048m -Dfile.encoding=UTF-8 -Duser.country=ID -Duser.language=en -Duser.variant org.gradle.launcher.daemon.bootstrap.GradleDaemon 6.7.1

Host: 11th Gen Intel(R) Core(TM) i5-1135G7 @ 2.40GHz, 8 cores, 7G,  Windows 10 , 64 bit Build 19041 (10.0.19041.1566)
Time: Tue Mar 22 14:45:35 2022 SE Asia Standard Time elapsed time: 8 seconds (0d 0h 0m 8s)

---------------  T H R E A D  ---------------

Current thread (0x0000025ee1d00000):  JavaThread "C2 CompilerThread0" daemon [_thread_in_native, id=9744, stack(0x000000bb9b800000,0x000000bb9b900000)]


Current CompileTask:
C2:   8108 10372       4       com.sun.xml.internal.stream.events.XMLEventAllocatorImpl::getXMLEvent (634 bytes)

Stack: [0x000000bb9b800000,0x000000bb9b900000]
Native frames: (J=compiled Java code, j=interpreted, Vv=VM code, C=native code)
V  [jvm.dll+0x5de50a]
V  [jvm.dll+0x7122f5]
V  [jvm.dll+0x71384d]
V  [jvm.dll+0x713f03]
V  [jvm.dll+0x23e728]
V  [jvm.dll+0xb899c]
V  [jvm.dll+0xb8e9c]
V  [jvm.dll+0x35020b]
V  [jvm.dll+0x31dea3]
V  [jvm.dll+0x31d39a]
V  [jvm.dll+0x1f7702]
V  [jvm.dll+0x1f68d4]
V  [jvm.dll+0x17f32c]
V  [jvm.dll+0x205047]
V  [jvm.dll+0x203891]
V  [jvm.dll+0x6dad3f]
V  [jvm.dll+0x6d3895]
V  [jvm.dll+0x5dd4a6]
C  [ucrtbase.dll+0x21bb2]
C  [KERNEL32.DLL+0x17034]
C  [ntdll.dll+0x52651]


---------------  P R O C E S S  ---------------

Threads class SMR info:
_java_thread_list=0x0000025ee3e699b0, length=168, elements={
0x0000025ec51aa800, 0x0000025ee14a9000, 0x0000025ee14aa800, 0x0000025ee14a2800,
0x0000025ee14a3800, 0x0000025ee1d00000, 0x0000025ee1d04800, 0x0000025ee1d07000,
0x0000025ee1e83000, 0x0000025ee1e8c800, 0x0000025ee21ea000, 0x0000025ee397e800,
0x0000025ee462a800, 0x0000025ee2c10000, 0x0000025ee33f4000, 0x0000025ee312b000,
0x0000025ee46ef000, 0x0000025ee318d800, 0x0000025ee3b94800, 0x0000025ee3919800,
0x0000025ee391a000, 0x0000025ee21ea800, 0x0000025ee21eb800, 0x0000025ee21ec800,
0x0000025ee21ed000, 0x0000025ee21ee000, 0x0000025ee21e8800, 0x0000025ee21e9000,
0x0000025ee7eb1000, 0x0000025ee7eb6000, 0x0000025ee7eb0000, 0x0000025ee7eb6800,
0x0000025ee7eb8000, 0x0000025ee7eb5000, 0x0000025ee7eb7800, 0x0000025ee7eb2800,
0x0000025ee7eb9000, 0x0000025ee7eb3800, 0x0000025ee7ebb800, 0x0000025ee7ebd000,
0x0000025ee7eba000, 0x0000025ee7ebc800, 0x0000025ee7eba800, 0x0000025ee7ebe000,
0x0000025ee7ebe800, 0x0000025ee6a93000, 0x0000025ee6a94800, 0x0000025ee6a94000,
0x0000025ee6a95800, 0x0000025ee6a98000, 0x0000025ee6a92800, 0x0000025ee6a99000,
0x0000025ee6a96800, 0x0000025ee6a97000, 0x0000025ee81f4000, 0x0000025ee81f6800,
0x0000025ee81f9000, 0x0000025ee81f8000, 0x0000025ee81f9800, 0x0000025ee81fa800,
0x0000025ee81f4800, 0x0000025ee81fb000, 0x0000025ee81f5800, 0x0000025ee81f7000,
0x0000025ee81fd000, 0x0000025ee81fe800, 0x0000025ee81fd800, 0x0000025ee8200000,
0x0000025ee81ff800, 0x0000025ee8201000, 0x0000025ee81fc000, 0x0000025ee8202800,
0x0000025ee8201800, 0x0000025ee5f81000, 0x0000025ee5f7e800, 0x0000025ee5f82800,
0x0000025ee5f80000, 0x0000025ee5f7d000, 0x0000025ee5f7f800, 0x0000025ee5f81800,
0x0000025ee5f83800, 0x0000025ee5f7d800, 0x0000025ee5f84000, 0x0000025ee5f8a800,
0x0000025ee5f85000, 0x0000025ee5f8b800, 0x0000025ee5f88000, 0x0000025ee5f89000,
0x0000025ee5f86000, 0x0000025ee5f87800, 0x0000025ee5f8a000, 0x0000025ee5f86800,
0x0000025ee6201000, 0x0000025ee61fd800, 0x0000025ee61fc000, 0x0000025ee61fd000,
0x0000025ee61fe800, 0x0000025ee6200000, 0x0000025ee61fb000, 0x0000025ee61ff000,
0x0000025ee6206000, 0x0000025ee6201800, 0x0000025ee6204000, 0x0000025ee6206800,
0x0000025ee6207800, 0x0000025ee6205000, 0x0000025ee6208000, 0x0000025ee6202800,
0x0000025ee6203800, 0x0000025ee620a000, 0x0000025ee6209000, 0x0000025ee6bbd800,
0x0000025ee6bbc800, 0x0000025ee6bb7800, 0x0000025ee6bbe000, 0x0000025ee6bb8800,
0x0000025ee6bbf000, 0x0000025ee6bb9000, 0x0000025ee6bbf800, 0x0000025ee6bba000,
0x0000025ee6bc0800, 0x0000025ee6bbb000, 0x0000025ee6bc1800, 0x0000025ee6bbb800,
0x0000025ee6bc4800, 0x0000025ee6bc4000, 0x0000025ee6bc2000, 0x0000025ee6bc3000,
0x0000025ee6bc5800, 0x0000025ee6bc6000, 0x0000025ee6d2a000, 0x0000025ee6d2b800,
0x0000025ee6d2c000, 0x0000025ee6d2d000, 0x0000025ee6d2e000, 0x0000025ee6d28000,
0x0000025ee6d2a800, 0x0000025ee6d2e800, 0x0000025ee6d29000, 0x0000025ee6d33800,
0x0000025ee6d31000, 0x0000025ee6d32800, 0x0000025ee6d32000, 0x0000025ee6d34800,
0x0000025ee6d35000, 0x0000025ee6d2f800, 0x0000025ee6d36000, 0x0000025ee6d30800,
0x0000025ee6d37000, 0x0000025ee7780800, 0x0000025ee7781800, 0x0000025ee7782000,
0x0000025ee7783000, 0x0000025ee7784000, 0x0000025ee777f800, 0x0000025ee7785800,
0x0000025ee7788000, 0x0000025ee7786800, 0x0000025ee7787000, 0x0000025ee7788800,
0x0000025ee7789800, 0x0000025ee778a800, 0x0000025ee7784800, 0x0000025ee778d800,
0x0000025ee778b000, 0x0000025ee778c000, 0x0000025ee778d000, 0x0000025ee778e800
}

Java Threads: ( => current thread )
  0x0000025ec51aa800 JavaThread "main" [_thread_blocked, id=17492, stack(0x000000bb9ad00000,0x000000bb9ae00000)]
  0x0000025ee14a9000 JavaThread "Reference Handler" daemon [_thread_blocked, id=1772, stack(0x000000bb9b400000,0x000000bb9b500000)]
  0x0000025ee14aa800 JavaThread "Finalizer" daemon [_thread_blocked, id=11508, stack(0x000000bb9b500000,0x000000bb9b600000)]
  0x0000025ee14a2800 JavaThread "Signal Dispatcher" daemon [_thread_blocked, id=18324, stack(0x000000bb9b600000,0x000000bb9b700000)]
  0x0000025ee14a3800 JavaThread "Attach Listener" daemon [_thread_blocked, id=6616, stack(0x000000bb9b700000,0x000000bb9b800000)]
=>0x0000025ee1d00000 JavaThread "C2 CompilerThread0" daemon [_thread_in_native, id=9744, stack(0x000000bb9b800000,0x000000bb9b900000)]
  0x0000025ee1d04800 JavaThread "C1 CompilerThread0" daemon [_thread_blocked, id=13956, stack(0x000000bb9b900000,0x000000bb9ba00000)]
  0x0000025ee1d07000 JavaThread "Sweeper thread" daemon [_thread_blocked, id=12576, stack(0x000000bb9ba00000,0x000000bb9bb00000)]
  0x0000025ee1e83000 JavaThread "Common-Cleaner" daemon [_thread_blocked, id=2060, stack(0x000000bb9bb00000,0x000000bb9bc00000)]
  0x0000025ee1e8c800 JavaThread "Service Thread" daemon [_thread_blocked, id=4476, stack(0x000000bb9bc00000,0x000000bb9bd00000)]
  0x0000025ee21ea000 JavaThread "C2 CompilerThread1" daemon [_thread_in_native, id=5944, stack(0x000000bb9be00000,0x000000bb9bf00000)]
  0x0000025ee397e800 JavaThread "Daemon health stats" [_thread_blocked, id=19376, stack(0x000000bb9c200000,0x000000bb9c300000)]
  0x0000025ee462a800 JavaThread "Incoming local TCP Connector on port 63953" [_thread_in_native, id=19008, stack(0x000000bb9c400000,0x000000bb9c500000)]
  0x0000025ee2c10000 JavaThread "Daemon periodic checks" [_thread_blocked, id=15840, stack(0x000000bb9c500000,0x000000bb9c600000)]
  0x0000025ee33f4000 JavaThread "Daemon" [_thread_blocked, id=13244, stack(0x000000bb9c600000,0x000000bb9c700000)]
  0x0000025ee312b000 JavaThread "Handler for socket connection from /127.0.0.1:63953 to /127.0.0.1:63954" [_thread_in_native, id=9148, stack(0x000000bb9c700000,0x000000bb9c800000)]
  0x0000025ee46ef000 JavaThread "Cancel handler" [_thread_blocked, id=7912, stack(0x000000bb9c800000,0x000000bb9c900000)]
  0x0000025ee318d800 JavaThread "Daemon worker" [_thread_blocked, id=15424, stack(0x000000bb9c900000,0x000000bb9ca00000)]
  0x0000025ee3b94800 JavaThread "Asynchronous log dispatcher for DefaultDaemonConnection: socket connection from /127.0.0.1:63953 to /127.0.0.1:63954" [_thread_blocked, id=4480, stack(0x000000bb9ca00000,0x000000bb9cb00000)]
  0x0000025ee3919800 JavaThread "Stdin handler" [_thread_blocked, id=4208, stack(0x000000bb9cb00000,0x000000bb9cc00000)]
  0x0000025ee391a000 JavaThread "Thread-8" [_thread_blocked, id=7184, stack(0x000000bb9cc00000,0x000000bb9cd00000)]
  0x0000025ee21ea800 JavaThread "Cache worker for file hash cache (C:\Users\EdyPo\.gradle\caches\6.7.1\fileHashes)" [_thread_blocked, id=6788, stack(0x000000bb9d200000,0x000000bb9d300000)]
  0x0000025ee21eb800 JavaThread "File lock request listener" [_thread_in_native, id=10500, stack(0x000000bb9d300000,0x000000bb9d400000)]
  0x0000025ee21ec800 JavaThread "Cache worker for journal cache (C:\Users\EdyPo\.gradle\caches\journal-1)" [_thread_blocked, id=19288, stack(0x000000bb9d500000,0x000000bb9d600000)]
  0x0000025ee21ed000 JavaThread "Cache worker for file hash cache (V:\Tugas\X\android\RestaurantReview\.gradle\6.7.1\fileHashes)" [_thread_blocked, id=18128, stack(0x000000bb9d600000,0x000000bb9d700000)]
  0x0000025ee21ee000 JavaThread "Cache worker for checksums cache (V:\Tugas\X\android\RestaurantReview\.gradle\checksums)" [_thread_blocked, id=8592, stack(0x000000bb9d700000,0x000000bb9d800000)]
  0x0000025ee21e8800 JavaThread "Cache worker for cache directory md-supplier (C:\Users\EdyPo\.gradle\caches\6.7.1\md-supplier)" [_thread_blocked, id=10856, stack(0x000000bb9d800000,0x000000bb9d900000)]
  0x0000025ee21e9000 JavaThread "Cache worker for cache directory md-rule (C:\Users\EdyPo\.gradle\caches\6.7.1\md-rule)" [_thread_blocked, id=1812, stack(0x000000bb9da00000,0x000000bb9db00000)]
  0x0000025ee7eb1000 JavaThread "Cache worker for execution history cache (C:\Users\EdyPo\.gradle\caches\6.7.1\executionHistory)" [_thread_blocked, id=19264, stack(0x000000bb9db00000,0x000000bb9dc00000)]
  0x0000025ee7eb6000 JavaThread "jar transforms" [_thread_blocked, id=15344, stack(0x000000bb9dc00000,0x000000bb9dd00000)]
  0x0000025ee7eb0000 JavaThread "Cache worker for file content cache (C:\Users\EdyPo\.gradle\caches\6.7.1\fileContent)" [_thread_blocked, id=19268, stack(0x000000bb9dd00000,0x000000bb9de00000)]
  0x0000025ee7eb6800 JavaThread "Cache worker for Build Output Cleanup Cache (V:\Tugas\X\android\RestaurantReview\.gradle\buildOutputCleanup)" [_thread_blocked, id=4660, stack(0x000000bb9de00000,0x000000bb9df00000)]
  0x0000025ee7eb8000 JavaThread "Build operations" [_thread_blocked, id=12052, stack(0x000000bb9df00000,0x000000bb9e000000)]
  0x0000025ee7eb5000 JavaThread "Build operations Thread 2" [_thread_blocked, id=10392, stack(0x000000bb9e000000,0x000000bb9e100000)]
  0x0000025ee7eb7800 JavaThread "Build operations Thread 3" [_thread_blocked, id=19404, stack(0x000000bb9e100000,0x000000bb9e200000)]
  0x0000025ee7eb2800 JavaThread "Build operations Thread 4" [_thread_blocked, id=924, stack(0x000000bb9e200000,0x000000bb9e300000)]
  0x0000025ee7eb9000 JavaThread "Build operations Thread 5" [_thread_blocked, id=18648, stack(0x000000bb9e300000,0x000000bb9e400000)]
  0x0000025ee7eb3800 JavaThread "Build operations Thread 6" [_thread_blocked, id=18940, stack(0x000000bb9e400000,0x000000bb9e500000)]
  0x0000025ee7ebb800 JavaThread "Build operations Thread 7" [_thread_blocked, id=15224, stack(0x000000bb9e500000,0x000000bb9e600000)]
  0x0000025ee7ebd000 JavaThread "Build operations Thread 8" [_thread_in_native, id=18688, stack(0x000000bb9e600000,0x000000bb9e700000)]
  0x0000025ee7eba000 JavaThread "jar transforms Thread 2" [_thread_blocked, id=11068, stack(0x000000bb9e700000,0x000000bb9e800000)]
  0x0000025ee7ebc800 JavaThread "jar transforms Thread 3" [_thread_blocked, id=19048, stack(0x000000bb9e800000,0x000000bb9e900000)]
  0x0000025ee7eba800 JavaThread "jar transforms Thread 4" [_thread_blocked, id=7232, stack(0x000000bb9e900000,0x000000bb9ea00000)]
  0x0000025ee7ebe000 JavaThread "jar transforms Thread 5" [_thread_blocked, id=19244, stack(0x000000bb9ea00000,0x000000bb9eb00000)]
  0x0000025ee7ebe800 JavaThread "jar transforms Thread 6" [_thread_blocked, id=19396, stack(0x000000bb9eb00000,0x000000bb9ec00000)]
  0x0000025ee6a93000 JavaThread "jar transforms Thread 7" [_thread_blocked, id=18468, stack(0x000000bb9ec00000,0x000000bb9ed00000)]
  0x0000025ee6a94800 JavaThread "jar transforms Thread 8" [_thread_blocked, id=6516, stack(0x000000bb9ed00000,0x000000bb9ee00000)]
  0x0000025ee6a94000 JavaThread "jar transforms Thread 9" [_thread_blocked, id=17904, stack(0x000000bb9ee00000,0x000000bb9ef00000)]
  0x0000025ee6a95800 JavaThread "jar transforms Thread 10" [_thread_blocked, id=16608, stack(0x000000bb9ef00000,0x000000bb9f000000)]
  0x0000025ee6a98000 JavaThread "jar transforms Thread 11" [_thread_blocked, id=9704, stack(0x000000bb9f000000,0x000000bb9f100000)]
  0x0000025ee6a92800 JavaThread "jar transforms Thread 12" [_thread_blocked, id=11012, stack(0x000000bb9f100000,0x000000bb9f200000)]
  0x0000025ee6a99000 JavaThread "jar transforms Thread 13" [_thread_blocked, id=19280, stack(0x000000bb9f200000,0x000000bb9f300000)]
  0x0000025ee6a96800 JavaThread "jar transforms Thread 14" [_thread_blocked, id=32, stack(0x000000bb9f300000,0x000000bb9f400000)]
  0x0000025ee6a97000 JavaThread "jar transforms Thread 15" [_thread_blocked, id=1656, stack(0x000000bb9f400000,0x000000bb9f500000)]
  0x0000025ee81f4000 JavaThread "jar transforms Thread 16" [_thread_blocked, id=19168, stack(0x000000bb9f500000,0x000000bb9f600000)]
  0x0000025ee81f6800 JavaThread "jar transforms Thread 17" [_thread_blocked, id=4012, stack(0x000000bb9f600000,0x000000bb9f700000)]
  0x0000025ee81f9000 JavaThread "jar transforms Thread 18" [_thread_blocked, id=1416, stack(0x000000bb9f700000,0x000000bb9f800000)]
  0x0000025ee81f8000 JavaThread "jar transforms Thread 19" [_thread_blocked, id=19228, stack(0x000000bb9f800000,0x000000bb9f900000)]
  0x0000025ee81f9800 JavaThread "jar transforms Thread 20" [_thread_blocked, id=16948, stack(0x000000bb9f900000,0x000000bb9fa00000)]
  0x0000025ee81fa800 JavaThread "jar transforms Thread 21" [_thread_blocked, id=18516, stack(0x000000bb9fa00000,0x000000bb9fb00000)]
  0x0000025ee81f4800 JavaThread "jar transforms Thread 22" [_thread_blocked, id=3824, stack(0x000000bb9fb00000,0x000000bb9fc00000)]
  0x0000025ee81fb000 JavaThread "jar transforms Thread 23" [_thread_blocked, id=11288, stack(0x000000bb9fc00000,0x000000bb9fd00000)]
  0x0000025ee81f5800 JavaThread "jar transforms Thread 24" [_thread_blocked, id=15932, stack(0x000000bb9fd00000,0x000000bb9fe00000)]
  0x0000025ee81f7000 JavaThread "jar transforms Thread 25" [_thread_blocked, id=3748, stack(0x000000bb9fe00000,0x000000bb9ff00000)]
  0x0000025ee81fd000 JavaThread "jar transforms Thread 26" [_thread_blocked, id=10892, stack(0x000000bb9ff00000,0x000000bba0000000)]
  0x0000025ee81fe800 JavaThread "jar transforms Thread 27" [_thread_blocked, id=10852, stack(0x000000bba0000000,0x000000bba0100000)]
  0x0000025ee81fd800 JavaThread "jar transforms Thread 28" [_thread_blocked, id=19060, stack(0x000000bba0100000,0x000000bba0200000)]
  0x0000025ee8200000 JavaThread "jar transforms Thread 29" [_thread_blocked, id=6204, stack(0x000000bba0200000,0x000000bba0300000)]
  0x0000025ee81ff800 JavaThread "jar transforms Thread 30" [_thread_blocked, id=1716, stack(0x000000bba0300000,0x000000bba0400000)]
  0x0000025ee8201000 JavaThread "jar transforms Thread 31" [_thread_blocked, id=9012, stack(0x000000bba0400000,0x000000bba0500000)]
  0x0000025ee81fc000 JavaThread "jar transforms Thread 32" [_thread_blocked, id=18600, stack(0x000000bba0500000,0x000000bba0600000)]
  0x0000025ee8202800 JavaThread "jar transforms Thread 33" [_thread_blocked, id=19052, stack(0x000000bba0600000,0x000000bba0700000)]
  0x0000025ee8201800 JavaThread "jar transforms Thread 34" [_thread_blocked, id=3316, stack(0x000000bba0700000,0x000000bba0800000)]
  0x0000025ee5f81000 JavaThread "jar transforms Thread 35" [_thread_blocked, id=16400, stack(0x000000bba0800000,0x000000bba0900000)]
  0x0000025ee5f7e800 JavaThread "jar transforms Thread 36" [_thread_blocked, id=11268, stack(0x000000bba0900000,0x000000bba0a00000)]
  0x0000025ee5f82800 JavaThread "jar transforms Thread 37" [_thread_blocked, id=10248, stack(0x000000bba0a00000,0x000000bba0b00000)]
  0x0000025ee5f80000 JavaThread "jar transforms Thread 38" [_thread_blocked, id=15228, stack(0x000000bba0b00000,0x000000bba0c00000)]
  0x0000025ee5f7d000 JavaThread "jar transforms Thread 39" [_thread_blocked, id=8108, stack(0x000000bba0c00000,0x000000bba0d00000)]
  0x0000025ee5f7f800 JavaThread "jar transforms Thread 40" [_thread_blocked, id=14004, stack(0x000000bba0d00000,0x000000bba0e00000)]
  0x0000025ee5f81800 JavaThread "jar transforms Thread 41" [_thread_blocked, id=7188, stack(0x000000bba0e00000,0x000000bba0f00000)]
  0x0000025ee5f83800 JavaThread "jar transforms Thread 42" [_thread_blocked, id=1392, stack(0x000000bba0f00000,0x000000bba1000000)]
  0x0000025ee5f7d800 JavaThread "jar transforms Thread 43" [_thread_blocked, id=17548, stack(0x000000bba1000000,0x000000bba1100000)]
  0x0000025ee5f84000 JavaThread "jar transforms Thread 44" [_thread_blocked, id=19220, stack(0x000000bba1100000,0x000000bba1200000)]
  0x0000025ee5f8a800 JavaThread "jar transforms Thread 45" [_thread_blocked, id=9948, stack(0x000000bba1200000,0x000000bba1300000)]
  0x0000025ee5f85000 JavaThread "jar transforms Thread 46" [_thread_blocked, id=19164, stack(0x000000bba1300000,0x000000bba1400000)]
  0x0000025ee5f8b800 JavaThread "jar transforms Thread 47" [_thread_blocked, id=19332, stack(0x000000bba1400000,0x000000bba1500000)]
  0x0000025ee5f88000 JavaThread "jar transforms Thread 48" [_thread_blocked, id=8932, stack(0x000000bba1500000,0x000000bba1600000)]
  0x0000025ee5f89000 JavaThread "jar transforms Thread 49" [_thread_blocked, id=11028, stack(0x000000bba1600000,0x000000bba1700000)]
  0x0000025ee5f86000 JavaThread "jar transforms Thread 50" [_thread_blocked, id=18504, stack(0x000000bba1700000,0x000000bba1800000)]
  0x0000025ee5f87800 JavaThread "jar transforms Thread 51" [_thread_blocked, id=4300, stack(0x000000bba1800000,0x000000bba1900000)]
  0x0000025ee5f8a000 JavaThread "jar transforms Thread 52" [_thread_blocked, id=9932, stack(0x000000bba1900000,0x000000bba1a00000)]
  0x0000025ee5f86800 JavaThread "jar transforms Thread 53" [_thread_blocked, id=18596, stack(0x000000bba1a00000,0x000000bba1b00000)]
  0x0000025ee6201000 JavaThread "jar transforms Thread 54" [_thread_blocked, id=18388, stack(0x000000bba1b00000,0x000000bba1c00000)]
  0x0000025ee61fd800 JavaThread "jar transforms Thread 55" [_thread_blocked, id=18252, stack(0x000000bba1c00000,0x000000bba1d00000)]
  0x0000025ee61fc000 JavaThread "jar transforms Thread 56" [_thread_blocked, id=7144, stack(0x000000bba1d00000,0x000000bba1e00000)]
  0x0000025ee61fd000 JavaThread "jar transforms Thread 57" [_thread_blocked, id=5140, stack(0x000000bba1e00000,0x000000bba1f00000)]
  0x0000025ee61fe800 JavaThread "jar transforms Thread 58" [_thread_blocked, id=18900, stack(0x000000bba1f00000,0x000000bba2000000)]
  0x0000025ee6200000 JavaThread "jar transforms Thread 59" [_thread_blocked, id=876, stack(0x000000bba2000000,0x000000bba2100000)]
  0x0000025ee61fb000 JavaThread "jar transforms Thread 60" [_thread_blocked, id=3568, stack(0x000000bba2100000,0x000000bba2200000)]
  0x0000025ee61ff000 JavaThread "jar transforms Thread 61" [_thread_blocked, id=18340, stack(0x000000bba2200000,0x000000bba2300000)]
  0x0000025ee6206000 JavaThread "jar transforms Thread 62" [_thread_blocked, id=10620, stack(0x000000bba2300000,0x000000bba2400000)]
  0x0000025ee6201800 JavaThread "jar transforms Thread 63" [_thread_blocked, id=19096, stack(0x000000bba2400000,0x000000bba2500000)]
  0x0000025ee6204000 JavaThread "jar transforms Thread 64" [_thread_blocked, id=17696, stack(0x000000bba2500000,0x000000bba2600000)]
  0x0000025ee6206800 JavaThread "jar transforms Thread 65" [_thread_blocked, id=6540, stack(0x000000bba2600000,0x000000bba2700000)]
  0x0000025ee6207800 JavaThread "jar transforms Thread 66" [_thread_blocked, id=2252, stack(0x000000bba2700000,0x000000bba2800000)]
  0x0000025ee6205000 JavaThread "jar transforms Thread 67" [_thread_blocked, id=10716, stack(0x000000bba2800000,0x000000bba2900000)]
  0x0000025ee6208000 JavaThread "jar transforms Thread 68" [_thread_blocked, id=18824, stack(0x000000bba2900000,0x000000bba2a00000)]
  0x0000025ee6202800 JavaThread "jar transforms Thread 69" [_thread_blocked, id=18628, stack(0x000000bba2a00000,0x000000bba2b00000)]
  0x0000025ee6203800 JavaThread "jar transforms Thread 70" [_thread_blocked, id=5196, stack(0x000000bba2b00000,0x000000bba2c00000)]
  0x0000025ee620a000 JavaThread "jar transforms Thread 71" [_thread_blocked, id=11076, stack(0x000000bba2c00000,0x000000bba2d00000)]
  0x0000025ee6209000 JavaThread "jar transforms Thread 72" [_thread_blocked, id=15016, stack(0x000000bba2d00000,0x000000bba2e00000)]
  0x0000025ee6bbd800 JavaThread "jar transforms Thread 73" [_thread_blocked, id=14196, stack(0x000000bba2e00000,0x000000bba2f00000)]
  0x0000025ee6bbc800 JavaThread "jar transforms Thread 74" [_thread_blocked, id=10172, stack(0x000000bba2f00000,0x000000bba3000000)]
  0x0000025ee6bb7800 JavaThread "jar transforms Thread 75" [_thread_blocked, id=19408, stack(0x000000bba3000000,0x000000bba3100000)]
  0x0000025ee6bbe000 JavaThread "jar transforms Thread 76" [_thread_blocked, id=18684, stack(0x000000bba3100000,0x000000bba3200000)]
  0x0000025ee6bb8800 JavaThread "jar transforms Thread 77" [_thread_blocked, id=19028, stack(0x000000bba3200000,0x000000bba3300000)]
  0x0000025ee6bbf000 JavaThread "jar transforms Thread 78" [_thread_blocked, id=7092, stack(0x000000bba3300000,0x000000bba3400000)]
  0x0000025ee6bb9000 JavaThread "jar transforms Thread 79" [_thread_blocked, id=10696, stack(0x000000bba3400000,0x000000bba3500000)]
  0x0000025ee6bbf800 JavaThread "jar transforms Thread 80" [_thread_blocked, id=1096, stack(0x000000bba3500000,0x000000bba3600000)]
  0x0000025ee6bba000 JavaThread "jar transforms Thread 81" [_thread_blocked, id=16696, stack(0x000000bba3600000,0x000000bba3700000)]
  0x0000025ee6bc0800 JavaThread "jar transforms Thread 82" [_thread_blocked, id=15804, stack(0x000000bba3700000,0x000000bba3800000)]
  0x0000025ee6bbb000 JavaThread "jar transforms Thread 83" [_thread_blocked, id=6644, stack(0x000000bba3800000,0x000000bba3900000)]
  0x0000025ee6bc1800 JavaThread "jar transforms Thread 84" [_thread_blocked, id=3472, stack(0x000000bba3900000,0x000000bba3a00000)]
  0x0000025ee6bbb800 JavaThread "jar transforms Thread 85" [_thread_blocked, id=18436, stack(0x000000bba3a00000,0x000000bba3b00000)]
  0x0000025ee6bc4800 JavaThread "jar transforms Thread 86" [_thread_blocked, id=7172, stack(0x000000bba3b00000,0x000000bba3c00000)]
  0x0000025ee6bc4000 JavaThread "jar transforms Thread 87" [_thread_blocked, id=18952, stack(0x000000bba3c00000,0x000000bba3d00000)]
  0x0000025ee6bc2000 JavaThread "jar transforms Thread 88" [_thread_blocked, id=3368, stack(0x000000bba3d00000,0x000000bba3e00000)]
  0x0000025ee6bc3000 JavaThread "jar transforms Thread 89" [_thread_blocked, id=720, stack(0x000000bba3e00000,0x000000bba3f00000)]
  0x0000025ee6bc5800 JavaThread "jar transforms Thread 90" [_thread_blocked, id=5648, stack(0x000000bba3f00000,0x000000bba4000000)]
  0x0000025ee6bc6000 JavaThread "jar transforms Thread 91" [_thread_blocked, id=18636, stack(0x000000bba4000000,0x000000bba4100000)]
  0x0000025ee6d2a000 JavaThread "jar transforms Thread 92" [_thread_blocked, id=10256, stack(0x000000bba4100000,0x000000bba4200000)]
  0x0000025ee6d2b800 JavaThread "jar transforms Thread 93" [_thread_blocked, id=13040, stack(0x000000bba4200000,0x000000bba4300000)]
  0x0000025ee6d2c000 JavaThread "jar transforms Thread 94" [_thread_blocked, id=13792, stack(0x000000bba4300000,0x000000bba4400000)]
  0x0000025ee6d2d000 JavaThread "jar transforms Thread 95" [_thread_blocked, id=6196, stack(0x000000bba4400000,0x000000bba4500000)]
  0x0000025ee6d2e000 JavaThread "jar transforms Thread 96" [_thread_blocked, id=19328, stack(0x000000bba4500000,0x000000bba4600000)]
  0x0000025ee6d28000 JavaThread "jar transforms Thread 97" [_thread_blocked, id=12668, stack(0x000000bba4600000,0x000000bba4700000)]
  0x0000025ee6d2a800 JavaThread "jar transforms Thread 98" [_thread_blocked, id=3572, stack(0x000000bba4700000,0x000000bba4800000)]
  0x0000025ee6d2e800 JavaThread "jar transforms Thread 99" [_thread_blocked, id=10928, stack(0x000000bba4800000,0x000000bba4900000)]
  0x0000025ee6d29000 JavaThread "jar transforms Thread 100" [_thread_blocked, id=19364, stack(0x000000bba4900000,0x000000bba4a00000)]
  0x0000025ee6d33800 JavaThread "jar transforms Thread 101" [_thread_blocked, id=18876, stack(0x000000bba4a00000,0x000000bba4b00000)]
  0x0000025ee6d31000 JavaThread "jar transforms Thread 102" [_thread_blocked, id=148, stack(0x000000bba4b00000,0x000000bba4c00000)]
  0x0000025ee6d32800 JavaThread "jar transforms Thread 103" [_thread_blocked, id=9944, stack(0x000000bba4c00000,0x000000bba4d00000)]
  0x0000025ee6d32000 JavaThread "jar transforms Thread 104" [_thread_blocked, id=5680, stack(0x000000bba4d00000,0x000000bba4e00000)]
  0x0000025ee6d34800 JavaThread "jar transforms Thread 105" [_thread_blocked, id=12696, stack(0x000000bba4e00000,0x000000bba4f00000)]
  0x0000025ee6d35000 JavaThread "jar transforms Thread 106" [_thread_blocked, id=9304, stack(0x000000bba4f00000,0x000000bba5000000)]
  0x0000025ee6d2f800 JavaThread "jar transforms Thread 107" [_thread_blocked, id=18376, stack(0x000000bba5000000,0x000000bba5100000)]
  0x0000025ee6d36000 JavaThread "jar transforms Thread 108" [_thread_blocked, id=15876, stack(0x000000bba5100000,0x000000bba5200000)]
  0x0000025ee6d30800 JavaThread "jar transforms Thread 109" [_thread_blocked, id=10740, stack(0x000000bba5200000,0x000000bba5300000)]
  0x0000025ee6d37000 JavaThread "jar transforms Thread 110" [_thread_blocked, id=4008, stack(0x000000bba5300000,0x000000bba5400000)]
  0x0000025ee7780800 JavaThread "jar transforms Thread 111" [_thread_blocked, id=19024, stack(0x000000bba5400000,0x000000bba5500000)]
  0x0000025ee7781800 JavaThread "jar transforms Thread 112" [_thread_blocked, id=9188, stack(0x000000bba5500000,0x000000bba5600000)]
  0x0000025ee7782000 JavaThread "jar transforms Thread 113" [_thread_blocked, id=5996, stack(0x000000bba5600000,0x000000bba5700000)]
  0x0000025ee7783000 JavaThread "jar transforms Thread 114" [_thread_blocked, id=9896, stack(0x000000bba5700000,0x000000bba5800000)]
  0x0000025ee7784000 JavaThread "jar transforms Thread 115" [_thread_blocked, id=2688, stack(0x000000bba5800000,0x000000bba5900000)]
  0x0000025ee777f800 JavaThread "jar transforms Thread 116" [_thread_blocked, id=19388, stack(0x000000bba5900000,0x000000bba5a00000)]
  0x0000025ee7785800 JavaThread "Memory manager" [_thread_blocked, id=2584, stack(0x000000bba5a00000,0x000000bba5b00000)]
  0x0000025ee7788000 JavaThread "build event listener" [_thread_blocked, id=18700, stack(0x000000bba5b00000,0x000000bba5c00000)]
  0x0000025ee7786800 JavaThread "build event listener" [_thread_blocked, id=18620, stack(0x000000bba5c00000,0x000000bba5d00000)]
  0x0000025ee7787000 JavaThread "Execution worker for ':'" [_thread_blocked, id=9120, stack(0x000000bba5d00000,0x000000bba5e00000)]
  0x0000025ee7788800 JavaThread "Execution worker for ':' Thread 2" [_thread_blocked, id=16836, stack(0x000000bba5e00000,0x000000bba5f00000)]
  0x0000025ee7789800 JavaThread "Execution worker for ':' Thread 3" [_thread_blocked, id=2384, stack(0x000000bba5f00000,0x000000bba6000000)]
  0x0000025ee778a800 JavaThread "Execution worker for ':' Thread 4" [_thread_blocked, id=13208, stack(0x000000bba6000000,0x000000bba6100000)]
  0x0000025ee7784800 JavaThread "Execution worker for ':' Thread 5" [_thread_blocked, id=17468, stack(0x000000bba6100000,0x000000bba6200000)]
  0x0000025ee778d800 JavaThread "Execution worker for ':' Thread 6" [_thread_blocked, id=8656, stack(0x000000bba6200000,0x000000bba6300000)]
  0x0000025ee778b000 JavaThread "Execution worker for ':' Thread 7" [_thread_blocked, id=8852, stack(0x000000bba6300000,0x000000bba6400000)]
  0x0000025ee778c000 JavaThread "Cache worker for execution history cache (V:\Tugas\X\android\RestaurantReview\.gradle\6.7.1\executionHistory)" [_thread_blocked, id=15944, stack(0x000000bba6400000,0x000000bba6500000)]
  0x0000025ee778d000 JavaThread "WorkerExecutor Queue" [_thread_blocked, id=19004, stack(0x000000bb9d900000,0x000000bb9da00000)]
  0x0000025ee778e800 JavaThread "WorkerExecutor Queue Thread 2" [_thread_blocked, id=12800, stack(0x000000bba6500000,0x000000bba6600000)]

Other Threads:
  0x0000025ee1cb9800 VMThread "VM Thread" [stack: 0x000000bb9b300000,0x000000bb9b400000] [id=1108]
  0x0000025ee1ebf800 WatcherThread [stack: 0x000000bb9bd00000,0x000000bb9be00000] [id=18736]
  0x0000025ec51c1800 GCTaskThread "GC Thread#0" [stack: 0x000000bb9ae00000,0x000000bb9af00000] [id=2908]
  0x0000025ee209e800 GCTaskThread "GC Thread#1" [stack: 0x000000bb9c000000,0x000000bb9c100000] [id=9808]
  0x0000025ee2ba7800 GCTaskThread "GC Thread#2" [stack: 0x000000bb9c100000,0x000000bb9c200000] [id=19356]
  0x0000025ee4627800 GCTaskThread "GC Thread#3" [stack: 0x000000bb9cd00000,0x000000bb9ce00000] [id=15160]
  0x0000025ee3494800 GCTaskThread "GC Thread#4" [stack: 0x000000bb9ce00000,0x000000bb9cf00000] [id=10088]
  0x0000025ee3ef5800 GCTaskThread "GC Thread#5" [stack: 0x000000bb9cf00000,0x000000bb9d000000] [id=10424]
  0x0000025ee38ad000 GCTaskThread "GC Thread#6" [stack: 0x000000bb9d000000,0x000000bb9d100000] [id=9384]
  0x0000025ee424a800 GCTaskThread "GC Thread#7" [stack: 0x000000bb9d100000,0x000000bb9d200000] [id=18612]
  0x0000025ec51f3800 ConcurrentGCThread "G1 Main Marker" [stack: 0x000000bb9af00000,0x000000bb9b000000] [id=8328]
  0x0000025ec51f6800 ConcurrentGCThread "G1 Conc#0" [stack: 0x000000bb9b000000,0x000000bb9b100000] [id=17260]
  0x0000025ee3317000 ConcurrentGCThread "G1 Conc#1" [stack: 0x000000bb9d400000,0x000000bb9d500000] [id=516]
  0x0000025ee12e8800 ConcurrentGCThread "G1 Refine#0" [stack: 0x000000bb9b100000,0x000000bb9b200000] [id=15304]
  0x0000025ee12eb800 ConcurrentGCThread "G1 Young RemSet Sampling" [stack: 0x000000bb9b200000,0x000000bb9b300000] [id=3180]

Threads with active compile tasks:
C2 CompilerThread0   8133 10372       4       com.sun.xml.internal.stream.events.XMLEventAllocatorImpl::getXMLEvent (634 bytes)
C2 CompilerThread1   8133 10418   !   4       com.sun.org.apache.xerces.internal.impl.XMLDocumentFragmentScannerImpl$FragmentContentDriver::next (2329 bytes)

VM state:not at safepoint (normal execution)

VM Mutex/Monitor currently owned by a thread: None

Heap address: 0x0000000080000000, size: 2048 MB, Compressed Oops mode: 32-bit
Narrow klass base: 0x0000000000000000, Narrow klass shift: 3
Compressed class space size: 1073741824 Address: 0x0000000100000000

Heap:
 garbage-first heap   total 187392K, used 126277K [0x0000000080000000, 0x0000000100000000)
  region size 1024K, 65 young (66560K), 8 survivors (8192K)
 Metaspace       used 86882K, capacity 88976K, committed 89216K, reserved 1126400K
  class space    used 11111K, capacity 11880K, committed 11904K, reserved 1048576K
Heap Regions: E=young(eden), S=young(survivor), O=old, HS=humongous(starts), HC=humongous(continues), CS=collection set, F=free, A=archive, TAMS=top-at-mark-start (previous, next)
|   0|0x0000000080000000, 0x0000000080100000, 0x0000000080100000|100%| O|  |TAMS 0x0000000080100000, 0x0000000080000000| Untracked 
|   1|0x0000000080100000, 0x0000000080200000, 0x0000000080200000|100%| O|  |TAMS 0x0000000080200000, 0x0000000080100000| Untracked 
|   2|0x0000000080200000, 0x0000000080300000, 0x0000000080300000|100%| O|  |TAMS 0x0000000080300000, 0x0000000080200000| Untracked 
|   3|0x0000000080300000, 0x0000000080400000, 0x0000000080400000|100%|HS|  |TAMS 0x0000000080400000, 0x0000000080300000| Complete 
|   4|0x0000000080400000, 0x0000000080500000, 0x0000000080500000|100%|HC|  |TAMS 0x0000000080500000, 0x0000000080400000| Complete 
|   5|0x0000000080500000, 0x0000000080600000, 0x0000000080600000|100%|HC|  |TAMS 0x0000000080600000, 0x0000000080500000| Complete 
|   6|0x0000000080600000, 0x0000000080700000, 0x0000000080700000|100%| O|  |TAMS 0x0000000080700000, 0x0000000080600000| Untracked 
|   7|0x0000000080700000, 0x0000000080800000, 0x0000000080800000|100%| O|  |TAMS 0x0000000080800000, 0x0000000080700000| Untracked 
|   8|0x0000000080800000, 0x0000000080900000, 0x0000000080900000|100%| O|  |TAMS 0x0000000080900000, 0x0000000080800000| Untracked 
|   9|0x0000000080900000, 0x0000000080a00000, 0x0000000080a00000|100%| O|  |TAMS 0x0000000080a00000, 0x0000000080900000| Untracked 
|  10|0x0000000080a00000, 0x0000000080b00000, 0x0000000080b00000|100%| O|  |TAMS 0x0000000080b00000, 0x0000000080a00000| Untracked 
|  11|0x0000000080b00000, 0x0000000080c00000, 0x0000000080c00000|100%| O|  |TAMS 0x0000000080c00000, 0x0000000080b00000| Untracked 
|  12|0x0000000080c00000, 0x0000000080d00000, 0x0000000080d00000|100%| O|  |TAMS 0x0000000080d00000, 0x0000000080c00000| Untracked 
|  13|0x0000000080d00000, 0x0000000080e00000, 0x0000000080e00000|100%| O|  |TAMS 0x0000000080e00000, 0x0000000080d00000| Untracked 
|  14|0x0000000080e00000, 0x0000000080f00000, 0x0000000080f00000|100%| O|  |TAMS 0x0000000080f00000, 0x0000000080e00000| Untracked 
|  15|0x0000000080f00000, 0x0000000081000000, 0x0000000081000000|100%| O|  |TAMS 0x0000000081000000, 0x0000000080f00000| Untracked 
|  16|0x0000000081000000, 0x0000000081100000, 0x0000000081100000|100%| O|  |TAMS 0x0000000081100000, 0x0000000081000000| Untracked 
|  17|0x0000000081100000, 0x0000000081200000, 0x0000000081200000|100%| O|  |TAMS 0x0000000081200000, 0x0000000081100000| Untracked 
|  18|0x0000000081200000, 0x0000000081300000, 0x0000000081300000|100%| O|  |TAMS 0x0000000081300000, 0x0000000081200000| Untracked 
|  19|0x0000000081300000, 0x0000000081400000, 0x0000000081400000|100%|HS|  |TAMS 0x0000000081400000, 0x0000000081300000| Complete 
|  20|0x0000000081400000, 0x0000000081500000, 0x0000000081500000|100%| O|  |TAMS 0x0000000081500000, 0x0000000081400000| Untracked 
|  21|0x0000000081500000, 0x0000000081600000, 0x0000000081600000|100%| O|  |TAMS 0x0000000081600000, 0x0000000081500000| Untracked 
|  22|0x0000000081600000, 0x0000000081700000, 0x0000000081700000|100%|HS|  |TAMS 0x0000000081700000, 0x0000000081600000| Complete 
|  23|0x0000000081700000, 0x0000000081800000, 0x0000000081800000|100%|HC|  |TAMS 0x0000000081800000, 0x0000000081700000| Complete 
|  24|0x0000000081800000, 0x0000000081900000, 0x0000000081900000|100%|HC|  |TAMS 0x0000000081900000, 0x0000000081800000| Complete 
|  25|0x0000000081900000, 0x0000000081a00000, 0x0000000081a00000|100%|HS|  |TAMS 0x0000000081a00000, 0x0000000081900000| Complete 
|  26|0x0000000081a00000, 0x0000000081b00000, 0x0000000081b00000|100%|HC|  |TAMS 0x0000000081b00000, 0x0000000081a00000| Complete 
|  27|0x0000000081b00000, 0x0000000081c00000, 0x0000000081c00000|100%| O|  |TAMS 0x0000000081c00000, 0x0000000081b00000| Untracked 
|  28|0x0000000081c00000, 0x0000000081d00000, 0x0000000081d00000|100%| O|  |TAMS 0x0000000081d00000, 0x0000000081c00000| Untracked 
|  29|0x0000000081d00000, 0x0000000081e00000, 0x0000000081e00000|100%| O|  |TAMS 0x0000000081e00000, 0x0000000081d00000| Untracked 
|  30|0x0000000081e00000, 0x0000000081f00000, 0x0000000081f00000|100%| O|  |TAMS 0x0000000081f00000, 0x0000000081e00000| Untracked 
|  31|0x0000000081f00000, 0x0000000082000000, 0x0000000082000000|100%| O|  |TAMS 0x0000000082000000, 0x0000000081f00000| Untracked 
|  32|0x0000000082000000, 0x0000000082100000, 0x0000000082100000|100%| O|  |TAMS 0x0000000082100000, 0x0000000082000000| Untracked 
|  33|0x0000000082100000, 0x0000000082200000, 0x0000000082200000|100%| O|  |TAMS 0x0000000082100000, 0x0000000082100000| Untracked 
|  34|0x0000000082200000, 0x0000000082300000, 0x0000000082300000|100%| O|  |TAMS 0x0000000082300000, 0x0000000082200000| Untracked 
|  35|0x0000000082300000, 0x0000000082400000, 0x0000000082400000|100%| O|  |TAMS 0x0000000082400000, 0x0000000082300000| Untracked 
|  36|0x0000000082400000, 0x0000000082500000, 0x0000000082500000|100%| O|  |TAMS 0x0000000082500000, 0x0000000082400000| Untracked 
|  37|0x0000000082500000, 0x0000000082600000, 0x0000000082600000|100%| O|  |TAMS 0x0000000082600000, 0x0000000082500000| Untracked 
|  38|0x0000000082600000, 0x0000000082700000, 0x0000000082700000|100%| O|  |TAMS 0x0000000082700000, 0x0000000082600000| Untracked 
|  39|0x0000000082700000, 0x0000000082800000, 0x0000000082800000|100%| O|  |TAMS 0x0000000082800000, 0x0000000082700000| Untracked 
|  40|0x0000000082800000, 0x0000000082900000, 0x0000000082900000|100%| O|  |TAMS 0x0000000082900000, 0x0000000082800000| Untracked 
|  41|0x0000000082900000, 0x0000000082a00000, 0x0000000082a00000|100%| O|  |TAMS 0x0000000082a00000, 0x0000000082900000| Untracked 
|  42|0x0000000082a00000, 0x0000000082b00000, 0x0000000082b00000|100%| O|  |TAMS 0x0000000082b00000, 0x0000000082a00000| Untracked 
|  43|0x0000000082b00000, 0x0000000082c00000, 0x0000000082c00000|100%| O|  |TAMS 0x0000000082bc6200, 0x0000000082b00000| Untracked 
|  44|0x0000000082c00000, 0x0000000082d00000, 0x0000000082d00000|100%| O|  |TAMS 0x0000000082c00000, 0x0000000082c00000| Untracked 
|  45|0x0000000082d00000, 0x0000000082e00000, 0x0000000082e00000|100%| O|  |TAMS 0x0000000082d00000, 0x0000000082d00000| Untracked 
|  46|0x0000000082e00000, 0x0000000082f00000, 0x0000000082f00000|100%| O|  |TAMS 0x0000000082e00000, 0x0000000082e00000| Untracked 
|  47|0x0000000082f00000, 0x0000000083000000, 0x0000000083000000|100%| O|  |TAMS 0x0000000082f00000, 0x0000000082f00000| Untracked 
|  48|0x0000000083000000, 0x0000000083100000, 0x0000000083100000|100%| O|  |TAMS 0x0000000083000000, 0x0000000083000000| Untracked 
|  49|0x0000000083100000, 0x0000000083200000, 0x0000000083200000|100%| O|  |TAMS 0x0000000083100000, 0x0000000083100000| Untracked 
|  50|0x0000000083200000, 0x0000000083300000, 0x0000000083300000|100%| O|  |TAMS 0x0000000083200000, 0x0000000083200000| Untracked 
|  51|0x0000000083300000, 0x0000000083400000, 0x0000000083400000|100%| O|  |TAMS 0x0000000083300000, 0x0000000083300000| Untracked 
|  52|0x0000000083400000, 0x0000000083500000, 0x0000000083500000|100%| O|  |TAMS 0x0000000083400000, 0x0000000083400000| Untracked 
|  53|0x0000000083500000, 0x0000000083600000, 0x0000000083600000|100%| O|  |TAMS 0x0000000083500000, 0x0000000083500000| Untracked 
|  54|0x0000000083600000, 0x0000000083700000, 0x0000000083700000|100%| O|  |TAMS 0x0000000083600000, 0x0000000083600000| Untracked 
|  55|0x0000000083700000, 0x0000000083800000, 0x0000000083800000|100%| O|  |TAMS 0x0000000083700000, 0x0000000083700000| Untracked 
|  56|0x0000000083800000, 0x0000000083900000, 0x0000000083900000|100%| O|  |TAMS 0x0000000083800000, 0x0000000083800000| Untracked 
|  57|0x0000000083900000, 0x0000000083a00000, 0x0000000083a00000|100%| O|  |TAMS 0x0000000083900000, 0x0000000083900000| Untracked 
|  58|0x0000000083a00000, 0x0000000083b00000, 0x0000000083b00000|100%| O|  |TAMS 0x0000000083a00000, 0x0000000083a00000| Untracked 
|  59|0x0000000083b00000, 0x0000000083c00000, 0x0000000083c00000|100%| O|  |TAMS 0x0000000083b00000, 0x0000000083b00000| Untracked 
|  60|0x0000000083c00000, 0x0000000083c6f000, 0x0000000083d00000| 43%| O|  |TAMS 0x0000000083c00000, 0x0000000083c00000| Untracked 
|  61|0x0000000083d00000, 0x0000000083d00000, 0x0000000083e00000|  0%| F|  |TAMS 0x0000000083d00000, 0x0000000083d00000| Untracked 
|  62|0x0000000083e00000, 0x0000000083e00000, 0x0000000083f00000|  0%| F|  |TAMS 0x0000000083e00000, 0x0000000083e00000| Untracked 
|  63|0x0000000083f00000, 0x0000000083f00000, 0x0000000084000000|  0%| F|  |TAMS 0x0000000083f00000, 0x0000000083f00000| Untracked 
|  64|0x0000000084000000, 0x0000000084000000, 0x0000000084100000|  0%| F|  |TAMS 0x0000000084000000, 0x0000000084000000| Untracked 
|  65|0x0000000084100000, 0x0000000084100000, 0x0000000084200000|  0%| F|  |TAMS 0x0000000084100000, 0x0000000084100000| Untracked 
|  66|0x0000000084200000, 0x0000000084200000, 0x0000000084300000|  0%| F|  |TAMS 0x0000000084200000, 0x0000000084200000| Untracked 
|  67|0x0000000084300000, 0x0000000084300000, 0x0000000084400000|  0%| F|  |TAMS 0x0000000084300000, 0x0000000084300000| Untracked 
|  68|0x0000000084400000, 0x0000000084400000, 0x0000000084500000|  0%| F|  |TAMS 0x0000000084400000, 0x0000000084400000| Untracked 
|  69|0x0000000084500000, 0x0000000084500000, 0x0000000084600000|  0%| F|  |TAMS 0x0000000084500000, 0x0000000084500000| Untracked 
|  70|0x0000000084600000, 0x0000000084600000, 0x0000000084700000|  0%| F|  |TAMS 0x0000000084600000, 0x0000000084600000| Untracked 
|  71|0x0000000084700000, 0x0000000084700000, 0x0000000084800000|  0%| F|  |TAMS 0x0000000084700000, 0x0000000084700000| Untracked 
|  72|0x0000000084800000, 0x0000000084800000, 0x0000000084900000|  0%| F|  |TAMS 0x0000000084800000, 0x0000000084800000| Untracked 
|  73|0x0000000084900000, 0x0000000084900000, 0x0000000084a00000|  0%| F|  |TAMS 0x0000000084900000, 0x0000000084900000| Untracked 
|  74|0x0000000084a00000, 0x0000000084a00000, 0x0000000084b00000|  0%| F|  |TAMS 0x0000000084a00000, 0x0000000084a00000| Untracked 
|  75|0x0000000084b00000, 0x0000000084b00000, 0x0000000084c00000|  0%| F|  |TAMS 0x0000000084b00000, 0x0000000084b00000| Untracked 
|  76|0x0000000084c00000, 0x0000000084c00000, 0x0000000084d00000|  0%| F|  |TAMS 0x0000000084c00000, 0x0000000084c00000| Untracked 
|  77|0x0000000084d00000, 0x0000000084d00000, 0x0000000084e00000|  0%| F|  |TAMS 0x0000000084d00000, 0x0000000084d00000| Untracked 
|  78|0x0000000084e00000, 0x0000000084e00000, 0x0000000084f00000|  0%| F|  |TAMS 0x0000000084e00000, 0x0000000084e00000| Untracked 
|  79|0x0000000084f00000, 0x0000000084f00000, 0x0000000085000000|  0%| F|  |TAMS 0x0000000084f00000, 0x0000000084f00000| Untracked 
|  80|0x0000000085000000, 0x0000000085000000, 0x0000000085100000|  0%| F|  |TAMS 0x0000000085000000, 0x0000000085000000| Untracked 
|  81|0x0000000085100000, 0x0000000085100000, 0x0000000085200000|  0%| F|  |TAMS 0x0000000085100000, 0x0000000085100000| Untracked 
|  82|0x0000000085200000, 0x0000000085200000, 0x0000000085300000|  0%| F|  |TAMS 0x0000000085200000, 0x0000000085200000| Untracked 
|  83|0x0000000085300000, 0x0000000085300000, 0x0000000085400000|  0%| F|  |TAMS 0x0000000085300000, 0x0000000085300000| Untracked 
|  84|0x0000000085400000, 0x0000000085400000, 0x0000000085500000|  0%| F|  |TAMS 0x0000000085400000, 0x0000000085400000| Untracked 
|  85|0x0000000085500000, 0x0000000085500000, 0x0000000085600000|  0%| F|  |TAMS 0x0000000085500000, 0x0000000085500000| Untracked 
|  86|0x0000000085600000, 0x0000000085600000, 0x0000000085700000|  0%| F|  |TAMS 0x0000000085600000, 0x0000000085600000| Untracked 
|  87|0x0000000085700000, 0x0000000085700000, 0x0000000085800000|  0%| F|  |TAMS 0x0000000085700000, 0x0000000085700000| Untracked 
|  88|0x0000000085800000, 0x0000000085800000, 0x0000000085900000|  0%| F|  |TAMS 0x0000000085800000, 0x0000000085800000| Untracked 
|  89|0x0000000085900000, 0x0000000085900000, 0x0000000085a00000|  0%| F|  |TAMS 0x0000000085900000, 0x0000000085900000| Untracked 
|  90|0x0000000085a00000, 0x0000000085a00000, 0x0000000085b00000|  0%| F|  |TAMS 0x0000000085a00000, 0x0000000085a00000| Untracked 
|  91|0x0000000085b00000, 0x0000000085b00000, 0x0000000085c00000|  0%| F|  |TAMS 0x0000000085b00000, 0x0000000085b00000| Untracked 
|  92|0x0000000085c00000, 0x0000000085c00000, 0x0000000085d00000|  0%| F|  |TAMS 0x0000000085c00000, 0x0000000085c00000| Untracked 
|  93|0x0000000085d00000, 0x0000000085d00000, 0x0000000085e00000|  0%| F|  |TAMS 0x0000000085d00000, 0x0000000085d00000| Untracked 
|  94|0x0000000085e00000, 0x0000000085e00000, 0x0000000085f00000|  0%| F|  |TAMS 0x0000000085e00000, 0x0000000085e00000| Untracked 
|  95|0x0000000085f00000, 0x0000000085fe2520, 0x0000000086000000| 88%| S|CS|TAMS 0x0000000085f00000, 0x0000000085f00000| Complete 
|  96|0x0000000086000000, 0x0000000086100000, 0x0000000086100000|100%| S|CS|TAMS 0x0000000086000000, 0x0000000086000000| Complete 
|  97|0x0000000086100000, 0x0000000086200000, 0x0000000086200000|100%| S|CS|TAMS 0x0000000086100000, 0x0000000086100000| Complete 
|  98|0x0000000086200000, 0x0000000086300000, 0x0000000086300000|100%| S|CS|TAMS 0x0000000086200000, 0x0000000086200000| Complete 
|  99|0x0000000086300000, 0x0000000086400000, 0x0000000086400000|100%| S|CS|TAMS 0x0000000086300000, 0x0000000086300000| Complete 
| 100|0x0000000086400000, 0x0000000086500000, 0x0000000086500000|100%| S|CS|TAMS 0x0000000086400000, 0x0000000086400000| Complete 
| 101|0x0000000086500000, 0x0000000086600000, 0x0000000086600000|100%| S|CS|TAMS 0x0000000086500000, 0x0000000086500000| Complete 
| 102|0x0000000086600000, 0x0000000086600000, 0x0000000086700000|  0%| F|  |TAMS 0x0000000086600000, 0x0000000086600000| Untracked 
| 103|0x0000000086700000, 0x0000000086700000, 0x0000000086800000|  0%| F|  |TAMS 0x0000000086700000, 0x0000000086700000| Untracked 
| 104|0x0000000086800000, 0x0000000086800000, 0x0000000086900000|  0%| F|  |TAMS 0x0000000086800000, 0x0000000086800000| Untracked 
| 105|0x0000000086900000, 0x0000000086900000, 0x0000000086a00000|  0%| F|  |TAMS 0x0000000086900000, 0x0000000086900000| Untracked 
| 106|0x0000000086a00000, 0x0000000086a00000, 0x0000000086b00000|  0%| F|  |TAMS 0x0000000086a00000, 0x0000000086a00000| Untracked 
| 107|0x0000000086b00000, 0x0000000086b00000, 0x0000000086c00000|  0%| F|  |TAMS 0x0000000086b00000, 0x0000000086b00000| Untracked 
| 108|0x0000000086c00000, 0x0000000086c00000, 0x0000000086d00000|  0%| F|  |TAMS 0x0000000086c00000, 0x0000000086c00000| Untracked 
| 109|0x0000000086d00000, 0x0000000086d00000, 0x0000000086e00000|  0%| F|  |TAMS 0x0000000086d00000, 0x0000000086d00000| Untracked 
| 110|0x0000000086e00000, 0x0000000086e00000, 0x0000000086f00000|  0%| F|  |TAMS 0x0000000086e00000, 0x0000000086e00000| Untracked 
| 111|0x0000000086f00000, 0x0000000087000000, 0x0000000087000000|100%| S|CS|TAMS 0x0000000086f00000, 0x0000000086f00000| Complete 
| 112|0x0000000087000000, 0x0000000087000000, 0x0000000087100000|  0%| F|  |TAMS 0x0000000087000000, 0x0000000087000000| Untracked 
| 113|0x0000000087100000, 0x0000000087100000, 0x0000000087200000|  0%| F|  |TAMS 0x0000000087100000, 0x0000000087100000| Untracked 
| 114|0x0000000087200000, 0x0000000087200000, 0x0000000087300000|  0%| F|  |TAMS 0x0000000087200000, 0x0000000087200000| Untracked 
| 115|0x0000000087300000, 0x0000000087300000, 0x0000000087400000|  0%| F|  |TAMS 0x0000000087300000, 0x0000000087300000| Untracked 
| 116|0x0000000087400000, 0x0000000087400000, 0x0000000087500000|  0%| F|  |TAMS 0x0000000087400000, 0x0000000087400000| Untracked 
| 117|0x0000000087500000, 0x0000000087500000, 0x0000000087600000|  0%| F|  |TAMS 0x0000000087500000, 0x0000000087500000| Untracked 
| 118|0x0000000087600000, 0x0000000087600000, 0x0000000087700000|  0%| F|  |TAMS 0x0000000087600000, 0x0000000087600000| Untracked 
| 119|0x0000000087700000, 0x0000000087700000, 0x0000000087800000|  0%| F|  |TAMS 0x0000000087700000, 0x0000000087700000| Untracked 
| 120|0x0000000087800000, 0x0000000087800000, 0x0000000087900000|  0%| F|  |TAMS 0x0000000087800000, 0x0000000087800000| Untracked 
| 121|0x0000000087900000, 0x0000000087900000, 0x0000000087a00000|  0%| F|  |TAMS 0x0000000087900000, 0x0000000087900000| Untracked 
| 122|0x0000000087a00000, 0x0000000087a00000, 0x0000000087b00000|  0%| F|  |TAMS 0x0000000087a00000, 0x0000000087a00000| Untracked 
| 123|0x0000000087b00000, 0x0000000087b00000, 0x0000000087c00000|  0%| F|  |TAMS 0x0000000087b00000, 0x0000000087b00000| Untracked 
| 124|0x0000000087c00000, 0x0000000087c00000, 0x0000000087d00000|  0%| F|  |TAMS 0x0000000087c00000, 0x0000000087c00000| Untracked 
| 125|0x0000000087d00000, 0x0000000087d00000, 0x0000000087e00000|  0%| F|  |TAMS 0x0000000087d00000, 0x0000000087d00000| Untracked 
| 126|0x0000000087e00000, 0x0000000087ebb0c8, 0x0000000087f00000| 73%| E|  |TAMS 0x0000000087e00000, 0x0000000087e00000| Complete 
| 127|0x0000000087f00000, 0x0000000088000000, 0x0000000088000000|100%| E|CS|TAMS 0x0000000087f00000, 0x0000000087f00000| Complete 
| 128|0x0000000088000000, 0x0000000088100000, 0x0000000088100000|100%| E|CS|TAMS 0x0000000088000000, 0x0000000088000000| Complete 
| 129|0x0000000088100000, 0x0000000088200000, 0x0000000088200000|100%| E|CS|TAMS 0x0000000088100000, 0x0000000088100000| Complete 
| 130|0x0000000088200000, 0x0000000088300000, 0x0000000088300000|100%| E|CS|TAMS 0x0000000088200000, 0x0000000088200000| Complete 
| 131|0x0000000088300000, 0x0000000088400000, 0x0000000088400000|100%| E|  |TAMS 0x0000000088300000, 0x0000000088300000| Complete 
| 132|0x0000000088400000, 0x0000000088500000, 0x0000000088500000|100%| E|CS|TAMS 0x0000000088400000, 0x0000000088400000| Complete 
| 133|0x0000000088500000, 0x0000000088600000, 0x0000000088600000|100%| E|CS|TAMS 0x0000000088500000, 0x0000000088500000| Complete 
| 134|0x0000000088600000, 0x0000000088700000, 0x0000000088700000|100%| E|CS|TAMS 0x0000000088600000, 0x0000000088600000| Complete 
| 135|0x0000000088700000, 0x0000000088800000, 0x0000000088800000|100%| E|CS|TAMS 0x0000000088700000, 0x0000000088700000| Complete 
| 136|0x0000000088800000, 0x0000000088900000, 0x0000000088900000|100%| E|CS|TAMS 0x0000000088800000, 0x0000000088800000| Complete 
| 137|0x0000000088900000, 0x0000000088a00000, 0x0000000088a00000|100%| E|CS|TAMS 0x0000000088900000, 0x0000000088900000| Complete 
| 138|0x0000000088a00000, 0x0000000088b00000, 0x0000000088b00000|100%| E|CS|TAMS 0x0000000088a00000, 0x0000000088a00000| Complete 
| 139|0x0000000088b00000, 0x0000000088c00000, 0x0000000088c00000|100%| E|CS|TAMS 0x0000000088b00000, 0x0000000088b00000| Complete 
| 140|0x0000000088c00000, 0x0000000088d00000, 0x0000000088d00000|100%| E|CS|TAMS 0x0000000088c00000, 0x0000000088c00000| Complete 
| 141|0x0000000088d00000, 0x0000000088e00000, 0x0000000088e00000|100%| E|CS|TAMS 0x0000000088d00000, 0x0000000088d00000| Complete 
| 142|0x0000000088e00000, 0x0000000088f00000, 0x0000000088f00000|100%| E|CS|TAMS 0x0000000088e00000, 0x0000000088e00000| Complete 
| 143|0x0000000088f00000, 0x0000000089000000, 0x0000000089000000|100%| E|CS|TAMS 0x0000000088f00000, 0x0000000088f00000| Complete 
| 144|0x0000000089000000, 0x0000000089100000, 0x0000000089100000|100%| E|CS|TAMS 0x0000000089000000, 0x0000000089000000| Complete 
| 145|0x0000000089100000, 0x0000000089200000, 0x0000000089200000|100%| E|CS|TAMS 0x0000000089100000, 0x0000000089100000| Complete 
| 146|0x0000000089200000, 0x0000000089300000, 0x0000000089300000|100%| E|CS|TAMS 0x0000000089200000, 0x0000000089200000| Complete 
| 147|0x0000000089300000, 0x0000000089400000, 0x0000000089400000|100%| E|CS|TAMS 0x0000000089300000, 0x0000000089300000| Complete 
| 148|0x0000000089400000, 0x0000000089500000, 0x0000000089500000|100%| E|CS|TAMS 0x0000000089400000, 0x0000000089400000| Complete 
| 149|0x0000000089500000, 0x0000000089600000, 0x0000000089600000|100%| E|CS|TAMS 0x0000000089500000, 0x0000000089500000| Complete 
| 150|0x0000000089600000, 0x0000000089700000, 0x0000000089700000|100%| E|CS|TAMS 0x0000000089600000, 0x0000000089600000| Complete 
| 151|0x0000000089700000, 0x0000000089800000, 0x0000000089800000|100%| E|CS|TAMS 0x0000000089700000, 0x0000000089700000| Complete 
| 152|0x0000000089800000, 0x0000000089900000, 0x0000000089900000|100%| E|CS|TAMS 0x0000000089800000, 0x0000000089800000| Complete 
| 153|0x0000000089900000, 0x0000000089a00000, 0x0000000089a00000|100%| E|CS|TAMS 0x0000000089900000, 0x0000000089900000| Complete 
| 154|0x0000000089a00000, 0x0000000089b00000, 0x0000000089b00000|100%| E|CS|TAMS 0x0000000089a00000, 0x0000000089a00000| Complete 
| 155|0x0000000089b00000, 0x0000000089c00000, 0x0000000089c00000|100%| E|CS|TAMS 0x0000000089b00000, 0x0000000089b00000| Complete 
| 156|0x0000000089c00000, 0x0000000089d00000, 0x0000000089d00000|100%| E|CS|TAMS 0x0000000089c00000, 0x0000000089c00000| Complete 
| 157|0x0000000089d00000, 0x0000000089e00000, 0x0000000089e00000|100%| E|CS|TAMS 0x0000000089d00000, 0x0000000089d00000| Complete 
| 158|0x0000000089e00000, 0x0000000089f00000, 0x0000000089f00000|100%| E|CS|TAMS 0x0000000089e00000, 0x0000000089e00000| Complete 
| 159|0x0000000089f00000, 0x000000008a000000, 0x000000008a000000|100%| E|CS|TAMS 0x0000000089f00000, 0x0000000089f00000| Complete 
| 160|0x000000008a000000, 0x000000008a100000, 0x000000008a100000|100%| E|CS|TAMS 0x000000008a000000, 0x000000008a000000| Complete 
| 161|0x000000008a100000, 0x000000008a200000, 0x000000008a200000|100%| E|CS|TAMS 0x000000008a100000, 0x000000008a100000| Complete 
| 162|0x000000008a200000, 0x000000008a300000, 0x000000008a300000|100%| E|CS|TAMS 0x000000008a200000, 0x000000008a200000| Complete 
| 163|0x000000008a300000, 0x000000008a400000, 0x000000008a400000|100%| E|CS|TAMS 0x000000008a300000, 0x000000008a300000| Complete 
| 164|0x000000008a400000, 0x000000008a500000, 0x000000008a500000|100%| E|CS|TAMS 0x000000008a400000, 0x000000008a400000| Complete 
| 165|0x000000008a500000, 0x000000008a600000, 0x000000008a600000|100%| E|CS|TAMS 0x000000008a500000, 0x000000008a500000| Complete 
| 166|0x000000008a600000, 0x000000008a700000, 0x000000008a700000|100%| E|CS|TAMS 0x000000008a600000, 0x000000008a600000| Complete 
| 167|0x000000008a700000, 0x000000008a800000, 0x000000008a800000|100%| E|CS|TAMS 0x000000008a700000, 0x000000008a700000| Complete 
| 168|0x000000008a800000, 0x000000008a900000, 0x000000008a900000|100%| E|CS|TAMS 0x000000008a800000, 0x000000008a800000| Complete 
| 169|0x000000008a900000, 0x000000008aa00000, 0x000000008aa00000|100%| E|CS|TAMS 0x000000008a900000, 0x000000008a900000| Complete 
| 170|0x000000008aa00000, 0x000000008ab00000, 0x000000008ab00000|100%| E|CS|TAMS 0x000000008aa00000, 0x000000008aa00000| Complete 
| 171|0x000000008ab00000, 0x000000008ac00000, 0x000000008ac00000|100%| E|CS|TAMS 0x000000008ab00000, 0x000000008ab00000| Complete 
| 172|0x000000008ac00000, 0x000000008ad00000, 0x000000008ad00000|100%| E|CS|TAMS 0x000000008ac00000, 0x000000008ac00000| Complete 
| 173|0x000000008ad00000, 0x000000008ae00000, 0x000000008ae00000|100%| E|CS|TAMS 0x000000008ad00000, 0x000000008ad00000| Complete 
| 174|0x000000008ae00000, 0x000000008af00000, 0x000000008af00000|100%| E|CS|TAMS 0x000000008ae00000, 0x000000008ae00000| Complete 
| 175|0x000000008af00000, 0x000000008b000000, 0x000000008b000000|100%| E|CS|TAMS 0x000000008af00000, 0x000000008af00000| Complete 
| 176|0x000000008b000000, 0x000000008b100000, 0x000000008b100000|100%| E|CS|TAMS 0x000000008b000000, 0x000000008b000000| Complete 
| 177|0x000000008b100000, 0x000000008b200000, 0x000000008b200000|100%| E|CS|TAMS 0x000000008b100000, 0x000000008b100000| Complete 
| 178|0x000000008b200000, 0x000000008b300000, 0x000000008b300000|100%| E|CS|TAMS 0x000000008b200000, 0x000000008b200000| Complete 
| 179|0x000000008b300000, 0x000000008b400000, 0x000000008b400000|100%| E|CS|TAMS 0x000000008b300000, 0x000000008b300000| Complete 
| 180|0x000000008b400000, 0x000000008b500000, 0x000000008b500000|100%| E|CS|TAMS 0x000000008b400000, 0x000000008b400000| Complete 
| 181|0x000000008b500000, 0x000000008b600000, 0x000000008b600000|100%| E|CS|TAMS 0x000000008b500000, 0x000000008b500000| Complete 
| 182|0x000000008b600000, 0x000000008b700000, 0x000000008b700000|100%| E|CS|TAMS 0x000000008b600000, 0x000000008b600000| Complete 

Card table byte_map: [0x0000025eda1a0000,0x0000025eda5a0000] _byte_map_base: 0x0000025ed9da0000

Marking Bits (Prev, Next): (CMBitMap*) 0x0000025ec51ea810, (CMBitMap*) 0x0000025ec51ea7d8
 Prev Bits: [0x0000025edc9a0000, 0x0000025ede9a0000)
 Next Bits: [0x0000025eda9a0000, 0x0000025edc9a0000)

Polling page: 0x0000025ec5290000

Metaspace:

Usage:
  Non-class:     75.29 MB capacity,    73.99 MB ( 98%) used,     1.07 MB (  1%) free+waste,   231.88 KB ( <1%) overhead. 
      Class:     11.60 MB capacity,    10.85 MB ( 94%) used,   662.73 KB (  6%) free+waste,   105.38 KB ( <1%) overhead. 
       Both:     86.89 MB capacity,    84.85 MB ( 98%) used,     1.72 MB (  2%) free+waste,   337.25 KB ( <1%) overhead. 

Virtual space:
  Non-class space:       76.00 MB reserved,      75.50 MB (>99%) committed 
      Class space:        1.00 GB reserved,      11.63 MB (  1%) committed 
             Both:        1.07 GB reserved,      87.13 MB (  8%) committed 

Chunk freelists:
   Non-Class:  24.00 KB
       Class:  0 bytes
        Both:  24.00 KB

MaxMetaspaceSize: 17179869184.00 GB
CompressedClassSpaceSize: 1.00 GB

CodeHeap 'non-profiled nmethods': size=120000Kb used=6023Kb max_used=6023Kb free=113976Kb
 bounds [0x0000025ed1e00000, 0x0000025ed23f0000, 0x0000025ed9330000]
CodeHeap 'profiled nmethods': size=120000Kb used=22561Kb max_used=22561Kb free=97438Kb
 bounds [0x0000025eca8d0000, 0x0000025ecbee0000, 0x0000025ed1e00000]
CodeHeap 'non-nmethods': size=5760Kb used=2277Kb max_used=2323Kb free=3483Kb
 bounds [0x0000025eca330000, 0x0000025eca5a0000, 0x0000025eca8d0000]
 total_blobs=11027 nmethods=10166 adapters=772
 compilation: enabled
              stopped_count=0, restarted_count=0
 full_count=0

Compilation events (20 events):
Event: 8.059 Thread 0x0000025ee1d04800 10406       1       com.android.aaptcompiler.SourcedResourceName::getName (5 bytes)
Event: 8.059 Thread 0x0000025ee1d04800 nmethod 10406 0x0000025ed23e0490 code [0x0000025ed23e0640, 0x0000025ed23e06f8]
Event: 8.070 Thread 0x0000025ee1d04800 10408       3       com.sun.org.apache.xerces.internal.impl.XMLEntityManager::startEntity (140 bytes)
Event: 8.070 Thread 0x0000025ee1d04800 nmethod 10408 0x0000025ecbed4610 code [0x0000025ecbed4880, 0x0000025ecbed52b8]
Event: 8.073 Thread 0x0000025ee1d04800 10409       3       com.android.aaptcompiler.android.ResTableConfig::getBcp47Locale (432 bytes)
Event: 8.075 Thread 0x0000025ee1d04800 nmethod 10409 0x0000025ecbed5690 code [0x0000025ecbed5ae0, 0x0000025ecbed7378]
Event: 8.075 Thread 0x0000025ee1d04800 10410       3       com.sun.org.apache.xerces.internal.impl.XMLDocumentScannerImpl::reset (136 bytes)
Event: 8.075 Thread 0x0000025ee1d04800 nmethod 10410 0x0000025ecbed7d90 code [0x0000025ecbed8020, 0x0000025ecbed8d08]
Event: 8.077 Thread 0x0000025ee21ea000 10411       4       com.android.aapt.Resources$SourcePosition$Builder::buildPartial (34 bytes)
Event: 8.078 Thread 0x0000025ee1d04800 10413       3       com.google.protobuf.CodedOutputStream$AbstractBufferedEncoder::buffer (28 bytes)
Event: 8.078 Thread 0x0000025ee1d04800 nmethod 10413 0x0000025ecbed9110 code [0x0000025ecbed92c0, 0x0000025ecbed93f8]
Event: 8.078 Thread 0x0000025ee21ea000 nmethod 10411 0x0000025ed23e0790 code [0x0000025ed23e0940, 0x0000025ed23e0a88]
Event: 8.078 Thread 0x0000025ee21ea000 10412       4       com.android.aapt.Resources$SourcePosition::writeTo (41 bytes)
Event: 8.079 Thread 0x0000025ee1d04800 10414       3       com.sun.org.apache.xerces.internal.impl.XMLScanner::reset (89 bytes)
Event: 8.079 Thread 0x0000025ee1d04800 nmethod 10414 0x0000025ecbed9510 code [0x0000025ecbed9780, 0x0000025ecbeda3b8]
Event: 8.080 Thread 0x0000025ee21ea000 nmethod 10412 0x0000025ed23e0b90 code [0x0000025ed23e0d60, 0x0000025ed23e0f50]
Event: 8.090 Thread 0x0000025ee1d04800 10415       3       kotlin.jvm.internal.CollectionToArray::toArray (202 bytes)
Event: 8.090 Thread 0x0000025ee1d04800 nmethod 10415 0x0000025ecbeda710 code [0x0000025ecbeda9e0, 0x0000025ecbedb7d8]
Event: 8.103 Thread 0x0000025ee21ea000 10416   !   4       com.sun.xml.internal.stream.XMLEventReaderImpl::hasNext (29 bytes)
Event: 8.104 Thread 0x0000025ee21ea000 nmethod 10416 0x0000025ed23e1210 code [0x0000025ed23e13a0, 0x0000025ed23e1478]

GC Heap History (20 events):
Event: 2.220 GC heap before
{Heap before GC invocations=5 (full 0):
 garbage-first heap   total 129024K, used 61230K [0x0000000080000000, 0x0000000100000000)
  region size 1024K, 47 young (48128K), 3 survivors (3072K)
 Metaspace       used 35082K, capacity 35776K, committed 35840K, reserved 1081344K
  class space    used 4572K, capacity 4859K, committed 4864K, reserved 1048576K
}
Event: 2.225 GC heap after
{Heap after GC invocations=6 (full 0):
 garbage-first heap   total 129024K, used 21363K [0x0000000080000000, 0x0000000100000000)
  region size 1024K, 6 young (6144K), 6 survivors (6144K)
 Metaspace       used 35082K, capacity 35776K, committed 35840K, reserved 1081344K
  class space    used 4572K, capacity 4859K, committed 4864K, reserved 1048576K
}
Event: 2.669 GC heap before
{Heap before GC invocations=7 (full 0):
 garbage-first heap   total 129024K, used 85875K [0x0000000080000000, 0x0000000100000000)
  region size 1024K, 66 young (67584K), 6 survivors (6144K)
 Metaspace       used 40862K, capacity 41733K, committed 41984K, reserved 1085440K
  class space    used 5231K, capacity 5537K, committed 5632K, reserved 1048576K
}
Event: 2.677 GC heap after
{Heap after GC invocations=8 (full 0):
 garbage-first heap   total 155648K, used 25341K [0x0000000080000000, 0x0000000100000000)
  region size 1024K, 8 young (8192K), 8 survivors (8192K)
 Metaspace       used 40862K, capacity 41733K, committed 41984K, reserved 1085440K
  class space    used 5231K, capacity 5537K, committed 5632K, reserved 1048576K
}
Event: 3.179 GC heap before
{Heap before GC invocations=8 (full 0):
 garbage-first heap   total 155648K, used 99069K [0x0000000080000000, 0x0000000100000000)
  region size 1024K, 80 young (81920K), 8 survivors (8192K)
 Metaspace       used 44680K, capacity 45849K, committed 46080K, reserved 1089536K
  class space    used 5739K, capacity 6123K, committed 6144K, reserved 1048576K
}
Event: 3.184 GC heap after
{Heap after GC invocations=9 (full 0):
 garbage-first heap   total 155648K, used 29146K [0x0000000080000000, 0x0000000100000000)
  region size 1024K, 8 young (8192K), 8 survivors (8192K)
 Metaspace       used 44680K, capacity 45849K, committed 46080K, reserved 1089536K
  class space    used 5739K, capacity 6123K, committed 6144K, reserved 1048576K
}
Event: 3.821 GC heap before
{Heap before GC invocations=9 (full 0):
 garbage-first heap   total 155648K, used 109018K [0x0000000080000000, 0x0000000100000000)
  region size 1024K, 81 young (82944K), 8 survivors (8192K)
 Metaspace       used 53550K, capacity 54848K, committed 54912K, reserved 1097728K
  class space    used 6836K, capacity 7291K, committed 7296K, reserved 1048576K
}
Event: 3.828 GC heap after
{Heap after GC invocations=10 (full 0):
 garbage-first heap   total 155648K, used 44101K [0x0000000080000000, 0x0000000100000000)
  region size 1024K, 11 young (11264K), 11 survivors (11264K)
 Metaspace       used 53550K, capacity 54848K, committed 54912K, reserved 1097728K
  class space    used 6836K, capacity 7291K, committed 7296K, reserved 1048576K
}
Event: 4.239 GC heap before
{Heap before GC invocations=10 (full 0):
 garbage-first heap   total 155648K, used 87109K [0x0000000080000000, 0x0000000100000000)
  region size 1024K, 54 young (55296K), 11 survivors (11264K)
 Metaspace       used 58576K, capacity 60008K, committed 60160K, reserved 1101824K
  class space    used 7449K, capacity 7975K, committed 8064K, reserved 1048576K
}
Event: 4.250 GC heap after
{Heap after GC invocations=11 (full 0):
 garbage-first heap   total 155648K, used 49363K [0x0000000080000000, 0x0000000100000000)
  region size 1024K, 6 young (6144K), 6 survivors (6144K)
 Metaspace       used 58576K, capacity 60008K, committed 60160K, reserved 1101824K
  class space    used 7449K, capacity 7975K, committed 8064K, reserved 1048576K
}
Event: 4.679 GC heap before
{Heap before GC invocations=12 (full 0):
 garbage-first heap   total 155648K, used 107731K [0x0000000080000000, 0x0000000100000000)
  region size 1024K, 63 young (64512K), 6 survivors (6144K)
 Metaspace       used 62581K, capacity 64069K, committed 64384K, reserved 1105920K
  class space    used 7938K, capacity 8493K, committed 8576K, reserved 1048576K
}
Event: 4.686 GC heap after
{Heap after GC invocations=13 (full 0):
 garbage-first heap   total 187392K, used 52994K [0x0000000080000000, 0x0000000100000000)
  region size 1024K, 5 young (5120K), 5 survivors (5120K)
 Metaspace       used 62581K, capacity 64069K, committed 64384K, reserved 1105920K
  class space    used 7938K, capacity 8493K, committed 8576K, reserved 1048576K
}
Event: 5.336 GC heap before
{Heap before GC invocations=13 (full 0):
 garbage-first heap   total 187392K, used 124674K [0x0000000080000000, 0x0000000100000000)
  region size 1024K, 75 young (76800K), 5 survivors (5120K)
 Metaspace       used 70473K, capacity 72075K, committed 72320K, reserved 1112064K
  class space    used 9237K, capacity 9830K, committed 9856K, reserved 1048576K
}
Event: 5.341 GC heap after
{Heap after GC invocations=14 (full 0):
 garbage-first heap   total 187392K, used 56592K [0x0000000080000000, 0x0000000100000000)
  region size 1024K, 9 young (9216K), 9 survivors (9216K)
 Metaspace       used 70473K, capacity 72075K, committed 72320K, reserved 1112064K
  class space    used 9237K, capacity 9830K, committed 9856K, reserved 1048576K
}
Event: 6.112 GC heap before
{Heap before GC invocations=14 (full 0):
 garbage-first heap   total 187392K, used 129296K [0x0000000080000000, 0x0000000100000000)
  region size 1024K, 81 young (82944K), 9 survivors (9216K)
 Metaspace       used 77780K, capacity 79563K, committed 79744K, reserved 1118208K
  class space    used 10133K, capacity 10766K, committed 10880K, reserved 1048576K
}
Event: 6.119 GC heap after
{Heap after GC invocations=15 (full 0):
 garbage-first heap   total 187392K, used 61753K [0x0000000080000000, 0x0000000100000000)
  region size 1024K, 9 young (9216K), 9 survivors (9216K)
 Metaspace       used 77780K, capacity 79563K, committed 79744K, reserved 1118208K
  class space    used 10133K, capacity 10766K, committed 10880K, reserved 1048576K
}
Event: 6.651 GC heap before
{Heap before GC invocations=15 (full 0):
 garbage-first heap   total 187392K, used 134457K [0x0000000080000000, 0x0000000100000000)
  region size 1024K, 81 young (82944K), 9 survivors (9216K)
 Metaspace       used 79124K, capacity 81124K, committed 81280K, reserved 1120256K
  class space    used 10295K, capacity 11013K, committed 11136K, reserved 1048576K
}
Event: 6.659 GC heap after
{Heap after GC invocations=16 (full 0):
 garbage-first heap   total 187392K, used 66341K [0x0000000080000000, 0x0000000100000000)
  region size 1024K, 10 young (10240K), 10 survivors (10240K)
 Metaspace       used 79124K, capacity 81124K, committed 81280K, reserved 1120256K
  class space    used 10295K, capacity 11013K, committed 11136K, reserved 1048576K
}
Event: 7.251 GC heap before
{Heap before GC invocations=16 (full 0):
 garbage-first heap   total 187392K, used 138021K [0x0000000080000000, 0x0000000100000000)
  region size 1024K, 81 young (82944K), 10 survivors (10240K)
 Metaspace       used 84195K, capacity 86339K, committed 86528K, reserved 1124352K
  class space    used 10927K, capacity 11689K, committed 11776K, reserved 1048576K
}
Event: 7.259 GC heap after
{Heap after GC invocations=17 (full 0):
 garbage-first heap   total 187392K, used 69957K [0x0000000080000000, 0x0000000100000000)
  region size 1024K, 8 young (8192K), 8 survivors (8192K)
 Metaspace       used 84195K, capacity 86339K, committed 86528K, reserved 1124352K
  class space    used 10927K, capacity 11689K, committed 11776K, reserved 1048576K
}

Deoptimization events (20 events):
Event: 7.864 Thread 0x0000025ee7eb1000 DEOPT PACKING pc=0x0000025ed2382194 sp=0x000000bb9dbfe1e0
Event: 7.864 Thread 0x0000025ee7eb1000 DEOPT UNPACKING pc=0x0000025eca33822f sp=0x000000bb9dbfe128 mode 2
Event: 7.882 Thread 0x0000025ee7ebb800 DEOPT PACKING pc=0x0000025ecb835731 sp=0x000000bb9e5fb860
Event: 7.882 Thread 0x0000025ee7ebb800 DEOPT UNPACKING pc=0x0000025eca358ade sp=0x000000bb9e5fad28 mode 0
Event: 7.883 Thread 0x0000025ee7ebd000 Uncommon trap: trap_request=0xffffff4d fr.pc=0x0000025ed23b2038 relative=0x00000000000000f8
Event: 7.883 Thread 0x0000025ee7ebd000 Uncommon trap: reason=unstable_if action=reinterpret pc=0x0000025ed23b2038 method=com.android.aapt.Resources$SourcePosition.getSerializedSize()I @ 18 c2
Event: 7.883 Thread 0x0000025ee7ebd000 DEOPT PACKING pc=0x0000025ed23b2038 sp=0x000000bb9e6fb760
Event: 7.883 Thread 0x0000025ee7ebd000 DEOPT UNPACKING pc=0x0000025eca33822f sp=0x000000bb9e6fb6f0 mode 2
Event: 7.883 Thread 0x0000025ee7eb8000 Uncommon trap: trap_request=0xffffff4d fr.pc=0x0000025ed21ceaf0 relative=0x00000000000004b0
Event: 7.883 Thread 0x0000025ee7eb8000 Uncommon trap: reason=unstable_if action=reinterpret pc=0x0000025ed21ceaf0 method=java.util.concurrent.ConcurrentLinkedQueue.poll()Ljava/lang/Object; @ 24 c2
Event: 7.883 Thread 0x0000025ee7eb8000 DEOPT PACKING pc=0x0000025ed21ceaf0 sp=0x000000bb9dffaf30
Event: 7.883 Thread 0x0000025ee7eb8000 DEOPT UNPACKING pc=0x0000025eca33822f sp=0x000000bb9dffaee8 mode 2
Event: 7.911 Thread 0x0000025ee7eb6800 DEOPT PACKING pc=0x0000025ecbc7e7f0 sp=0x000000bb9defe410
Event: 7.911 Thread 0x0000025ee7eb6800 DEOPT UNPACKING pc=0x0000025eca358ade sp=0x000000bb9defd8c8 mode 0
Event: 7.918 Thread 0x0000025ee7eb6800 DEOPT PACKING pc=0x0000025ecbc7e7f0 sp=0x000000bb9defe410
Event: 7.918 Thread 0x0000025ee7eb6800 DEOPT UNPACKING pc=0x0000025eca358ade sp=0x000000bb9defd8c8 mode 0
Event: 7.940 Thread 0x0000025ee7eb1000 Uncommon trap: trap_request=0xffffff4d fr.pc=0x0000025ed237c34c relative=0x000000000000116c
Event: 7.940 Thread 0x0000025ee7eb1000 Uncommon trap: reason=unstable_if action=reinterpret pc=0x0000025ed237c34c method=java.io.BufferedOutputStream.flushBuffer()V @ 4 c2
Event: 7.940 Thread 0x0000025ee7eb1000 DEOPT PACKING pc=0x0000025ed237c34c sp=0x000000bb9dbfe1d0
Event: 7.940 Thread 0x0000025ee7eb1000 DEOPT UNPACKING pc=0x0000025eca33822f sp=0x000000bb9dbfe160 mode 2

Classes redefined (0 events):
No events

Internal exceptions (20 events):
Event: 6.693 Thread 0x0000025ee778b000 Exception <a 'java/lang/NoSuchMethodError'{0x000000008ae06150}: 'java.lang.Object java.lang.invoke.DirectMethodHandle$Holder.invokeStatic(java.lang.Object, java.lang.Object, int, java.lang.Object)'> (0x000000008ae06150) thrown at [./src/hotspot/share/interpreter/linkResolver.cpp, line 773]
Event: 6.693 Thread 0x0000025ee778b000 Exception <a 'java/lang/NoSuchMethodError'{0x000000008ae09e48}: 'java.lang.Object java.lang.invoke.Invokers$Holder.linkToTargetMethod(java.lang.Object, int, java.lang.Object, java.lang.Object)'> (0x000000008ae09e48) thrown at [./src/hotspot/share/interpreter/linkResolver.cpp, line 773]
Event: 6.695 Thread 0x0000025ee778b000 Exception <a 'java/lang/NoSuchMethodError'{0x000000008ae20628}: 'void java.lang.invoke.DirectMethodHandle$Holder.invokeVirtual(java.lang.Object, java.lang.Object)'> (0x000000008ae20628) thrown at [./src/hotspot/share/interpreter/linkResolver.cpp, line 773]
Event: 6.906 Thread 0x0000025ee778b000 Implicit null exception at 0x0000025ed211ea94 to 0x0000025ed211f0c4
Event: 6.952 Thread 0x0000025ee391a000 Exception <a 'java/lang/NoSuchMethodError'{0x000000008971b390}: <clinit>> (0x000000008971b390) thrown at [./src/hotspot/share/prims/jni.cpp, line 1362]
Event: 7.232 Thread 0x0000025ee778b000 Exception <a 'java/lang/NoSuchMethodError'{0x00000000871cfd90}: <clinit>> (0x00000000871cfd90) thrown at [./src/hotspot/share/prims/jni.cpp, line 1362]
Event: 7.233 Thread 0x0000025ee778b000 Exception <a 'java/lang/NoSuchMethodError'{0x00000000871d10b0}: <clinit>> (0x00000000871d10b0) thrown at [./src/hotspot/share/prims/jni.cpp, line 1362]
Event: 7.233 Thread 0x0000025ee778b000 Exception <a 'java/lang/NoSuchMethodError'{0x00000000871d3578}: <clinit>> (0x00000000871d3578) thrown at [./src/hotspot/share/prims/jni.cpp, line 1362]
Event: 7.233 Thread 0x0000025ee778b000 Exception <a 'java/lang/NoSuchMethodError'{0x00000000871ea140}: <clinit>> (0x00000000871ea140) thrown at [./src/hotspot/share/prims/jni.cpp, line 1362]
Event: 7.233 Thread 0x0000025ee778b000 Exception <a 'java/lang/NoSuchMethodError'{0x00000000871eb378}: <clinit>> (0x00000000871eb378) thrown at [./src/hotspot/share/prims/jni.cpp, line 1362]
Event: 7.261 Thread 0x0000025ee7eb7800 Exception <a 'sun/nio/fs/WindowsException'{0x000000008b613350}> (0x000000008b613350) thrown at [./src/hotspot/share/prims/jni.cpp, line 615]
Event: 7.266 Thread 0x0000025ee7eb7800 Exception <a 'sun/nio/fs/WindowsException'{0x000000008b641c48}> (0x000000008b641c48) thrown at [./src/hotspot/share/prims/jni.cpp, line 615]
Event: 7.297 Thread 0x0000025ee7eb7800 Exception <a 'sun/nio/fs/WindowsException'{0x000000008b6451d8}> (0x000000008b6451d8) thrown at [./src/hotspot/share/prims/jni.cpp, line 615]
Event: 7.811 Thread 0x0000025ee7eb2800 Exception <a 'java/lang/NoSuchMethodError'{0x000000008a6b6c00}: 'void java.lang.invoke.DirectMethodHandle$Holder.invokeStatic(java.lang.Object, long)'> (0x000000008a6b6c00) thrown at [./src/hotspot/share/interpreter/linkResolver.cpp, line 773]
Event: 7.812 Thread 0x0000025ee7eb2800 Exception <a 'java/lang/NoSuchMethodError'{0x0000000089199ea8}: 'java.lang.Object java.lang.invoke.DirectMethodHandle$Holder.invokeStatic(java.lang.Object, long)'> (0x0000000089199ea8) thrown at [./src/hotspot/share/interpreter/linkResolver.cpp, line 773]
Event: 7.814 Thread 0x0000025ee7eb2800 Exception <a 'java/lang/NoSuchMethodError'{0x00000000891a8b68}: 'java.lang.Object java.lang.invoke.DirectMethodHandle$Holder.invokeStaticInit(java.lang.Object, java.lang.Object, long, java.lang.Object)'> (0x00000000891a8b68) thrown at [./src/hotspot/share/interpreter/linkResolver.cpp, line 773]
Event: 7.814 Thread 0x0000025ee7eb2800 Exception <a 'java/lang/NoSuchMethodError'{0x00000000891c2a28}: 'java.lang.Object java.lang.invoke.DirectMethodHandle$Holder.invokeStatic(java.lang.Object, java.lang.Object, long)'> (0x00000000891c2a28) thrown at [./src/hotspot/share/interpreter/linkResolver.cpp, line 773]
Event: 7.815 Thread 0x0000025ee7eb2800 Exception <a 'java/lang/NoSuchMethodError'{0x00000000891c94f0}: 'java.lang.Object java.lang.invoke.Invokers$Holder.linkToTargetMethod(java.lang.Object, long, java.lang.Object)'> (0x00000000891c94f0) thrown at [./src/hotspot/share/interpreter/linkResolver.cpp, line 773]
Event: 7.857 Thread 0x0000025ee7eb2800 Exception <a 'java/io/IOException'{0x00000000891d47f8}> (0x00000000891d47f8) thrown at [./src/hotspot/share/prims/jni.cpp, line 615]
Event: 7.857 Thread 0x0000025ee7eb9000 Exception <a 'java/io/IOException'{0x0000000088fef878}> (0x0000000088fef878) thrown at [./src/hotspot/share/prims/jni.cpp, line 615]

Events (20 events):
Event: 7.856 Executing VM operation: RevokeBias done
Event: 7.856 Thread 0x0000025ee6ac5000 Thread exited: 0x0000025ee6ac5000
Event: 7.856 Executing VM operation: RevokeBias
Event: 7.856 Thread 0x0000025ee6ac0000 Thread exited: 0x0000025ee6ac0000
Event: 7.856 Executing VM operation: RevokeBias done
Event: 7.857 Thread 0x0000025ee6ac1800 Thread exited: 0x0000025ee6ac1800
Event: 7.857 Thread 0x0000025ee6ac6800 Thread exited: 0x0000025ee6ac6800
Event: 7.857 loading class org/gradle/internal/Try
Event: 7.857 loading class org/gradle/internal/Try done
Event: 7.857 loading class org/gradle/internal/execution/Result
Event: 7.857 loading class org/gradle/internal/execution/Result done
Event: 7.858 Executing VM operation: RevokeBias
Event: 7.858 Executing VM operation: RevokeBias done
Event: 7.858 Executing VM operation: RevokeBias
Event: 7.859 Executing VM operation: RevokeBias done
Event: 7.859 Thread 0x0000025ee21ef000 Thread exited: 0x0000025ee21ef000
Event: 7.863 Executing VM operation: RevokeBias
Event: 7.864 Executing VM operation: RevokeBias done
Event: 7.881 loading class com/android/aaptcompiler/XmlProcessorKt
Event: 7.881 loading class com/android/aaptcompiler/XmlProcessorKt done


Dynamic libraries:
0x00007ff7c8190000 - 0x00007ff7c819a000 	C:\Program Files\Android\Android Studio\jre\bin\java.exe
0x00007fff62a90000 - 0x00007fff62c85000 	C:\Windows\SYSTEM32\ntdll.dll
0x00007fff627e0000 - 0x00007fff6289e000 	C:\Windows\System32\KERNEL32.DLL
0x00007fff60700000 - 0x00007fff609c8000 	C:\Windows\System32\KERNELBASE.dll
0x00007fff60330000 - 0x00007fff60430000 	C:\Windows\System32\ucrtbase.dll
0x00007fff5b680000 - 0x00007fff5b699000 	C:\Program Files\Android\Android Studio\jre\bin\jli.dll
0x00007fff59300000 - 0x00007fff59317000 	C:\Program Files\Android\Android Studio\jre\bin\VCRUNTIME140.dll
0x00007fff60af0000 - 0x00007fff60c90000 	C:\Windows\System32\USER32.dll
0x00007fff606d0000 - 0x00007fff606f2000 	C:\Windows\System32\win32u.dll
0x00007fff4c4d0000 - 0x00007fff4c76a000 	C:\Windows\WinSxS\amd64_microsoft.windows.common-controls_6595b64144ccf1df_6.0.19041.1110_none_60b5254171f9507e\COMCTL32.dll
0x00007fff61090000 - 0x00007fff610bb000 	C:\Windows\System32\GDI32.dll
0x00007fff61cd0000 - 0x00007fff61d6e000 	C:\Windows\System32\msvcrt.dll
0x00007fff60220000 - 0x00007fff6032b000 	C:\Windows\System32\gdi32full.dll
0x00007fff60a50000 - 0x00007fff60aed000 	C:\Windows\System32\msvcp_win.dll
0x00007fff61fc0000 - 0x00007fff61ff0000 	C:\Windows\System32\IMM32.DLL
0x00007fff2de70000 - 0x00007fff2df0d000 	C:\Program Files\Android\Android Studio\jre\bin\msvcp140.dll
0x00007ffedd6f0000 - 0x00007ffede1ac000 	C:\Program Files\Android\Android Studio\jre\bin\server\jvm.dll
0x00007fff60d70000 - 0x00007fff60e1e000 	C:\Windows\System32\ADVAPI32.dll
0x00007fff62180000 - 0x00007fff6221c000 	C:\Windows\System32\sechost.dll
0x00007fff61d70000 - 0x00007fff61e95000 	C:\Windows\System32\RPCRT4.dll
0x00007fff61b70000 - 0x00007fff61b78000 	C:\Windows\System32\PSAPI.DLL
0x00007fff4c240000 - 0x00007fff4c267000 	C:\Windows\SYSTEM32\WINMM.dll
0x00007fff57bb0000 - 0x00007fff57bb9000 	C:\Windows\SYSTEM32\WSOCK32.dll
0x00007fff53d10000 - 0x00007fff53d1a000 	C:\Windows\SYSTEM32\VERSION.dll
0x00007fff622a0000 - 0x00007fff6230b000 	C:\Windows\System32\WS2_32.dll
0x00007fff5ea50000 - 0x00007fff5ea62000 	C:\Windows\SYSTEM32\kernel.appcore.dll
0x00007fff2eaf0000 - 0x00007fff2eb01000 	C:\Program Files\Android\Android Studio\jre\bin\verify.dll
0x00007fff5de00000 - 0x00007fff5dfe4000 	C:\Windows\SYSTEM32\DBGHELP.DLL
0x00007fff51e90000 - 0x00007fff51ebc000 	C:\Windows\SYSTEM32\dbgcore.DLL
0x00007fff604e0000 - 0x00007fff60562000 	C:\Windows\System32\bcryptPrimitives.dll
0x00007ffee7570000 - 0x00007ffee7599000 	C:\Program Files\Android\Android Studio\jre\bin\java.dll
0x00007fff3aaf0000 - 0x00007fff3aafb000 	C:\Program Files\Android\Android Studio\jre\bin\jimage.dll
0x00007fff15160000 - 0x00007fff15178000 	C:\Program Files\Android\Android Studio\jre\bin\zip.dll
0x00007fff61420000 - 0x00007fff61b64000 	C:\Windows\System32\SHELL32.dll
0x00007fff5e2a0000 - 0x00007fff5ea34000 	C:\Windows\SYSTEM32\windows.storage.dll
0x00007fff610c0000 - 0x00007fff61414000 	C:\Windows\System32\combase.dll
0x00007fff5fc10000 - 0x00007fff5fc3c000 	C:\Windows\SYSTEM32\Wldp.dll
0x00007fff60fe0000 - 0x00007fff6108d000 	C:\Windows\System32\SHCORE.dll
0x00007fff60f80000 - 0x00007fff60fd5000 	C:\Windows\System32\shlwapi.dll
0x00007fff600f0000 - 0x00007fff6010f000 	C:\Windows\SYSTEM32\profapi.dll
0x00007ffee3d90000 - 0x00007ffee3daa000 	C:\Program Files\Android\Android Studio\jre\bin\net.dll
0x00007fff5a210000 - 0x00007fff5a319000 	C:\Windows\SYSTEM32\WINHTTP.dll
0x00007fff5f970000 - 0x00007fff5f9da000 	C:\Windows\system32\mswsock.dll
0x00007ffee3d70000 - 0x00007ffee3d84000 	C:\Program Files\Android\Android Studio\jre\bin\nio.dll
0x00007fff35680000 - 0x00007fff356a7000 	C:\Users\EdyPo\.gradle\native\fdc75f09e3144964f2cf3f50f0aa648679c211496f362492102eb8c894070792\windows-amd64\native-platform.dll
0x00007fff29690000 - 0x00007fff29826000 	C:\Users\EdyPo\.gradle\native\12488b8bf47d2d4c9fbf2f6322a914ad602e24e48041cd04a747c6da556b65c4\windows-amd64\native-platform-file-events.dll
0x00007fff35de0000 - 0x00007fff35dea000 	C:\Program Files\Android\Android Studio\jre\bin\management.dll
0x00007fff35700000 - 0x00007fff3570c000 	C:\Program Files\Android\Android Studio\jre\bin\management_ext.dll
0x00007fff5fb60000 - 0x00007fff5fb78000 	C:\Windows\SYSTEM32\CRYPTSP.dll
0x00007fff5f280000 - 0x00007fff5f2b4000 	C:\Windows\system32\rsaenh.dll
0x00007fff60a20000 - 0x00007fff60a47000 	C:\Windows\System32\bcrypt.dll
0x00007fff60070000 - 0x00007fff6009e000 	C:\Windows\SYSTEM32\USERENV.dll
0x00007fff5fb80000 - 0x00007fff5fb8c000 	C:\Windows\SYSTEM32\CRYPTBASE.dll
0x00007fff5f610000 - 0x00007fff5f64b000 	C:\Windows\SYSTEM32\IPHLPAPI.DLL
0x00007fff60d40000 - 0x00007fff60d48000 	C:\Windows\System32\NSI.dll
0x00007fff55140000 - 0x00007fff55157000 	C:\Windows\SYSTEM32\dhcpcsvc6.DLL
0x00007fff550c0000 - 0x00007fff550dd000 	C:\Windows\SYSTEM32\dhcpcsvc.DLL
0x00007fff5f660000 - 0x00007fff5f72a000 	C:\Windows\SYSTEM32\DNSAPI.dll
0x00007fff5aae0000 - 0x00007fff5aaeb000 	C:\Windows\SYSTEM32\WINNSI.DLL
0x00007fff5d630000 - 0x00007fff5d6c0000 	C:\Windows\system32\apphelp.dll

dbghelp: loaded successfully - version: 4.0.5 - missing functions: none
symbol engine: initialized successfully - sym options: 0x614 - pdb path: .;C:\Program Files\Android\Android Studio\jre\bin;C:\Windows\SYSTEM32;C:\Windows\WinSxS\amd64_microsoft.windows.common-controls_6595b64144ccf1df_6.0.19041.1110_none_60b5254171f9507e;C:\Program Files\Android\Android Studio\jre\bin\server;C:\Users\EdyPo\.gradle\native\fdc75f09e3144964f2cf3f50f0aa648679c211496f362492102eb8c894070792\windows-amd64;C:\Users\EdyPo\.gradle\native\12488b8bf47d2d4c9fbf2f6322a914ad602e24e48041cd04a747c6da556b65c4\windows-amd64

VM Arguments:
jvm_args: --add-opens=java.base/java.util=ALL-UNNAMED --add-opens=java.base/java.lang=ALL-UNNAMED --add-opens=java.base/java.lang.invoke=ALL-UNNAMED --add-opens=java.prefs/java.util.prefs=ALL-UNNAMED -Xmx2048m -Dfile.encoding=UTF-8 -Duser.country=ID -Duser.language=en -Duser.variant 
java_command: org.gradle.launcher.daemon.bootstrap.GradleDaemon 6.7.1
java_class_path (initial): C:\Users\EdyPo\.gradle\wrapper\dists\gradle-6.7.1-bin\bwlcbys1h7rz3272sye1xwiv6\gradle-6.7.1\lib\gradle-launcher-6.7.1.jar
Launcher Type: SUN_STANDARD

[Global flags]
     intx CICompilerCount                          = 4                                         {product} {ergonomic}
     uint ConcGCThreads                            = 2                                         {product} {ergonomic}
     uint G1ConcRefinementThreads                  = 8                                         {product} {ergonomic}
   size_t G1HeapRegionSize                         = 1048576                                   {product} {ergonomic}
    uintx GCDrainStackTargetSize                   = 64                                        {product} {ergonomic}
   size_t InitialHeapSize                          = 132120576                                 {product} {ergonomic}
   size_t MarkStackSize                            = 4194304                                   {product} {ergonomic}
   size_t MaxHeapSize                              = 2147483648                                {product} {command line}
   size_t MaxNewSize                               = 1287651328                                {product} {ergonomic}
   size_t MinHeapDeltaBytes                        = 1048576                                   {product} {ergonomic}
    uintx NonNMethodCodeHeapSize                   = 5836300                                {pd product} {ergonomic}
    uintx NonProfiledCodeHeapSize                  = 122910970                              {pd product} {ergonomic}
    uintx ProfiledCodeHeapSize                     = 122910970                              {pd product} {ergonomic}
    uintx ReservedCodeCacheSize                    = 251658240                              {pd product} {ergonomic}
     bool SegmentedCodeCache                       = true                                      {product} {ergonomic}
     bool UseCompressedClassPointers               = true                                 {lp64_product} {ergonomic}
     bool UseCompressedOops                        = true                                 {lp64_product} {ergonomic}
     bool UseG1GC                                  = true                                      {product} {ergonomic}
     bool UseLargePagesIndividualAllocation        = false                                  {pd product} {ergonomic}

Logging:
Log output configuration:
 #0: stdout all=warning uptime,level,tags
 #1: stderr all=off uptime,level,tags

Environment Variables:
PATH=C:\ProgramData\Oracle\Java\javapath;C:\Windows\system32;C:\Windows;C:\Windows\System32\Wbem;C:\Windows\System32\WindowsPowerShell\v1.0\;C:\Windows\System32\OpenSSH\;V:\Git\cmd;C:\Program Files\nodejs\;C:\Users\EdyPo\AppData\Local\Microsoft\WindowsApps;C:\Users\EdyPo\AppData\Roaming\npm;C:\Users\EdyPo\AppData\Local\Programs\Microsoft VS Code\bin
USERNAME=EdyPo
OS=Windows_NT
PROCESSOR_IDENTIFIER=Intel64 Family 6 Model 140 Stepping 1, GenuineIntel



---------------  S Y S T E M  ---------------

OS: Windows 10 , 64 bit Build 19041 (10.0.19041.1566)
OS uptime: 0 days 1:33 hours

CPU:total 8 (initial active 8) (4 cores per cpu, 2 threads per core) family 6 model 140 stepping 1, cmov, cx8, fxsr, mmx, sse, sse2, sse3, ssse3, sse4.1, sse4.2, popcnt, avx, avx2, aes, clmul, erms, 3dnowpref, lzcnt, ht, tsc, tscinvbit, bmi1, bmi2, adx, evex, sha, fma

Memory: 4k page, system-wide physical 7991M (488M free)
TotalPageFile size 12536M (AvailPageFile size 5M)
current process WorkingSet (physical memory assigned to process): 442M, peak: 442M
current process commit charge ("private bytes"): 481M, peak: 483M

vm_info: OpenJDK 64-Bit Server VM (11.0.8+10-b944.6842174) for windows-amd64 JRE (11.0.8+10-b944.6842174), built on Sep 19 2020 01:11:42 by "builder" with MS VC++ 14.0 (VS2015)

END.
